<?xml version="1.0" encoding="utf-8"?>
<CoverageSession xmlns:xsd="http://www.w3.org/2001/XMLSchema" xmlns:xsi="http://www.w3.org/2001/XMLSchema-instance" Version="0.0.0.0">
  <Summary numSequencePoints="1188" visitedSequencePoints="62" numBranchPoints="0" visitedBranchPoints="0" sequenceCoverage="5.22" branchCoverage="0.0" maxCyclomaticComplexity="0" minCyclomaticComplexity="0" maxCrapScore="0" minCrapScore="0" visitedClasses="14" numClasses="48" visitedMethods="14" numMethods="207" />
  <Modules>
    <Module>
      <Summary numSequencePoints="1188" visitedSequencePoints="62" numBranchPoints="0" visitedBranchPoints="0" sequenceCoverage="5.22" branchCoverage="0.0" maxCyclomaticComplexity="0" minCyclomaticComplexity="0" maxCrapScore="0" minCrapScore="0" visitedClasses="14" numClasses="48" visitedMethods="14" numMethods="207" />
      <ModuleTime>0001-01-01T00:00:00</ModuleTime>
      <ModuleName>Unity.XR.Interaction.Toolkit</ModuleName>
      <Files>
        <File uid="17" fullPath="./Library/PackageCache/com.unity.xr.interaction.toolkit@9b07900cb163/Runtime/Utilities/EditorComponentLocatorUtility.cs" />
        <File uid="18" fullPath="./Library/PackageCache/com.unity.xr.interaction.toolkit@9b07900cb163/Runtime/Interaction/Attributes/CanFocusMultipleAttribute.cs" />
        <File uid="19" fullPath="./Library/PackageCache/com.unity.xr.interaction.toolkit@9b07900cb163/Runtime/Interaction/Attributes/CanSelectMultipleAttribute.cs" />
        <File uid="20" fullPath="./Library/PackageCache/com.unity.xr.interaction.toolkit@9b07900cb163/Runtime/Interaction/Controllers/ActionBasedController.cs" />
        <File uid="21" fullPath="./Library/PackageCache/com.unity.xr.interaction.toolkit@9b07900cb163/Runtime/Interaction/Controllers/InteractionState.cs" />
        <File uid="22" fullPath="./Library/PackageCache/com.unity.xr.interaction.toolkit@9b07900cb163/Runtime/Interaction/Controllers/InteractionState.deprecated.cs" />
        <File uid="23" fullPath="./Library/PackageCache/com.unity.xr.interaction.toolkit@9b07900cb163/Runtime/Interaction/Controllers/XRBaseController.cs" />
        <File uid="24" fullPath="./Library/PackageCache/com.unity.xr.interaction.toolkit@9b07900cb163/Runtime/Interaction/Controllers/XRController.cs" />
        <File uid="25" fullPath="./Library/PackageCache/com.unity.xr.interaction.toolkit@9b07900cb163/Runtime/Interaction/Controllers/XRControllerRecorder.cs" />
        <File uid="26" fullPath="./Library/PackageCache/com.unity.xr.interaction.toolkit@9b07900cb163/Runtime/Interaction/Controllers/XRControllerRecorder.deprecated.cs" />
        <File uid="27" fullPath="./Library/PackageCache/com.unity.xr.interaction.toolkit@9b07900cb163/Runtime/Interaction/Controllers/XRControllerRecording.cs" />
        <File uid="28" fullPath="./Library/PackageCache/com.unity.xr.interaction.toolkit@9b07900cb163/Runtime/Interaction/Controllers/XRControllerRecording.deprecated.cs" />
        <File uid="29" fullPath="./Library/PackageCache/com.unity.xr.interaction.toolkit@9b07900cb163/Runtime/Interaction/Controllers/XRControllerState.cs" />
        <File uid="30" fullPath="./Library/PackageCache/com.unity.xr.interaction.toolkit@9b07900cb163/Runtime/Interaction/Controllers/XRControllerState.deprecated.cs" />
        <File uid="31" fullPath="./Library/PackageCache/com.unity.xr.interaction.toolkit@9b07900cb163/Runtime/Interaction/Controllers/XRScreenSpaceController.cs" />
        <File uid="32" fullPath="./Library/PackageCache/com.unity.xr.interaction.toolkit@9b07900cb163/Runtime/Interaction/Interactors/XRBaseControllerInteractor.cs" />
        <File uid="33" fullPath="./Library/PackageCache/com.unity.xr.interaction.toolkit@9b07900cb163/Runtime/Interaction/Layers/InteractionLayerMask.cs" />
        <File uid="34" fullPath="./Library/PackageCache/com.unity.xr.interaction.toolkit@9b07900cb163/Runtime/Interaction/Layers/InteractionLayerSettings.cs" />
        <File uid="35" fullPath="./Library/PackageCache/com.unity.xr.interaction.toolkit@9b07900cb163/Runtime/Interaction/XRInteractionEvents.cs" />
        <File uid="36" fullPath="./Library/PackageCache/com.unity.xr.interaction.toolkit@9b07900cb163/Runtime/Interaction/XRInteractionEvents.deprecated.cs" />
        <File uid="37" fullPath="./Library/PackageCache/com.unity.xr.interaction.toolkit@9b07900cb163/Runtime/Interaction/XRInteractionManager.cs" />
        <File uid="38" fullPath="./Library/PackageCache/com.unity.xr.interaction.toolkit@9b07900cb163/Runtime/Interaction/XRInteractionManager.deprecated.cs" />
        <File uid="39" fullPath="./Library/PackageCache/com.unity.xr.interaction.toolkit@9b07900cb163/Runtime/Locomotion/Legacy/ActionBasedContinuousMoveProvider.cs" />
        <File uid="40" fullPath="./Library/PackageCache/com.unity.xr.interaction.toolkit@9b07900cb163/Runtime/Locomotion/Legacy/ActionBasedContinuousTurnProvider.cs" />
        <File uid="41" fullPath="./Library/PackageCache/com.unity.xr.interaction.toolkit@9b07900cb163/Runtime/Locomotion/Legacy/ActionBasedSnapTurnProvider.cs" />
        <File uid="42" fullPath="./Library/PackageCache/com.unity.xr.interaction.toolkit@9b07900cb163/Runtime/Locomotion/Legacy/CharacterControllerDriver.cs" />
        <File uid="43" fullPath="./Library/PackageCache/com.unity.xr.interaction.toolkit@9b07900cb163/Runtime/Locomotion/Legacy/ContinuousMoveProviderBase.cs" />
        <File uid="44" fullPath="./Library/PackageCache/com.unity.xr.interaction.toolkit@9b07900cb163/Runtime/Locomotion/Legacy/ContinuousTurnProviderBase.cs" />
        <File uid="45" fullPath="./Library/PackageCache/com.unity.xr.interaction.toolkit@9b07900cb163/Runtime/Locomotion/Legacy/DeviceBasedContinuousMoveProvider.cs" />
        <File uid="46" fullPath="./Library/PackageCache/com.unity.xr.interaction.toolkit@9b07900cb163/Runtime/Locomotion/Legacy/DeviceBasedContinuousTurnProvider.cs" />
        <File uid="47" fullPath="./Library/PackageCache/com.unity.xr.interaction.toolkit@9b07900cb163/Runtime/Locomotion/Legacy/DeviceBasedSnapTurnProvider.cs" />
        <File uid="48" fullPath="./Library/PackageCache/com.unity.xr.interaction.toolkit@9b07900cb163/Runtime/Locomotion/Legacy/LocomotionSystem.cs" />
        <File uid="49" fullPath="./Library/PackageCache/com.unity.xr.interaction.toolkit@9b07900cb163/Runtime/Locomotion/Legacy/SnapTurnProviderBase.cs" />
        <File uid="50" fullPath="./Library/PackageCache/com.unity.xr.interaction.toolkit@9b07900cb163/Runtime/XR/GizmoHelpers.cs" />
        <File uid="51" fullPath="./Library/PackageCache/com.unity.xr.interaction.toolkit@9b07900cb163/Runtime/XR/InputHelpers.deprecated.cs" />
        <File uid="52" fullPath="./Library/PackageCache/com.unity.xr.interaction.toolkit@9b07900cb163/Runtime/XR/SortingHelpers.cs" />
        <File uid="53" fullPath="./Library/PackageCache/com.unity.xr.interaction.toolkit@9b07900cb163/Runtime/XR/XRRig.cs" />
        <File uid="54" fullPath="./Library/PackageCache/com.unity.xr.interaction.toolkit@9b07900cb163/Runtime/XRHelpURLConstants.cs" />
        <File uid="55" fullPath="./Library/PackageCache/com.unity.xr.interaction.toolkit@9b07900cb163/Runtime/Utilities/BurstGazeUtility.cs" />
        <File uid="56" fullPath="./Library/PackageCache/com.unity.xr.interaction.toolkit@9b07900cb163/Runtime/Utilities/BurstLerpUtility.cs" />
        <File uid="57" fullPath="./Library/PackageCache/com.unity.xr.interaction.toolkit@9b07900cb163/Runtime/Utilities/BurstMathUtility.cs" />
        <File uid="58" fullPath="./Library/PackageCache/com.unity.xr.interaction.toolkit@9b07900cb163/Runtime/Utilities/BurstPhysicsUtils.cs" />
        <File uid="59" fullPath="./Library/PackageCache/com.unity.xr.interaction.toolkit@9b07900cb163/Runtime/Utilities/ComponentLocatorUtility.cs" />
        <File uid="60" fullPath="./Library/PackageCache/com.unity.xr.interaction.toolkit@9b07900cb163/Runtime/Utilities/DisposableManagerSingleton.cs" />
        <File uid="61" fullPath="./Library/PackageCache/com.unity.xr.interaction.toolkit@9b07900cb163/Runtime/Utilities/ExposedRegistrationList.cs" />
        <File uid="62" fullPath="./Library/PackageCache/com.unity.xr.interaction.toolkit@9b07900cb163/Runtime/Utilities/GradientUtility.cs" />
        <File uid="63" fullPath="./Library/PackageCache/com.unity.xr.interaction.toolkit@9b07900cb163/Runtime/Utilities/Interaction/XRFilterUtility.cs" />
        <File uid="64" fullPath="./Library/PackageCache/com.unity.xr.interaction.toolkit@9b07900cb163/Runtime/Utilities/Interaction/XRInteractableUtility.cs" />
        <File uid="65" fullPath="./Library/PackageCache/com.unity.xr.interaction.toolkit@9b07900cb163/Runtime/Utilities/Locomotion/LocomotionUtility.cs" />
        <File uid="66" fullPath="./Library/PackageCache/com.unity.xr.interaction.toolkit@9b07900cb163/Runtime/Utilities/RegistrationList.cs" />
        <File uid="67" fullPath="./Library/PackageCache/com.unity.xr.interaction.toolkit@9b07900cb163/Runtime/Utilities/ScriptableSingletonCache.cs" />
        <File uid="68" fullPath="./Library/PackageCache/com.unity.xr.interaction.toolkit@9b07900cb163/Runtime/Utilities/SmallRegistrationList.cs" />
        <File uid="69" fullPath="./Library/PackageCache/com.unity.xr.interaction.toolkit@9b07900cb163/Runtime/Utilities/TeleportationMonitor.cs" />
        <File uid="70" fullPath="./Library/PackageCache/com.unity.xr.interaction.toolkit@9b07900cb163/Runtime/Utilities/TriggerContactMonitor.cs" />
        <File uid="71" fullPath="./Library/PackageCache/com.unity.xr.interaction.toolkit@9b07900cb163/Runtime/Utilities/UnityObjectReferenceCache.cs" />
        <File uid="72" fullPath="./Library/PackageCache/com.unity.xr.interaction.toolkit@9b07900cb163/Runtime/Utilities/XRDebugLineVisualizer.cs" />
        <File uid="73" fullPath="./Library/PackageCache/com.unity.xr.interaction.toolkit@9b07900cb163/Runtime/Utilities/Tweenables/TweenableVariableAsyncBase.cs" />
        <File uid="74" fullPath="./Library/PackageCache/com.unity.xr.interaction.toolkit@9b07900cb163/Runtime/Utilities/Tweenables/TweenableVariableBase.cs" />
        <File uid="75" fullPath="./Library/PackageCache/com.unity.xr.interaction.toolkit@9b07900cb163/Runtime/Utilities/Tweenables/TweenableVariableSynchronousBase.cs" />
        <File uid="76" fullPath="./Library/PackageCache/com.unity.xr.interaction.toolkit@9b07900cb163/Runtime/Utilities/Tweenables/SmartTweenableVariables/SmartFollowQuaternionTweenableVariable.cs" />
        <File uid="77" fullPath="./Library/PackageCache/com.unity.xr.interaction.toolkit@9b07900cb163/Runtime/Utilities/Tweenables/SmartTweenableVariables/SmartFollowVector3TweenableVariable.cs" />
        <File uid="78" fullPath="./Library/PackageCache/com.unity.xr.interaction.toolkit@9b07900cb163/Runtime/Utilities/Tweenables/Primitives/ColorTweenableVariable.cs" />
        <File uid="79" fullPath="./Library/PackageCache/com.unity.xr.interaction.toolkit@9b07900cb163/Runtime/Utilities/Tweenables/Primitives/FloatTweenableVariable.cs" />
        <File uid="80" fullPath="./Library/PackageCache/com.unity.xr.interaction.toolkit@9b07900cb163/Runtime/Utilities/Tweenables/Primitives/QuaternionTweenableVariable.cs" />
        <File uid="81" fullPath="./Library/PackageCache/com.unity.xr.interaction.toolkit@9b07900cb163/Runtime/Utilities/Tweenables/Primitives/Vector2TweenableVariable.cs" />
        <File uid="82" fullPath="./Library/PackageCache/com.unity.xr.interaction.toolkit@9b07900cb163/Runtime/Utilities/Tweenables/Primitives/Vector3TweenableVariable.cs" />
        <File uid="83" fullPath="./Library/PackageCache/com.unity.xr.interaction.toolkit@9b07900cb163/Runtime/Utilities/Tweenables/Primitives/Vector4TweenableVariable.cs" />
        <File uid="84" fullPath="./Library/PackageCache/com.unity.xr.interaction.toolkit@9b07900cb163/Runtime/Utilities/RequireInterfaceAttribute.cs" />
        <File uid="85" fullPath="./Library/PackageCache/com.unity.xr.interaction.toolkit@9b07900cb163/Runtime/Utilities/Pooling/LinkedPool.cs" />
        <File uid="86" fullPath="./Library/PackageCache/com.unity.xr.interaction.toolkit@9b07900cb163/Runtime/Utilities/Pooling/PooledObject.cs" />
        <File uid="87" fullPath="./Library/PackageCache/com.unity.xr.interaction.toolkit@9b07900cb163/Runtime/Utilities/Curves/CurveUtility.cs" />
        <File uid="88" fullPath="./Library/PackageCache/com.unity.xr.interaction.toolkit@9b07900cb163/Runtime/Utilities/Collections/CircularBuffer.cs" />
        <File uid="89" fullPath="./Library/PackageCache/com.unity.xr.interaction.toolkit@9b07900cb163/Runtime/Utilities/Collections/NativeCurve.cs" />
        <File uid="90" fullPath="./Library/PackageCache/com.unity.xr.interaction.toolkit@9b07900cb163/Runtime/UI/CanvasOptimizer.cs" />
        <File uid="91" fullPath="./Library/PackageCache/com.unity.xr.interaction.toolkit@9b07900cb163/Runtime/UI/CanvasTracker.cs" />
        <File uid="92" fullPath="./Library/PackageCache/com.unity.xr.interaction.toolkit@9b07900cb163/Runtime/UI/LazyFollow.cs" />
        <File uid="93" fullPath="./Library/PackageCache/com.unity.xr.interaction.toolkit@9b07900cb163/Runtime/UI/NavigationModel.cs" />
        <File uid="94" fullPath="./Library/PackageCache/com.unity.xr.interaction.toolkit@9b07900cb163/Runtime/UI/PointerModel.cs" />
        <File uid="95" fullPath="./Library/PackageCache/com.unity.xr.interaction.toolkit@9b07900cb163/Runtime/UI/RegisteredUIInteractorCache.cs" />
        <File uid="96" fullPath="./Library/PackageCache/com.unity.xr.interaction.toolkit@9b07900cb163/Runtime/UI/TouchModel.cs" />
        <File uid="97" fullPath="./Library/PackageCache/com.unity.xr.interaction.toolkit@9b07900cb163/Runtime/UI/TrackedDeviceEventData.cs" />
        <File uid="98" fullPath="./Library/PackageCache/com.unity.xr.interaction.toolkit@9b07900cb163/Runtime/UI/TrackedDeviceGraphicRaycaster.cs" />
        <File uid="99" fullPath="./Library/PackageCache/com.unity.xr.interaction.toolkit@9b07900cb163/Runtime/UI/TrackedDeviceModel.cs" />
        <File uid="100" fullPath="./Library/PackageCache/com.unity.xr.interaction.toolkit@9b07900cb163/Runtime/UI/TrackedDeviceModel.deprecated.cs" />
        <File uid="101" fullPath="./Library/PackageCache/com.unity.xr.interaction.toolkit@9b07900cb163/Runtime/UI/TrackedDevicePhysicsRaycaster.cs" />
        <File uid="102" fullPath="./Library/PackageCache/com.unity.xr.interaction.toolkit@9b07900cb163/Runtime/UI/UIInputModule.cs" />
        <File uid="103" fullPath="./Library/PackageCache/com.unity.xr.interaction.toolkit@9b07900cb163/Runtime/UI/UIInputModule.Events.cs" />
        <File uid="104" fullPath="./Library/PackageCache/com.unity.xr.interaction.toolkit@9b07900cb163/Runtime/UI/XRUIInputModule.cs" />
        <File uid="105" fullPath="./Library/PackageCache/com.unity.xr.interaction.toolkit@9b07900cb163/Runtime/UI/XRUIInputModule.deprecated.cs" />
        <File uid="106" fullPath="./Library/PackageCache/com.unity.xr.interaction.toolkit@9b07900cb163/Runtime/UI/BodyUI/FollowPresetDatum.cs" />
        <File uid="107" fullPath="./Library/PackageCache/com.unity.xr.interaction.toolkit@9b07900cb163/Runtime/UI/BodyUI/HandMenu.cs" />
        <File uid="108" fullPath="./Library/PackageCache/com.unity.xr.interaction.toolkit@9b07900cb163/Runtime/Locomotion/CharacterControllerBodyManipulator.cs" />
        <File uid="109" fullPath="./Library/PackageCache/com.unity.xr.interaction.toolkit@9b07900cb163/Runtime/Locomotion/IXRBodyPositionEvaluator.cs" />
        <File uid="110" fullPath="./Library/PackageCache/com.unity.xr.interaction.toolkit@9b07900cb163/Runtime/Locomotion/LocomotionMediator.cs" />
        <File uid="111" fullPath="./Library/PackageCache/com.unity.xr.interaction.toolkit@9b07900cb163/Runtime/Locomotion/LocomotionProvider.cs" />
        <File uid="112" fullPath="./Library/PackageCache/com.unity.xr.interaction.toolkit@9b07900cb163/Runtime/Locomotion/LocomotionProvider.deprecated.cs" />
        <File uid="113" fullPath="./Library/PackageCache/com.unity.xr.interaction.toolkit@9b07900cb163/Runtime/Locomotion/LocomotionState.cs" />
        <File uid="114" fullPath="./Library/PackageCache/com.unity.xr.interaction.toolkit@9b07900cb163/Runtime/Locomotion/ScriptableConstrainedBodyManipulator.cs" />
        <File uid="115" fullPath="./Library/PackageCache/com.unity.xr.interaction.toolkit@9b07900cb163/Runtime/Locomotion/UnderCameraBodyPositionEvaluator.cs" />
        <File uid="116" fullPath="./Library/PackageCache/com.unity.xr.interaction.toolkit@9b07900cb163/Runtime/Locomotion/XRBodyTransformations.cs" />
        <File uid="117" fullPath="./Library/PackageCache/com.unity.xr.interaction.toolkit@9b07900cb163/Runtime/Locomotion/XRBodyTransformer.cs" />
        <File uid="118" fullPath="./Library/PackageCache/com.unity.xr.interaction.toolkit@9b07900cb163/Runtime/Locomotion/XRMovableBody.cs" />
        <File uid="119" fullPath="./Library/PackageCache/com.unity.xr.interaction.toolkit@9b07900cb163/Runtime/Locomotion/Turning/ContinuousTurnProvider.cs" />
        <File uid="120" fullPath="./Library/PackageCache/com.unity.xr.interaction.toolkit@9b07900cb163/Runtime/Locomotion/Turning/SnapTurnProvider.cs" />
        <File uid="121" fullPath="./Library/PackageCache/com.unity.xr.interaction.toolkit@9b07900cb163/Runtime/Locomotion/Teleportation/BaseTeleportationInteractable.cs" />
        <File uid="122" fullPath="./Library/PackageCache/com.unity.xr.interaction.toolkit@9b07900cb163/Runtime/Locomotion/Teleportation/BaseTeleportationInteractable.deprecated.cs" />
        <File uid="123" fullPath="./Library/PackageCache/com.unity.xr.interaction.toolkit@9b07900cb163/Runtime/Locomotion/Teleportation/FurthestTeleportationAnchorFilter.cs" />
        <File uid="124" fullPath="./Library/PackageCache/com.unity.xr.interaction.toolkit@9b07900cb163/Runtime/Locomotion/Teleportation/GazeTeleportationAnchorFilter.cs" />
        <File uid="125" fullPath="./Library/PackageCache/com.unity.xr.interaction.toolkit@9b07900cb163/Runtime/Locomotion/Teleportation/TeleportationAnchor.cs" />
        <File uid="126" fullPath="./Library/PackageCache/com.unity.xr.interaction.toolkit@9b07900cb163/Runtime/Locomotion/Teleportation/TeleportationArea.cs" />
        <File uid="127" fullPath="./Library/PackageCache/com.unity.xr.interaction.toolkit@9b07900cb163/Runtime/Locomotion/Teleportation/TeleportationMultiAnchorVolume.cs" />
        <File uid="128" fullPath="./Library/PackageCache/com.unity.xr.interaction.toolkit@9b07900cb163/Runtime/Locomotion/Teleportation/TeleportationProvider.cs" />
        <File uid="129" fullPath="./Library/PackageCache/com.unity.xr.interaction.toolkit@9b07900cb163/Runtime/Locomotion/Teleportation/TeleportingEventArgs.cs" />
        <File uid="130" fullPath="./Library/PackageCache/com.unity.xr.interaction.toolkit@9b07900cb163/Runtime/Locomotion/Teleportation/TeleportVolumeDestinationSettings.cs" />
        <File uid="131" fullPath="./Library/PackageCache/com.unity.xr.interaction.toolkit@9b07900cb163/Runtime/Locomotion/Teleportation/TeleportVolumeDestinationSettingsDatumProperty.cs" />
        <File uid="132" fullPath="./Library/PackageCache/com.unity.xr.interaction.toolkit@9b07900cb163/Runtime/Locomotion/Movement/ConstrainedMoveProvider.cs" />
        <File uid="133" fullPath="./Library/PackageCache/com.unity.xr.interaction.toolkit@9b07900cb163/Runtime/Locomotion/Movement/ConstrainedMoveProvider.deprecated.cs" />
        <File uid="134" fullPath="./Library/PackageCache/com.unity.xr.interaction.toolkit@9b07900cb163/Runtime/Locomotion/Movement/ContinuousMoveProvider.cs" />
        <File uid="135" fullPath="./Library/PackageCache/com.unity.xr.interaction.toolkit@9b07900cb163/Runtime/Locomotion/Movement/ContinuousMoveProvider.deprecated.cs" />
        <File uid="136" fullPath="./Library/PackageCache/com.unity.xr.interaction.toolkit@9b07900cb163/Runtime/Locomotion/Movement/GrabMoveProvider.cs" />
        <File uid="137" fullPath="./Library/PackageCache/com.unity.xr.interaction.toolkit@9b07900cb163/Runtime/Locomotion/Movement/GrabMoveProvider.deprecated.cs" />
        <File uid="138" fullPath="./Library/PackageCache/com.unity.xr.interaction.toolkit@9b07900cb163/Runtime/Locomotion/Movement/TwoHandedGrabMoveProvider.cs" />
        <File uid="139" fullPath="./Library/PackageCache/com.unity.xr.interaction.toolkit@9b07900cb163/Runtime/Locomotion/Jump/JumpProvider.cs" />
        <File uid="140" fullPath="./Library/PackageCache/com.unity.xr.interaction.toolkit@9b07900cb163/Runtime/Locomotion/Gravity/GravityProvider.cs" />
        <File uid="141" fullPath="./Library/PackageCache/com.unity.xr.interaction.toolkit@9b07900cb163/Runtime/Locomotion/Comfort/TunnelingVignetteController.cs" />
        <File uid="142" fullPath="./Library/PackageCache/com.unity.xr.interaction.toolkit@9b07900cb163/Runtime/Locomotion/Climbing/ClimbInteractable.cs" />
        <File uid="143" fullPath="./Library/PackageCache/com.unity.xr.interaction.toolkit@9b07900cb163/Runtime/Locomotion/Climbing/ClimbProvider.cs" />
        <File uid="144" fullPath="./Library/PackageCache/com.unity.xr.interaction.toolkit@9b07900cb163/Runtime/Locomotion/Climbing/ClimbSettings.cs" />
        <File uid="145" fullPath="./Library/PackageCache/com.unity.xr.interaction.toolkit@9b07900cb163/Runtime/Locomotion/Climbing/ClimbSettingsDatumProperty.cs" />
        <File uid="146" fullPath="./Library/PackageCache/com.unity.xr.interaction.toolkit@9b07900cb163/Runtime/Locomotion/Climbing/ClimbTeleportInteractor.cs" />
        <File uid="147" fullPath="./Library/PackageCache/com.unity.xr.interaction.toolkit@9b07900cb163/Runtime/Interaction/Transformers/IXRDropTransformer.cs" />
        <File uid="148" fullPath="./Library/PackageCache/com.unity.xr.interaction.toolkit@9b07900cb163/Runtime/Interaction/Transformers/XRBaseGrabTransformer.cs" />
        <File uid="149" fullPath="./Library/PackageCache/com.unity.xr.interaction.toolkit@9b07900cb163/Runtime/Interaction/Transformers/XRDualGrabFreeTransformer.cs" />
        <File uid="150" fullPath="./Library/PackageCache/com.unity.xr.interaction.toolkit@9b07900cb163/Runtime/Interaction/Transformers/XRGeneralGrabTransformer.cs" />
        <File uid="151" fullPath="./Library/PackageCache/com.unity.xr.interaction.toolkit@9b07900cb163/Runtime/Interaction/Transformers/XRLegacyGrabTransformer.cs" />
        <File uid="152" fullPath="./Library/PackageCache/com.unity.xr.interaction.toolkit@9b07900cb163/Runtime/Interaction/Transformers/XRSingleGrabFreeTransformer.cs" />
        <File uid="153" fullPath="./Library/PackageCache/com.unity.xr.interaction.toolkit@9b07900cb163/Runtime/Interaction/Transformers/XRSocketGrabTransformer.cs" />
        <File uid="154" fullPath="./Library/PackageCache/com.unity.xr.interaction.toolkit@9b07900cb163/Runtime/Interaction/Interactors/IXRGroupMember.cs" />
        <File uid="155" fullPath="./Library/PackageCache/com.unity.xr.interaction.toolkit@9b07900cb163/Runtime/Interaction/Interactors/IXRHoverInteractor.cs" />
        <File uid="156" fullPath="./Library/PackageCache/com.unity.xr.interaction.toolkit@9b07900cb163/Runtime/Interaction/Interactors/IXRInteractor.cs" />
        <File uid="157" fullPath="./Library/PackageCache/com.unity.xr.interaction.toolkit@9b07900cb163/Runtime/Interaction/Interactors/IXRSelectInteractor.cs" />
        <File uid="158" fullPath="./Library/PackageCache/com.unity.xr.interaction.toolkit@9b07900cb163/Runtime/Interaction/Interactors/NearFarInteractor.cs" />
        <File uid="159" fullPath="./Library/PackageCache/com.unity.xr.interaction.toolkit@9b07900cb163/Runtime/Interaction/Interactors/XRBaseInputInteractor.cs" />
        <File uid="160" fullPath="./Library/PackageCache/com.unity.xr.interaction.toolkit@9b07900cb163/Runtime/Interaction/Interactors/XRBaseInputInteractor.deprecated.cs" />
        <File uid="161" fullPath="./Library/PackageCache/com.unity.xr.interaction.toolkit@9b07900cb163/Runtime/Interaction/Interactors/XRBaseInteractor.cs" />
        <File uid="162" fullPath="./Library/PackageCache/com.unity.xr.interaction.toolkit@9b07900cb163/Runtime/Interaction/Interactors/XRBaseInteractor.deprecated.cs" />
        <File uid="163" fullPath="./Library/PackageCache/com.unity.xr.interaction.toolkit@9b07900cb163/Runtime/Interaction/Interactors/XRDirectInteractor.cs" />
        <File uid="164" fullPath="./Library/PackageCache/com.unity.xr.interaction.toolkit@9b07900cb163/Runtime/Interaction/Interactors/XRGazeInteractor.cs" />
        <File uid="165" fullPath="./Library/PackageCache/com.unity.xr.interaction.toolkit@9b07900cb163/Runtime/Interaction/Interactors/XRInteractionGroup.cs" />
        <File uid="166" fullPath="./Library/PackageCache/com.unity.xr.interaction.toolkit@9b07900cb163/Runtime/Interaction/Interactors/XRPokeInteractor.cs" />
        <File uid="167" fullPath="./Library/PackageCache/com.unity.xr.interaction.toolkit@9b07900cb163/Runtime/Interaction/Interactors/XRRayInteractor.cs" />
        <File uid="168" fullPath="./Library/PackageCache/com.unity.xr.interaction.toolkit@9b07900cb163/Runtime/Interaction/Interactors/XRRayInteractor.deprecated.cs" />
        <File uid="169" fullPath="./Library/PackageCache/com.unity.xr.interaction.toolkit@9b07900cb163/Runtime/Interaction/Interactors/XRSocketInteractor.cs" />
        <File uid="170" fullPath="./Library/PackageCache/com.unity.xr.interaction.toolkit@9b07900cb163/Runtime/Interaction/Interactors/Visuals/CurveVisualController.cs" />
        <File uid="171" fullPath="./Library/PackageCache/com.unity.xr.interaction.toolkit@9b07900cb163/Runtime/Interaction/Interactors/Visuals/XRInteractorLineVisual.cs" />
        <File uid="172" fullPath="./Library/PackageCache/com.unity.xr.interaction.toolkit@9b07900cb163/Runtime/Interaction/Interactors/Visuals/XRInteractorReticleVisual.cs" />
        <File uid="173" fullPath="./Library/PackageCache/com.unity.xr.interaction.toolkit@9b07900cb163/Runtime/Interaction/Interactors/Casters/CurveInteractionCaster.cs" />
        <File uid="174" fullPath="./Library/PackageCache/com.unity.xr.interaction.toolkit@9b07900cb163/Runtime/Interaction/Interactors/Casters/InteractionCasterBase.cs" />
        <File uid="175" fullPath="./Library/PackageCache/com.unity.xr.interaction.toolkit@9b07900cb163/Runtime/Interaction/Interactors/Casters/SphereInteractionCaster.cs" />
        <File uid="176" fullPath="./Library/PackageCache/com.unity.xr.interaction.toolkit@9b07900cb163/Runtime/Interaction/Interactables/DistanceInfo.cs" />
        <File uid="177" fullPath="./Library/PackageCache/com.unity.xr.interaction.toolkit@9b07900cb163/Runtime/Interaction/Interactables/IXRFocusInteractable.cs" />
        <File uid="178" fullPath="./Library/PackageCache/com.unity.xr.interaction.toolkit@9b07900cb163/Runtime/Interaction/Interactables/IXRHoverInteractable.cs" />
        <File uid="179" fullPath="./Library/PackageCache/com.unity.xr.interaction.toolkit@9b07900cb163/Runtime/Interaction/Interactables/IXRSelectInteractable.cs" />
        <File uid="180" fullPath="./Library/PackageCache/com.unity.xr.interaction.toolkit@9b07900cb163/Runtime/Interaction/Interactables/XRBaseInteractable.cs" />
        <File uid="181" fullPath="./Library/PackageCache/com.unity.xr.interaction.toolkit@9b07900cb163/Runtime/Interaction/Interactables/XRBaseInteractable.deprecated.cs" />
        <File uid="182" fullPath="./Library/PackageCache/com.unity.xr.interaction.toolkit@9b07900cb163/Runtime/Interaction/Interactables/XRGrabInteractable.cs" />
        <File uid="183" fullPath="./Library/PackageCache/com.unity.xr.interaction.toolkit@9b07900cb163/Runtime/Interaction/Interactables/XRGrabInteractable.deprecated.cs" />
        <File uid="184" fullPath="./Library/PackageCache/com.unity.xr.interaction.toolkit@9b07900cb163/Runtime/Interaction/Interactables/XRInteractableSnapVolume.cs" />
        <File uid="185" fullPath="./Library/PackageCache/com.unity.xr.interaction.toolkit@9b07900cb163/Runtime/Interaction/Interactables/Visuals/XRTintInteractableVisual.cs" />
        <File uid="186" fullPath="./Library/PackageCache/com.unity.xr.interaction.toolkit@9b07900cb163/Runtime/Interaction/Gaze/XRGazeAssistance.cs" />
        <File uid="187" fullPath="./Library/PackageCache/com.unity.xr.interaction.toolkit@9b07900cb163/Runtime/Interaction/Filtering/Hover/IXRHoverFilter.cs" />
        <File uid="188" fullPath="./Library/PackageCache/com.unity.xr.interaction.toolkit@9b07900cb163/Runtime/Interaction/Filtering/Hover/TouchscreenHoverFilter.cs" />
        <File uid="189" fullPath="./Library/PackageCache/com.unity.xr.interaction.toolkit@9b07900cb163/Runtime/Interaction/Filtering/InteractionStrength/IXRInteractionStrengthFilter.cs" />
        <File uid="190" fullPath="./Library/PackageCache/com.unity.xr.interaction.toolkit@9b07900cb163/Runtime/Interaction/Filtering/Poke/PokeStateData.cs" />
        <File uid="191" fullPath="./Library/PackageCache/com.unity.xr.interaction.toolkit@9b07900cb163/Runtime/Interaction/Filtering/Poke/PokeThresholdData.cs" />
        <File uid="192" fullPath="./Library/PackageCache/com.unity.xr.interaction.toolkit@9b07900cb163/Runtime/Interaction/Filtering/Poke/PokeThresholdDatumProperty.cs" />
        <File uid="193" fullPath="./Library/PackageCache/com.unity.xr.interaction.toolkit@9b07900cb163/Runtime/Interaction/Filtering/Poke/XRPokeFilter.cs" />
        <File uid="194" fullPath="./Library/PackageCache/com.unity.xr.interaction.toolkit@9b07900cb163/Runtime/Interaction/Filtering/Poke/XRPokeLogic.cs" />
        <File uid="195" fullPath="./Library/PackageCache/com.unity.xr.interaction.toolkit@9b07900cb163/Runtime/Interaction/Filtering/Select/IXRSelectFilter.cs" />
        <File uid="196" fullPath="./Library/PackageCache/com.unity.xr.interaction.toolkit@9b07900cb163/Runtime/Interaction/Filtering/Target/Evaluators/XRAngleGazeEvaluator.cs" />
        <File uid="197" fullPath="./Library/PackageCache/com.unity.xr.interaction.toolkit@9b07900cb163/Runtime/Interaction/Filtering/Target/Evaluators/XRDistanceEvaluator.cs" />
        <File uid="198" fullPath="./Library/PackageCache/com.unity.xr.interaction.toolkit@9b07900cb163/Runtime/Interaction/Filtering/Target/Evaluators/XRLastSelectedEvaluator.cs" />
        <File uid="199" fullPath="./Library/PackageCache/com.unity.xr.interaction.toolkit@9b07900cb163/Runtime/Interaction/Filtering/Target/Evaluators/XRTargetEvaluator.cs" />
        <File uid="200" fullPath="./Library/PackageCache/com.unity.xr.interaction.toolkit@9b07900cb163/Runtime/Interaction/Filtering/Target/Filters/XRBaseTargetFilter.cs" />
        <File uid="201" fullPath="./Library/PackageCache/com.unity.xr.interaction.toolkit@9b07900cb163/Runtime/Interaction/Filtering/Target/Filters/XRTargetFilter.cs" />
        <File uid="202" fullPath="./Library/PackageCache/com.unity.xr.interaction.toolkit@9b07900cb163/Runtime/Interaction/Attachment/AttachPointVelocityTracker.cs" />
        <File uid="203" fullPath="./Library/PackageCache/com.unity.xr.interaction.toolkit@9b07900cb163/Runtime/Interaction/Attachment/IAttachPointVelocityProvider.cs" />
        <File uid="204" fullPath="./Library/PackageCache/com.unity.xr.interaction.toolkit@9b07900cb163/Runtime/Interaction/Attachment/InteractionAttachController.cs" />
        <File uid="205" fullPath="./Library/PackageCache/com.unity.xr.interaction.toolkit@9b07900cb163/Runtime/Inputs/CardinalUtility.cs" />
        <File uid="206" fullPath="./Library/PackageCache/com.unity.xr.interaction.toolkit@9b07900cb163/Runtime/Inputs/InputActionManager.cs" />
        <File uid="207" fullPath="./Library/PackageCache/com.unity.xr.interaction.toolkit@9b07900cb163/Runtime/Inputs/InputActionPropertyExtensions.cs" />
        <File uid="208" fullPath="./Library/PackageCache/com.unity.xr.interaction.toolkit@9b07900cb163/Runtime/Inputs/InputActionUtility.cs" />
        <File uid="209" fullPath="./Library/PackageCache/com.unity.xr.interaction.toolkit@9b07900cb163/Runtime/Inputs/XRHandSkeletonPokeDisplacer.cs" />
        <File uid="210" fullPath="./Library/PackageCache/com.unity.xr.interaction.toolkit@9b07900cb163/Runtime/Inputs/XRInputModalityManager.cs" />
        <File uid="211" fullPath="./Library/PackageCache/com.unity.xr.interaction.toolkit@9b07900cb163/Runtime/Inputs/XRInputTrackingAggregator.cs" />
        <File uid="212" fullPath="./Library/PackageCache/com.unity.xr.interaction.toolkit@9b07900cb163/Runtime/Inputs/XRTransformStabilizer.cs" />
        <File uid="213" fullPath="./Library/PackageCache/com.unity.xr.interaction.toolkit@9b07900cb163/Runtime/Inputs/Simulation/SimulatedDeviceLifecycleManager.cs" />
        <File uid="214" fullPath="./Library/PackageCache/com.unity.xr.interaction.toolkit@9b07900cb163/Runtime/Inputs/Simulation/SimulatedHandExpression.cs" />
        <File uid="215" fullPath="./Library/PackageCache/com.unity.xr.interaction.toolkit@9b07900cb163/Runtime/Inputs/Simulation/SimulatedHandExpressionManager.cs" />
        <File uid="216" fullPath="./Library/PackageCache/com.unity.xr.interaction.toolkit@9b07900cb163/Runtime/Inputs/Simulation/SimulatedInputLayoutLoader.cs" />
        <File uid="217" fullPath="./Library/PackageCache/com.unity.xr.interaction.toolkit@9b07900cb163/Runtime/Inputs/Simulation/XRDeviceSimulator.cs" />
        <File uid="218" fullPath="./Library/PackageCache/com.unity.xr.interaction.toolkit@9b07900cb163/Runtime/Inputs/Simulation/XRDeviceSimulator.deprecated.cs" />
        <File uid="219" fullPath="./Library/PackageCache/com.unity.xr.interaction.toolkit@9b07900cb163/Runtime/Inputs/Simulation/XRDeviceSimulatorLoader.deprecated.cs" />
        <File uid="220" fullPath="./Library/PackageCache/com.unity.xr.interaction.toolkit@9b07900cb163/Runtime/Inputs/Simulation/XRDeviceSimulatorSettings.cs" />
        <File uid="221" fullPath="./Library/PackageCache/com.unity.xr.interaction.toolkit@9b07900cb163/Runtime/Inputs/Simulation/XRInteractionSimulator.cs" />
        <File uid="222" fullPath="./Library/PackageCache/com.unity.xr.interaction.toolkit@9b07900cb163/Runtime/Inputs/Simulation/XRInteractionSimulatorLoader.cs" />
        <File uid="223" fullPath="./Library/PackageCache/com.unity.xr.interaction.toolkit@9b07900cb163/Runtime/Inputs/Simulation/XRSimulatedController.cs" />
        <File uid="224" fullPath="./Library/PackageCache/com.unity.xr.interaction.toolkit@9b07900cb163/Runtime/Inputs/Simulation/XRSimulatedControllerState.cs" />
        <File uid="225" fullPath="./Library/PackageCache/com.unity.xr.interaction.toolkit@9b07900cb163/Runtime/Inputs/Simulation/XRSimulatedHMD.cs" />
        <File uid="226" fullPath="./Library/PackageCache/com.unity.xr.interaction.toolkit@9b07900cb163/Runtime/Inputs/Simulation/XRSimulatedHMDState.cs" />
        <File uid="227" fullPath="./Library/PackageCache/com.unity.xr.interaction.toolkit@9b07900cb163/Runtime/Inputs/Simulation/XRSimulatorUtility.cs" />
        <File uid="228" fullPath="./Library/PackageCache/com.unity.xr.interaction.toolkit@9b07900cb163/Runtime/Inputs/Simulation/Hands/HandExpressionCapture.cs" />
        <File uid="229" fullPath="./Library/PackageCache/com.unity.xr.interaction.toolkit@9b07900cb163/Runtime/Inputs/Simulation/Hands/HandExpressionName.cs" />
        <File uid="230" fullPath="./Library/PackageCache/com.unity.xr.interaction.toolkit@9b07900cb163/Runtime/Inputs/Simulation/Hands/XRDeviceSimulatorHandsProvider.cs" />
        <File uid="231" fullPath="./Library/PackageCache/com.unity.xr.interaction.toolkit@9b07900cb163/Runtime/Inputs/Simulation/Hands/XRDeviceSimulatorHandsSubsystem.cs" />
        <File uid="232" fullPath="./Library/PackageCache/com.unity.xr.interaction.toolkit@9b07900cb163/Runtime/Inputs/Simulation/Hands/XRSimulatedHandState.cs" />
        <File uid="233" fullPath="./Library/PackageCache/com.unity.xr.interaction.toolkit@9b07900cb163/Runtime/Inputs/Readers/InputFeatureUsageString.cs" />
        <File uid="234" fullPath="./Library/PackageCache/com.unity.xr.interaction.toolkit@9b07900cb163/Runtime/Inputs/Readers/XRInputButtonReader.cs" />
        <File uid="235" fullPath="./Library/PackageCache/com.unity.xr.interaction.toolkit@9b07900cb163/Runtime/Inputs/Readers/XRInputDeviceBoolValueReader.cs" />
        <File uid="236" fullPath="./Library/PackageCache/com.unity.xr.interaction.toolkit@9b07900cb163/Runtime/Inputs/Readers/XRInputDeviceButtonReader.cs" />
        <File uid="237" fullPath="./Library/PackageCache/com.unity.xr.interaction.toolkit@9b07900cb163/Runtime/Inputs/Readers/XRInputDeviceFloatValueReader.cs" />
        <File uid="238" fullPath="./Library/PackageCache/com.unity.xr.interaction.toolkit@9b07900cb163/Runtime/Inputs/Readers/XRInputDeviceInputTrackingStateValueReader.cs" />
        <File uid="239" fullPath="./Library/PackageCache/com.unity.xr.interaction.toolkit@9b07900cb163/Runtime/Inputs/Readers/XRInputDeviceQuaternionValueReader.cs" />
        <File uid="240" fullPath="./Library/PackageCache/com.unity.xr.interaction.toolkit@9b07900cb163/Runtime/Inputs/Readers/XRInputDeviceValueReader.cs" />
        <File uid="241" fullPath="./Library/PackageCache/com.unity.xr.interaction.toolkit@9b07900cb163/Runtime/Inputs/Readers/XRInputDeviceVector2ValueReader.cs" />
        <File uid="242" fullPath="./Library/PackageCache/com.unity.xr.interaction.toolkit@9b07900cb163/Runtime/Inputs/Readers/XRInputDeviceVector3ValueReader.cs" />
        <File uid="243" fullPath="./Library/PackageCache/com.unity.xr.interaction.toolkit@9b07900cb163/Runtime/Inputs/Readers/XRInputReaderUtility.cs" />
        <File uid="244" fullPath="./Library/PackageCache/com.unity.xr.interaction.toolkit@9b07900cb163/Runtime/Inputs/Readers/XRInputValueReader.cs" />
        <File uid="245" fullPath="./Library/PackageCache/com.unity.xr.interaction.toolkit@9b07900cb163/Runtime/Inputs/Interactions/SectorInteraction.cs" />
        <File uid="246" fullPath="./Library/PackageCache/com.unity.xr.interaction.toolkit@9b07900cb163/Runtime/Inputs/Haptics/HapticControlActionManager.cs" />
        <File uid="247" fullPath="./Library/PackageCache/com.unity.xr.interaction.toolkit@9b07900cb163/Runtime/Inputs/Haptics/HapticImpulseCommandChannel.cs" />
        <File uid="248" fullPath="./Library/PackageCache/com.unity.xr.interaction.toolkit@9b07900cb163/Runtime/Inputs/Haptics/HapticImpulseCommandChannelGroup.cs" />
        <File uid="249" fullPath="./Library/PackageCache/com.unity.xr.interaction.toolkit@9b07900cb163/Runtime/Inputs/Haptics/HapticImpulsePlayer.cs" />
        <File uid="250" fullPath="./Library/PackageCache/com.unity.xr.interaction.toolkit@9b07900cb163/Runtime/Inputs/Haptics/HapticImpulseSingleChannelGroup.cs" />
        <File uid="251" fullPath="./Library/PackageCache/com.unity.xr.interaction.toolkit@9b07900cb163/Runtime/Inputs/Haptics/HapticsUtility.cs" />
        <File uid="252" fullPath="./Library/PackageCache/com.unity.xr.interaction.toolkit@9b07900cb163/Runtime/Inputs/Haptics/XRInputDeviceHapticImpulseChannel.cs" />
        <File uid="253" fullPath="./Library/PackageCache/com.unity.xr.interaction.toolkit@9b07900cb163/Runtime/Inputs/Haptics/XRInputDeviceHapticImpulseChannelGroup.cs" />
        <File uid="254" fullPath="./Library/PackageCache/com.unity.xr.interaction.toolkit@9b07900cb163/Runtime/Inputs/Haptics/XRInputDeviceHapticImpulseProvider.cs" />
        <File uid="255" fullPath="./Library/PackageCache/com.unity.xr.interaction.toolkit@9b07900cb163/Runtime/Inputs/Haptics/XRInputHapticImpulseProvider.cs" />
        <File uid="256" fullPath="./Library/PackageCache/com.unity.xr.interaction.toolkit@9b07900cb163/Runtime/Inputs/Haptics/OpenXR/OpenXRHapticImpulseChannel.cs" />
        <File uid="257" fullPath="./Library/PackageCache/com.unity.xr.interaction.toolkit@9b07900cb163/Runtime/Inputs/Composites/FallbackComposite.cs" />
        <File uid="258" fullPath="./Library/PackageCache/com.unity.xr.interaction.toolkit@9b07900cb163/Runtime/Feedback/SimpleAudioFeedback.cs" />
        <File uid="259" fullPath="./Library/PackageCache/com.unity.xr.interaction.toolkit@9b07900cb163/Runtime/Feedback/SimpleHapticFeedback.cs" />
        <File uid="260" fullPath="./Library/PackageCache/com.unity.xr.interaction.toolkit@9b07900cb163/Runtime/AR/Inputs/ScreenSpacePinchScaleInput.cs" />
        <File uid="261" fullPath="./Library/PackageCache/com.unity.xr.interaction.toolkit@9b07900cb163/Runtime/AR/Inputs/ScreenSpaceRayPoseDriver.cs" />
        <File uid="262" fullPath="./Library/PackageCache/com.unity.xr.interaction.toolkit@9b07900cb163/Runtime/AR/Inputs/ScreenSpaceRotateInput.cs" />
        <File uid="263" fullPath="./Library/PackageCache/com.unity.xr.interaction.toolkit@9b07900cb163/Runtime/AR/Inputs/ScreenSpaceSelectInput.cs" />
        <File uid="264" fullPath="./Library/PackageCache/com.unity.xr.interaction.toolkit@9b07900cb163/Runtime/AR/Inputs/TouchscreenGestureInputLoader.cs" />
        <File uid="265" fullPath="./Library/PackageCache/com.unity.xr.interaction.toolkit@9b07900cb163/Runtime/AffordanceSystem/Theme/BaseAffordanceTheme.cs" />
        <File uid="266" fullPath="./Library/PackageCache/com.unity.xr.interaction.toolkit@9b07900cb163/Runtime/AffordanceSystem/Theme/Primitives/ColorAffordanceThemeDatum.cs" />
        <File uid="267" fullPath="./Library/PackageCache/com.unity.xr.interaction.toolkit@9b07900cb163/Runtime/AffordanceSystem/Theme/Primitives/FloatAffordanceThemeDatum.cs" />
        <File uid="268" fullPath="./Library/PackageCache/com.unity.xr.interaction.toolkit@9b07900cb163/Runtime/AffordanceSystem/Theme/Primitives/Vector2AffordanceThemeDatum.cs" />
        <File uid="269" fullPath="./Library/PackageCache/com.unity.xr.interaction.toolkit@9b07900cb163/Runtime/AffordanceSystem/Theme/Primitives/Vector3AffordanceThemeDatum.cs" />
        <File uid="270" fullPath="./Library/PackageCache/com.unity.xr.interaction.toolkit@9b07900cb163/Runtime/AffordanceSystem/Theme/Primitives/Vector4AffordanceThemeDatum.cs" />
        <File uid="271" fullPath="./Library/PackageCache/com.unity.xr.interaction.toolkit@9b07900cb163/Runtime/AffordanceSystem/Theme/Audio/AudioAffordanceThemeDatum.cs" />
        <File uid="272" fullPath="./Library/PackageCache/com.unity.xr.interaction.toolkit@9b07900cb163/Runtime/AffordanceSystem/State/Data/AffordanceStateData.cs" />
        <File uid="273" fullPath="./Library/PackageCache/com.unity.xr.interaction.toolkit@9b07900cb163/Runtime/AffordanceSystem/State/Data/AffordanceStateShortcuts.cs" />
        <File uid="274" fullPath="./Library/PackageCache/com.unity.xr.interaction.toolkit@9b07900cb163/Runtime/AffordanceSystem/State/Provider/BaseAffordanceStateProvider.cs" />
        <File uid="275" fullPath="./Library/PackageCache/com.unity.xr.interaction.toolkit@9b07900cb163/Runtime/AffordanceSystem/State/Provider/XRInteractableAffordanceStateProvider.cs" />
        <File uid="276" fullPath="./Library/PackageCache/com.unity.xr.interaction.toolkit@9b07900cb163/Runtime/AffordanceSystem/State/Provider/XRInteractorAffordanceStateProvider.cs" />
        <File uid="277" fullPath="./Library/PackageCache/com.unity.xr.interaction.toolkit@9b07900cb163/Runtime/AffordanceSystem/Rendering/MaterialHelperBase.cs" />
        <File uid="278" fullPath="./Library/PackageCache/com.unity.xr.interaction.toolkit@9b07900cb163/Runtime/AffordanceSystem/Rendering/MaterialInstanceHelper.cs" />
        <File uid="279" fullPath="./Library/PackageCache/com.unity.xr.interaction.toolkit@9b07900cb163/Runtime/AffordanceSystem/Rendering/MaterialPropertyBlockHelper.cs" />
        <File uid="280" fullPath="./Library/PackageCache/com.unity.xr.interaction.toolkit@9b07900cb163/Runtime/AffordanceSystem/Receiver/BaseAffordanceStateReceiver.cs" />
        <File uid="281" fullPath="./Library/PackageCache/com.unity.xr.interaction.toolkit@9b07900cb163/Runtime/AffordanceSystem/Receiver/BaseAsyncAffordanceStateReceiver.cs" />
        <File uid="282" fullPath="./Library/PackageCache/com.unity.xr.interaction.toolkit@9b07900cb163/Runtime/AffordanceSystem/Receiver/BaseSynchronousAffordanceStateReceiver.cs" />
        <File uid="283" fullPath="./Library/PackageCache/com.unity.xr.interaction.toolkit@9b07900cb163/Runtime/AffordanceSystem/Receiver/UI/ImageColorAffordanceReceiver.cs" />
        <File uid="284" fullPath="./Library/PackageCache/com.unity.xr.interaction.toolkit@9b07900cb163/Runtime/AffordanceSystem/Receiver/Transformation/UniformTransformScaleAffordanceReceiver.cs" />
        <File uid="285" fullPath="./Library/PackageCache/com.unity.xr.interaction.toolkit@9b07900cb163/Runtime/AffordanceSystem/Receiver/Rendering/BlendShapeAffordanceReceiver.cs" />
        <File uid="286" fullPath="./Library/PackageCache/com.unity.xr.interaction.toolkit@9b07900cb163/Runtime/AffordanceSystem/Receiver/Rendering/ColorGradientLineRendererAffordanceReceiver.cs" />
        <File uid="287" fullPath="./Library/PackageCache/com.unity.xr.interaction.toolkit@9b07900cb163/Runtime/AffordanceSystem/Receiver/Rendering/ColorMaterialPropertyAffordanceReceiver.cs" />
        <File uid="288" fullPath="./Library/PackageCache/com.unity.xr.interaction.toolkit@9b07900cb163/Runtime/AffordanceSystem/Receiver/Rendering/FloatMaterialPropertyAffordanceReceiver.cs" />
        <File uid="289" fullPath="./Library/PackageCache/com.unity.xr.interaction.toolkit@9b07900cb163/Runtime/AffordanceSystem/Receiver/Rendering/Vector2MaterialPropertyAffordanceReceiver.cs" />
        <File uid="290" fullPath="./Library/PackageCache/com.unity.xr.interaction.toolkit@9b07900cb163/Runtime/AffordanceSystem/Receiver/Rendering/Vector3MaterialPropertyAffordanceReceiver.cs" />
        <File uid="291" fullPath="./Library/PackageCache/com.unity.xr.interaction.toolkit@9b07900cb163/Runtime/AffordanceSystem/Receiver/Rendering/Vector4MaterialPropertyAffordanceReceiver.cs" />
        <File uid="292" fullPath="./Library/PackageCache/com.unity.xr.interaction.toolkit@9b07900cb163/Runtime/AffordanceSystem/Receiver/Primitives/ColorAffordanceReceiver.cs" />
        <File uid="293" fullPath="./Library/PackageCache/com.unity.xr.interaction.toolkit@9b07900cb163/Runtime/AffordanceSystem/Receiver/Primitives/FloatAffordanceReceiver.cs" />
        <File uid="294" fullPath="./Library/PackageCache/com.unity.xr.interaction.toolkit@9b07900cb163/Runtime/AffordanceSystem/Receiver/Primitives/QuaternionAffordanceReceiver.cs" />
        <File uid="295" fullPath="./Library/PackageCache/com.unity.xr.interaction.toolkit@9b07900cb163/Runtime/AffordanceSystem/Receiver/Primitives/QuaternionEulerAffordanceReceiver.cs" />
        <File uid="296" fullPath="./Library/PackageCache/com.unity.xr.interaction.toolkit@9b07900cb163/Runtime/AffordanceSystem/Receiver/Primitives/Vector2AffordanceReceiver.cs" />
        <File uid="297" fullPath="./Library/PackageCache/com.unity.xr.interaction.toolkit@9b07900cb163/Runtime/AffordanceSystem/Receiver/Primitives/Vector3AffordanceReceiver.cs" />
        <File uid="298" fullPath="./Library/PackageCache/com.unity.xr.interaction.toolkit@9b07900cb163/Runtime/AffordanceSystem/Receiver/Primitives/Vector4AffordanceReceiver.cs" />
        <File uid="299" fullPath="./Library/PackageCache/com.unity.xr.interaction.toolkit@9b07900cb163/Runtime/AffordanceSystem/Receiver/Audio/AudioAffordanceReceiver.cs" />
        <File uid="300" fullPath="./Library/PackageCache/com.unity.xr.interaction.toolkit@9b07900cb163/Runtime/AffordanceSystem/Jobs/ColorTweenJob.cs" />
        <File uid="301" fullPath="./Library/PackageCache/com.unity.xr.interaction.toolkit@9b07900cb163/Runtime/AffordanceSystem/Jobs/FloatTweenJob.cs" />
        <File uid="302" fullPath="./Library/PackageCache/com.unity.xr.interaction.toolkit@9b07900cb163/Runtime/AffordanceSystem/Jobs/TweenJobData.cs" />
      </Files>
      <Classes>
        <Class>
          <Summary numSequencePoints="25" visitedSequencePoints="0" numBranchPoints="0" visitedBranchPoints="0" sequenceCoverage="0.0" branchCoverage="0.0" maxCyclomaticComplexity="0" minCyclomaticComplexity="0" maxCrapScore="0" minCrapScore="0" visitedClasses="0" numClasses="1" visitedMethods="0" numMethods="2" />
          <FullName>UnityEditor.XR.Interaction.Toolkit.Utilities.EditorComponentLocatorUtility</FullName>
          <Methods>
            <Method visited="false" cyclomaticComplexity="0" nPathComplexity="0" sequenceCoverage="0.0" branchCoverage="0" crapScore="0" isConstructor="false" isStatic="true" isGetter="false" isSetter="false">
              <Summary numSequencePoints="11" visitedSequencePoints="0" numBranchPoints="0" visitedBranchPoints="0" sequenceCoverage="0.0" branchCoverage="0" maxCyclomaticComplexity="0" minCyclomaticComplexity="0" maxCrapScore="0" minCrapScore="0" visitedClasses="0" numClasses="0" visitedMethods="0" numMethods="1" />
              <MetadataToken>100663299</MetadataToken>
              <Name>static T UnityEditor.XR.Interaction.Toolkit.Utilities.EditorComponentLocatorUtility::FindSceneComponentOfType[T](UnityEngine.GameObject)</Name>
              <FileRef uid="17" />
              <SequencePoints>
                <SequencePoint vc="0" uspid="30750" ordinal="0" offset="0" sl="31" sc="0" el="31" ec="0" bec="0" bev="0" fileid="17" />
                <SequencePoint vc="0" uspid="30751" ordinal="0" offset="1" sl="32" sc="0" el="32" ec="0" bec="0" bev="0" fileid="17" />
                <SequencePoint vc="0" uspid="30752" ordinal="0" offset="12" sl="33" sc="0" el="33" ec="0" bec="0" bev="0" fileid="17" />
                <SequencePoint vc="0" uspid="30753" ordinal="0" offset="24" sl="38" sc="0" el="38" ec="0" bec="0" bev="0" fileid="17" />
                <SequencePoint vc="0" uspid="30754" ordinal="0" offset="32" sl="39" sc="0" el="39" ec="0" bec="0" bev="0" fileid="17" />
                <SequencePoint vc="0" uspid="30755" ordinal="0" offset="50" sl="40" sc="0" el="40" ec="0" bec="0" bev="0" fileid="17" />
                <SequencePoint vc="0" uspid="30756" ordinal="0" offset="54" sl="42" sc="0" el="42" ec="0" bec="0" bev="0" fileid="17" />
                <SequencePoint vc="0" uspid="30757" ordinal="0" offset="61" sl="43" sc="0" el="43" ec="0" bec="0" bev="0" fileid="17" />
                <SequencePoint vc="0" uspid="30758" ordinal="0" offset="79" sl="44" sc="0" el="44" ec="0" bec="0" bev="0" fileid="17" />
                <SequencePoint vc="0" uspid="30759" ordinal="0" offset="83" sl="46" sc="0" el="46" ec="0" bec="0" bev="0" fileid="17" />
                <SequencePoint vc="0" uspid="30760" ordinal="0" offset="97" sl="47" sc="0" el="47" ec="0" bec="0" bev="0" fileid="17" />
              </SequencePoints>
              <BranchPoints />
            </Method>
            <Method visited="false" cyclomaticComplexity="0" nPathComplexity="0" sequenceCoverage="0.0" branchCoverage="0" crapScore="0" isConstructor="false" isStatic="true" isGetter="false" isSetter="false">
              <Summary numSequencePoints="14" visitedSequencePoints="0" numBranchPoints="0" visitedBranchPoints="0" sequenceCoverage="0.0" branchCoverage="0" maxCyclomaticComplexity="0" minCyclomaticComplexity="0" maxCrapScore="0" minCrapScore="0" visitedClasses="0" numClasses="0" visitedMethods="0" numMethods="1" />
              <MetadataToken>100663300</MetadataToken>
              <Name>static T UnityEditor.XR.Interaction.Toolkit.Utilities.EditorComponentLocatorUtility::FindSceneComponentOfType[T](UnityEngine.SceneManagement.Scene)</Name>
              <FileRef uid="17" />
              <SequencePoints>
                <SequencePoint vc="0" uspid="30761" ordinal="0" offset="0" sl="63" sc="0" el="63" ec="0" bec="0" bev="0" fileid="17" />
                <SequencePoint vc="0" uspid="30762" ordinal="0" offset="1" sl="64" sc="0" el="64" ec="0" bec="0" bev="0" fileid="17" />
                <SequencePoint vc="0" uspid="30763" ordinal="0" offset="7" sl="65" sc="0" el="65" ec="0" bec="0" bev="0" fileid="17" />
                <SequencePoint vc="0" uspid="30764" ordinal="0" offset="15" sl="66" sc="0" el="66" ec="0" bec="0" bev="0" fileid="17" />
                <SequencePoint vc="0" uspid="30765" ordinal="0" offset="16" sl="66" sc="0" el="66" ec="0" bec="0" bev="0" fileid="17" />
                <SequencePoint vc="0" uspid="30766" ordinal="0" offset="22" sl="66" sc="0" el="66" ec="0" bec="0" bev="0" fileid="17" />
                <SequencePoint vc="0" uspid="30767" ordinal="0" offset="31" sl="67" sc="0" el="67" ec="0" bec="0" bev="0" fileid="17" />
                <SequencePoint vc="0" uspid="30768" ordinal="0" offset="32" sl="68" sc="0" el="68" ec="0" bec="0" bev="0" fileid="17" />
                <SequencePoint vc="0" uspid="30769" ordinal="0" offset="61" sl="69" sc="0" el="69" ec="0" bec="0" bev="0" fileid="17" />
                <SequencePoint vc="0" uspid="30770" ordinal="0" offset="62" sl="70" sc="0" el="70" ec="0" bec="0" bev="0" fileid="17" />
                <SequencePoint vc="0" uspid="30771" ordinal="0" offset="68" sl="72" sc="0" el="72" ec="0" bec="0" bev="0" fileid="17" />
                <SequencePoint vc="0" uspid="30772" ordinal="0" offset="73" sl="66" sc="0" el="66" ec="0" bec="0" bev="0" fileid="17" />
                <SequencePoint vc="0" uspid="30773" ordinal="0" offset="79" sl="74" sc="0" el="74" ec="0" bec="0" bev="0" fileid="17" />
                <SequencePoint vc="0" uspid="30774" ordinal="0" offset="93" sl="75" sc="0" el="75" ec="0" bec="0" bev="0" fileid="17" />
              </SequencePoints>
              <BranchPoints />
            </Method>
          </Methods>
        </Class>
        <Class>
          <Summary numSequencePoints="9" visitedSequencePoints="0" numBranchPoints="0" visitedBranchPoints="0" sequenceCoverage="0.0" branchCoverage="0.0" maxCyclomaticComplexity="0" minCyclomaticComplexity="0" maxCrapScore="0" minCrapScore="0" visitedClasses="0" numClasses="1" visitedMethods="0" numMethods="4" />
          <FullName>UnityEngine.XR.Interaction.Toolkit.XRControllerRecorderValueBypass[TValue]</FullName>
          <Methods>
            <Method visited="false" cyclomaticComplexity="0" nPathComplexity="0" sequenceCoverage="0.0" branchCoverage="0" crapScore="0" isConstructor="false" isStatic="false" isGetter="true" isSetter="false">
              <Summary numSequencePoints="1" visitedSequencePoints="0" numBranchPoints="0" visitedBranchPoints="0" sequenceCoverage="0.0" branchCoverage="0" maxCyclomaticComplexity="0" minCyclomaticComplexity="0" maxCrapScore="0" minCrapScore="0" visitedClasses="0" numClasses="0" visitedMethods="0" numMethods="1" />
              <MetadataToken>100663486</MetadataToken>
              <Name>TValue UnityEngine.XR.Interaction.Toolkit.XRControllerRecorderValueBypass[TValue]::get_state()</Name>
              <FileRef uid="25" />
              <SequencePoints>
                <SequencePoint vc="0" uspid="31589" ordinal="0" offset="0" sl="57" sc="0" el="57" ec="0" bec="0" bev="0" fileid="25" />
              </SequencePoints>
              <BranchPoints />
            </Method>
            <Method visited="false" cyclomaticComplexity="0" nPathComplexity="0" sequenceCoverage="0.0" branchCoverage="0" crapScore="0" isConstructor="false" isStatic="false" isGetter="false" isSetter="true">
              <Summary numSequencePoints="1" visitedSequencePoints="0" numBranchPoints="0" visitedBranchPoints="0" sequenceCoverage="0.0" branchCoverage="0" maxCyclomaticComplexity="0" minCyclomaticComplexity="0" maxCrapScore="0" minCrapScore="0" visitedClasses="0" numClasses="0" visitedMethods="0" numMethods="1" />
              <MetadataToken>100663487</MetadataToken>
              <Name>System.Void UnityEngine.XR.Interaction.Toolkit.XRControllerRecorderValueBypass[TValue]::set_state(TValue)</Name>
              <FileRef uid="25" />
              <SequencePoints>
                <SequencePoint vc="0" uspid="31590" ordinal="0" offset="0" sl="57" sc="0" el="57" ec="0" bec="0" bev="0" fileid="25" />
              </SequencePoints>
              <BranchPoints />
            </Method>
            <Method visited="false" cyclomaticComplexity="0" nPathComplexity="0" sequenceCoverage="0.0" branchCoverage="0" crapScore="0" isConstructor="false" isStatic="false" isGetter="false" isSetter="false">
              <Summary numSequencePoints="3" visitedSequencePoints="0" numBranchPoints="0" visitedBranchPoints="0" sequenceCoverage="0.0" branchCoverage="0" maxCyclomaticComplexity="0" minCyclomaticComplexity="0" maxCrapScore="0" minCrapScore="0" visitedClasses="0" numClasses="0" visitedMethods="0" numMethods="1" />
              <MetadataToken>100663488</MetadataToken>
              <Name>TValue UnityEngine.XR.Interaction.Toolkit.XRControllerRecorderValueBypass[TValue]::ReadValue()</Name>
              <FileRef uid="25" />
              <SequencePoints>
                <SequencePoint vc="0" uspid="31591" ordinal="0" offset="0" sl="61" sc="0" el="61" ec="0" bec="0" bev="0" fileid="25" />
                <SequencePoint vc="0" uspid="31592" ordinal="0" offset="1" sl="62" sc="0" el="62" ec="0" bec="0" bev="0" fileid="25" />
                <SequencePoint vc="0" uspid="31593" ordinal="0" offset="10" sl="63" sc="0" el="63" ec="0" bec="0" bev="0" fileid="25" />
              </SequencePoints>
              <BranchPoints />
            </Method>
            <Method visited="false" cyclomaticComplexity="0" nPathComplexity="0" sequenceCoverage="0.0" branchCoverage="0" crapScore="0" isConstructor="false" isStatic="false" isGetter="false" isSetter="false">
              <Summary numSequencePoints="4" visitedSequencePoints="0" numBranchPoints="0" visitedBranchPoints="0" sequenceCoverage="0.0" branchCoverage="0" maxCyclomaticComplexity="0" minCyclomaticComplexity="0" maxCrapScore="0" minCrapScore="0" visitedClasses="0" numClasses="0" visitedMethods="0" numMethods="1" />
              <MetadataToken>100663489</MetadataToken>
              <Name>System.Boolean UnityEngine.XR.Interaction.Toolkit.XRControllerRecorderValueBypass[TValue]::TryReadValue()</Name>
              <FileRef uid="25" />
              <SequencePoints>
                <SequencePoint vc="0" uspid="31594" ordinal="0" offset="0" sl="67" sc="0" el="67" ec="0" bec="0" bev="0" fileid="25" />
                <SequencePoint vc="0" uspid="31595" ordinal="0" offset="1" sl="68" sc="0" el="68" ec="0" bec="0" bev="0" fileid="25" />
                <SequencePoint vc="0" uspid="31596" ordinal="0" offset="13" sl="69" sc="0" el="69" ec="0" bec="0" bev="0" fileid="25" />
                <SequencePoint vc="0" uspid="31597" ordinal="0" offset="17" sl="70" sc="0" el="70" ec="0" bec="0" bev="0" fileid="25" />
              </SequencePoints>
              <BranchPoints />
            </Method>
          </Methods>
        </Class>
        <Class>
          <Summary numSequencePoints="2" visitedSequencePoints="2" numBranchPoints="0" visitedBranchPoints="0" sequenceCoverage="100.0" branchCoverage="0.0" maxCyclomaticComplexity="0" minCyclomaticComplexity="0" maxCrapScore="0" minCrapScore="0" visitedClasses="1" numClasses="1" visitedMethods="1" numMethods="1" />
          <FullName>UnityEngine.XR.Interaction.Toolkit.InteractionLayerMask</FullName>
          <Methods>
            <Method visited="true" cyclomaticComplexity="0" nPathComplexity="0" sequenceCoverage="100.0" branchCoverage="0" crapScore="0" isConstructor="false" isStatic="false" isGetter="false" isSetter="false">
              <Summary numSequencePoints="2" visitedSequencePoints="2" numBranchPoints="0" visitedBranchPoints="0" sequenceCoverage="100.0" branchCoverage="0" maxCyclomaticComplexity="0" minCyclomaticComplexity="0" maxCrapScore="0" minCrapScore="0" visitedClasses="0" numClasses="0" visitedMethods="1" numMethods="1" />
              <MetadataToken>100663706</MetadataToken>
              <Name>System.Void UnityEngine.XR.Interaction.Toolkit.InteractionLayerMask::OnBeforeSerialize()</Name>
              <FileRef uid="33" />
              <SequencePoints>
                <SequencePoint vc="72" uspid="32319" ordinal="0" offset="0" sl="110" sc="9" el="110" ec="9" bec="0" bev="0" fileid="33" />
                <SequencePoint vc="72" uspid="32320" ordinal="0" offset="1" sl="111" sc="9" el="111" ec="9" bec="0" bev="0" fileid="33" />
              </SequencePoints>
              <BranchPoints />
            </Method>
          </Methods>
        </Class>
        <Class>
          <Summary numSequencePoints="24" visitedSequencePoints="0" numBranchPoints="0" visitedBranchPoints="0" sequenceCoverage="0.0" branchCoverage="0.0" maxCyclomaticComplexity="0" minCyclomaticComplexity="0" maxCrapScore="0" minCrapScore="0" visitedClasses="0" numClasses="1" visitedMethods="0" numMethods="2" />
          <FullName>UnityEngine.XR.Interaction.Toolkit.SortingHelpers</FullName>
          <Methods>
            <Method visited="false" cyclomaticComplexity="0" nPathComplexity="0" sequenceCoverage="0.0" branchCoverage="0" crapScore="0" isConstructor="false" isStatic="true" isGetter="false" isSetter="false">
              <Summary numSequencePoints="1" visitedSequencePoints="0" numBranchPoints="0" visitedBranchPoints="0" sequenceCoverage="0.0" branchCoverage="0" maxCyclomaticComplexity="0" minCyclomaticComplexity="0" maxCrapScore="0" minCrapScore="0" visitedClasses="0" numClasses="0" visitedMethods="0" numMethods="1" />
              <MetadataToken>100664133</MetadataToken>
              <Name>static System.Void UnityEngine.XR.Interaction.Toolkit.SortingHelpers::Sort[T](System.Collections.Generic.IList[T], System.Collections.Generic.IComparer[T])</Name>
              <FileRef uid="52" />
              <SequencePoints>
                <SequencePoint vc="0" uspid="34352" ordinal="0" offset="0" sl="65" sc="0" el="65" ec="0" bec="0" bev="0" fileid="52" />
              </SequencePoints>
              <BranchPoints />
            </Method>
            <Method visited="false" cyclomaticComplexity="0" nPathComplexity="0" sequenceCoverage="0.0" branchCoverage="0" crapScore="0" isConstructor="false" isStatic="true" isGetter="false" isSetter="false">
              <Summary numSequencePoints="23" visitedSequencePoints="0" numBranchPoints="0" visitedBranchPoints="0" sequenceCoverage="0.0" branchCoverage="0" maxCyclomaticComplexity="0" minCyclomaticComplexity="0" maxCrapScore="0" minCrapScore="0" visitedClasses="0" numClasses="0" visitedMethods="0" numMethods="1" />
              <MetadataToken>100664134</MetadataToken>
              <Name>static System.Void UnityEngine.XR.Interaction.Toolkit.SortingHelpers::Sort[T](System.Collections.Generic.IList[T], System.Collections.Generic.IComparer[T], System.Int32)</Name>
              <FileRef uid="52" />
              <SequencePoints>
                <SequencePoint vc="0" uspid="34353" ordinal="0" offset="0" sl="81" sc="0" el="81" ec="0" bec="0" bev="0" fileid="52" />
                <SequencePoint vc="0" uspid="34354" ordinal="0" offset="1" sl="82" sc="0" el="82" ec="0" bec="0" bev="0" fileid="52" />
                <SequencePoint vc="0" uspid="34355" ordinal="0" offset="12" sl="83" sc="0" el="83" ec="0" bec="0" bev="0" fileid="52" />
                <SequencePoint vc="0" uspid="34356" ordinal="0" offset="17" sl="85" sc="0" el="85" ec="0" bec="0" bev="0" fileid="52" />
                <SequencePoint vc="0" uspid="34357" ordinal="0" offset="26" sl="86" sc="0" el="86" ec="0" bec="0" bev="0" fileid="52" />
                <SequencePoint vc="0" uspid="34358" ordinal="0" offset="27" sl="87" sc="0" el="87" ec="0" bec="0" bev="0" fileid="52" />
                <SequencePoint vc="0" uspid="34359" ordinal="0" offset="29" sl="88" sc="0" el="88" ec="0" bec="0" bev="0" fileid="52" />
                <SequencePoint vc="0" uspid="34360" ordinal="0" offset="33" sl="89" sc="0" el="89" ec="0" bec="0" bev="0" fileid="52" />
                <SequencePoint vc="0" uspid="34361" ordinal="0" offset="34" sl="90" sc="0" el="90" ec="0" bec="0" bev="0" fileid="52" />
                <SequencePoint vc="0" uspid="34362" ordinal="0" offset="58" sl="91" sc="0" el="91" ec="0" bec="0" bev="0" fileid="52" />
                <SequencePoint vc="0" uspid="34363" ordinal="0" offset="69" sl="92" sc="0" el="92" ec="0" bec="0" bev="0" fileid="52" />
                <SequencePoint vc="0" uspid="34364" ordinal="0" offset="70" sl="93" sc="0" el="93" ec="0" bec="0" bev="0" fileid="52" />
                <SequencePoint vc="0" uspid="34365" ordinal="0" offset="130" sl="94" sc="0" el="94" ec="0" bec="0" bev="0" fileid="52" />
                <SequencePoint vc="0" uspid="34366" ordinal="0" offset="132" sl="95" sc="0" el="95" ec="0" bec="0" bev="0" fileid="52" />
                <SequencePoint vc="0" uspid="34367" ordinal="0" offset="133" sl="96" sc="0" el="96" ec="0" bec="0" bev="0" fileid="52" />
                <SequencePoint vc="0" uspid="34368" ordinal="0" offset="134" sl="88" sc="0" el="88" ec="0" bec="0" bev="0" fileid="52" />
                <SequencePoint vc="0" uspid="34369" ordinal="0" offset="138" sl="88" sc="0" el="88" ec="0" bec="0" bev="0" fileid="52" />
                <SequencePoint vc="0" uspid="34370" ordinal="0" offset="151" sl="99" sc="0" el="99" ec="0" bec="0" bev="0" fileid="52" />
                <SequencePoint vc="0" uspid="34371" ordinal="0" offset="161" sl="100" sc="0" el="100" ec="0" bec="0" bev="0" fileid="52" />
                <SequencePoint vc="0" uspid="34372" ordinal="0" offset="163" sl="101" sc="0" el="101" ec="0" bec="0" bev="0" fileid="52" />
                <SequencePoint vc="0" uspid="34373" ordinal="0" offset="164" sl="85" sc="0" el="85" ec="0" bec="0" bev="0" fileid="52" />
                <SequencePoint vc="0" uspid="34374" ordinal="0" offset="168" sl="85" sc="0" el="85" ec="0" bec="0" bev="0" fileid="52" />
                <SequencePoint vc="0" uspid="34375" ordinal="0" offset="181" sl="102" sc="0" el="102" ec="0" bec="0" bev="0" fileid="52" />
              </SequencePoints>
              <BranchPoints />
            </Method>
          </Methods>
        </Class>
        <Class>
          <Summary numSequencePoints="36" visitedSequencePoints="0" numBranchPoints="0" visitedBranchPoints="0" sequenceCoverage="0.0" branchCoverage="0.0" maxCyclomaticComplexity="0" minCyclomaticComplexity="0" maxCrapScore="0" minCrapScore="0" visitedClasses="0" numClasses="1" visitedMethods="0" numMethods="8" />
          <FullName>UnityEngine.XR.Interaction.Toolkit.Utilities.ComponentLocatorUtility[T]</FullName>
          <Methods>
            <Method visited="false" cyclomaticComplexity="0" nPathComplexity="0" sequenceCoverage="0.0" branchCoverage="0" crapScore="0" isConstructor="false" isStatic="true" isGetter="true" isSetter="false">
              <Summary numSequencePoints="1" visitedSequencePoints="0" numBranchPoints="0" visitedBranchPoints="0" sequenceCoverage="0.0" branchCoverage="0" maxCyclomaticComplexity="0" minCyclomaticComplexity="0" maxCrapScore="0" minCrapScore="0" visitedClasses="0" numClasses="0" visitedMethods="0" numMethods="1" />
              <MetadataToken>100664429</MetadataToken>
              <Name>static T UnityEngine.XR.Interaction.Toolkit.Utilities.ComponentLocatorUtility[T]::get_componentCache()</Name>
              <FileRef uid="59" />
              <SequencePoints>
                <SequencePoint vc="0" uspid="34647" ordinal="0" offset="0" sl="39" sc="0" el="39" ec="0" bec="0" bev="0" fileid="59" />
              </SequencePoints>
              <BranchPoints />
            </Method>
            <Method visited="false" cyclomaticComplexity="0" nPathComplexity="0" sequenceCoverage="0.0" branchCoverage="0" crapScore="0" isConstructor="false" isStatic="true" isGetter="false" isSetter="false">
              <Summary numSequencePoints="1" visitedSequencePoints="0" numBranchPoints="0" visitedBranchPoints="0" sequenceCoverage="0.0" branchCoverage="0" maxCyclomaticComplexity="0" minCyclomaticComplexity="0" maxCrapScore="0" minCrapScore="0" visitedClasses="0" numClasses="0" visitedMethods="0" numMethods="1" />
              <MetadataToken>100664430</MetadataToken>
              <Name>static System.Boolean UnityEngine.XR.Interaction.Toolkit.Utilities.ComponentLocatorUtility[T]::FindWasPerformedThisFrame()</Name>
              <FileRef uid="59" />
              <SequencePoints>
                <SequencePoint vc="0" uspid="34648" ordinal="0" offset="0" sl="46" sc="0" el="46" ec="0" bec="0" bev="0" fileid="59" />
              </SequencePoints>
              <BranchPoints />
            </Method>
            <Method visited="false" cyclomaticComplexity="0" nPathComplexity="0" sequenceCoverage="0.0" branchCoverage="0" crapScore="0" isConstructor="false" isStatic="true" isGetter="false" isSetter="false">
              <Summary numSequencePoints="9" visitedSequencePoints="0" numBranchPoints="0" visitedBranchPoints="0" sequenceCoverage="0.0" branchCoverage="0" maxCyclomaticComplexity="0" minCyclomaticComplexity="0" maxCrapScore="0" minCrapScore="0" visitedClasses="0" numClasses="0" visitedMethods="0" numMethods="1" />
              <MetadataToken>100664431</MetadataToken>
              <Name>static T UnityEngine.XR.Interaction.Toolkit.Utilities.ComponentLocatorUtility[T]::FindOrCreateComponent()</Name>
              <FileRef uid="59" />
              <SequencePoints>
                <SequencePoint vc="0" uspid="34649" ordinal="0" offset="0" sl="57" sc="0" el="57" ec="0" bec="0" bev="0" fileid="59" />
                <SequencePoint vc="0" uspid="34650" ordinal="0" offset="1" sl="58" sc="0" el="58" ec="0" bec="0" bev="0" fileid="59" />
                <SequencePoint vc="0" uspid="34651" ordinal="0" offset="21" sl="59" sc="0" el="59" ec="0" bec="0" bev="0" fileid="59" />
                <SequencePoint vc="0" uspid="34652" ordinal="0" offset="22" sl="60" sc="0" el="60" ec="0" bec="0" bev="0" fileid="59" />
                <SequencePoint vc="0" uspid="34653" ordinal="0" offset="32" sl="62" sc="0" el="62" ec="0" bec="0" bev="0" fileid="59" />
                <SequencePoint vc="0" uspid="34654" ordinal="0" offset="52" sl="63" sc="0" el="63" ec="0" bec="0" bev="0" fileid="59" />
                <SequencePoint vc="0" uspid="34655" ordinal="0" offset="101" sl="64" sc="0" el="64" ec="0" bec="0" bev="0" fileid="59" />
                <SequencePoint vc="0" uspid="34656" ordinal="0" offset="102" sl="66" sc="0" el="66" ec="0" bec="0" bev="0" fileid="59" />
                <SequencePoint vc="0" uspid="34657" ordinal="0" offset="110" sl="67" sc="0" el="67" ec="0" bec="0" bev="0" fileid="59" />
              </SequencePoints>
              <BranchPoints />
            </Method>
            <Method visited="false" cyclomaticComplexity="0" nPathComplexity="0" sequenceCoverage="0.0" branchCoverage="0" crapScore="0" isConstructor="false" isStatic="true" isGetter="false" isSetter="false">
              <Summary numSequencePoints="4" visitedSequencePoints="0" numBranchPoints="0" visitedBranchPoints="0" sequenceCoverage="0.0" branchCoverage="0" maxCyclomaticComplexity="0" minCyclomaticComplexity="0" maxCrapScore="0" minCrapScore="0" visitedClasses="0" numClasses="0" visitedMethods="0" numMethods="1" />
              <MetadataToken>100664432</MetadataToken>
              <Name>static T UnityEngine.XR.Interaction.Toolkit.Utilities.ComponentLocatorUtility[T]::FindComponent()</Name>
              <FileRef uid="59" />
              <SequencePoints>
                <SequencePoint vc="0" uspid="34658" ordinal="0" offset="0" sl="78" sc="0" el="78" ec="0" bec="0" bev="0" fileid="59" />
                <SequencePoint vc="0" uspid="34659" ordinal="0" offset="1" sl="79" sc="0" el="79" ec="0" bec="0" bev="0" fileid="59" />
                <SequencePoint vc="0" uspid="34660" ordinal="0" offset="9" sl="80" sc="0" el="80" ec="0" bec="0" bev="0" fileid="59" />
                <SequencePoint vc="0" uspid="34661" ordinal="0" offset="13" sl="81" sc="0" el="81" ec="0" bec="0" bev="0" fileid="59" />
              </SequencePoints>
              <BranchPoints />
            </Method>
            <Method visited="false" cyclomaticComplexity="0" nPathComplexity="0" sequenceCoverage="0.0" branchCoverage="0" crapScore="0" isConstructor="false" isStatic="true" isGetter="false" isSetter="false">
              <Summary numSequencePoints="9" visitedSequencePoints="0" numBranchPoints="0" visitedBranchPoints="0" sequenceCoverage="0.0" branchCoverage="0" maxCyclomaticComplexity="0" minCyclomaticComplexity="0" maxCrapScore="0" minCrapScore="0" visitedClasses="0" numClasses="0" visitedMethods="0" numMethods="1" />
              <MetadataToken>100664433</MetadataToken>
              <Name>static System.Boolean UnityEngine.XR.Interaction.Toolkit.Utilities.ComponentLocatorUtility[T]::TryFindComponent()</Name>
              <FileRef uid="59" />
              <SequencePoints>
                <SequencePoint vc="0" uspid="34662" ordinal="0" offset="0" sl="94" sc="0" el="94" ec="0" bec="0" bev="0" fileid="59" />
                <SequencePoint vc="0" uspid="34663" ordinal="0" offset="1" sl="95" sc="0" el="95" ec="0" bec="0" bev="0" fileid="59" />
                <SequencePoint vc="0" uspid="34664" ordinal="0" offset="21" sl="96" sc="0" el="96" ec="0" bec="0" bev="0" fileid="59" />
                <SequencePoint vc="0" uspid="34665" ordinal="0" offset="22" sl="97" sc="0" el="97" ec="0" bec="0" bev="0" fileid="59" />
                <SequencePoint vc="0" uspid="34666" ordinal="0" offset="33" sl="98" sc="0" el="98" ec="0" bec="0" bev="0" fileid="59" />
                <SequencePoint vc="0" uspid="34667" ordinal="0" offset="37" sl="101" sc="0" el="101" ec="0" bec="0" bev="0" fileid="59" />
                <SequencePoint vc="0" uspid="34668" ordinal="0" offset="47" sl="102" sc="0" el="102" ec="0" bec="0" bev="0" fileid="59" />
                <SequencePoint vc="0" uspid="34669" ordinal="0" offset="58" sl="103" sc="0" el="103" ec="0" bec="0" bev="0" fileid="59" />
                <SequencePoint vc="0" uspid="34670" ordinal="0" offset="78" sl="104" sc="0" el="104" ec="0" bec="0" bev="0" fileid="59" />
              </SequencePoints>
              <BranchPoints />
            </Method>
            <Method visited="false" cyclomaticComplexity="0" nPathComplexity="0" sequenceCoverage="0.0" branchCoverage="0" crapScore="0" isConstructor="false" isStatic="true" isGetter="false" isSetter="false">
              <Summary numSequencePoints="7" visitedSequencePoints="0" numBranchPoints="0" visitedBranchPoints="0" sequenceCoverage="0.0" branchCoverage="0" maxCyclomaticComplexity="0" minCyclomaticComplexity="0" maxCrapScore="0" minCrapScore="0" visitedClasses="0" numClasses="0" visitedMethods="0" numMethods="1" />
              <MetadataToken>100664434</MetadataToken>
              <Name>static System.Boolean UnityEngine.XR.Interaction.Toolkit.Utilities.ComponentLocatorUtility[T]::TryFindComponent(, System.Boolean)</Name>
              <FileRef uid="59" />
              <SequencePoints>
                <SequencePoint vc="0" uspid="34671" ordinal="0" offset="0" sl="114" sc="0" el="114" ec="0" bec="0" bev="0" fileid="59" />
                <SequencePoint vc="0" uspid="34672" ordinal="0" offset="1" sl="116" sc="0" el="116" ec="0" bec="0" bev="0" fileid="59" />
                <SequencePoint vc="0" uspid="34673" ordinal="0" offset="34" sl="117" sc="0" el="117" ec="0" bec="0" bev="0" fileid="59" />
                <SequencePoint vc="0" uspid="34674" ordinal="0" offset="35" sl="118" sc="0" el="118" ec="0" bec="0" bev="0" fileid="59" />
                <SequencePoint vc="0" uspid="34675" ordinal="0" offset="42" sl="119" sc="0" el="119" ec="0" bec="0" bev="0" fileid="59" />
                <SequencePoint vc="0" uspid="34676" ordinal="0" offset="46" sl="121" sc="0" el="121" ec="0" bec="0" bev="0" fileid="59" />
                <SequencePoint vc="0" uspid="34677" ordinal="0" offset="55" sl="122" sc="0" el="122" ec="0" bec="0" bev="0" fileid="59" />
              </SequencePoints>
              <BranchPoints />
            </Method>
            <Method visited="false" cyclomaticComplexity="0" nPathComplexity="0" sequenceCoverage="0.0" branchCoverage="0" crapScore="0" isConstructor="false" isStatic="true" isGetter="false" isSetter="false">
              <Summary numSequencePoints="4" visitedSequencePoints="0" numBranchPoints="0" visitedBranchPoints="0" sequenceCoverage="0.0" branchCoverage="0" maxCyclomaticComplexity="0" minCyclomaticComplexity="0" maxCrapScore="0" minCrapScore="0" visitedClasses="0" numClasses="0" visitedMethods="0" numMethods="1" />
              <MetadataToken>100664435</MetadataToken>
              <Name>static T UnityEngine.XR.Interaction.Toolkit.Utilities.ComponentLocatorUtility[T]::Find()</Name>
              <FileRef uid="59" />
              <SequencePoints>
                <SequencePoint vc="0" uspid="34678" ordinal="0" offset="0" sl="125" sc="0" el="125" ec="0" bec="0" bev="0" fileid="59" />
                <SequencePoint vc="0" uspid="34679" ordinal="0" offset="1" sl="126" sc="0" el="126" ec="0" bec="0" bev="0" fileid="59" />
                <SequencePoint vc="0" uspid="34680" ordinal="0" offset="11" sl="130" sc="0" el="130" ec="0" bec="0" bev="0" fileid="59" />
                <SequencePoint vc="0" uspid="34681" ordinal="0" offset="19" sl="135" sc="0" el="135" ec="0" bec="0" bev="0" fileid="59" />
              </SequencePoints>
              <BranchPoints />
            </Method>
            <Method visited="false" cyclomaticComplexity="0" nPathComplexity="0" sequenceCoverage="0.0" branchCoverage="0" crapScore="0" isConstructor="true" isStatic="true" isGetter="false" isSetter="false">
              <Summary numSequencePoints="1" visitedSequencePoints="0" numBranchPoints="0" visitedBranchPoints="0" sequenceCoverage="0.0" branchCoverage="0" maxCyclomaticComplexity="0" minCyclomaticComplexity="0" maxCrapScore="0" minCrapScore="0" visitedClasses="0" numClasses="0" visitedMethods="0" numMethods="1" />
              <MetadataToken>100664436</MetadataToken>
              <Name>static UnityEngine.XR.Interaction.Toolkit.Utilities.ComponentLocatorUtility[T]::ComponentLocatorUtility()</Name>
              <FileRef uid="59" />
              <SequencePoints>
                <SequencePoint vc="0" uspid="34682" ordinal="0" offset="0" sl="44" sc="0" el="44" ec="0" bec="0" bev="0" fileid="59" />
              </SequencePoints>
              <BranchPoints />
            </Method>
          </Methods>
        </Class>
        <Class>
          <Summary numSequencePoints="24" visitedSequencePoints="0" numBranchPoints="0" visitedBranchPoints="0" sequenceCoverage="0.0" branchCoverage="0.0" maxCyclomaticComplexity="0" minCyclomaticComplexity="0" maxCrapScore="0" minCrapScore="0" visitedClasses="0" numClasses="1" visitedMethods="0" numMethods="8" />
          <FullName>UnityEngine.XR.Interaction.Toolkit.Utilities.ExposedRegistrationList[T]</FullName>
          <Methods>
            <Method visited="false" cyclomaticComplexity="0" nPathComplexity="0" sequenceCoverage="0.0" branchCoverage="0" crapScore="0" isConstructor="false" isStatic="false" isGetter="true" isSetter="false">
              <Summary numSequencePoints="1" visitedSequencePoints="0" numBranchPoints="0" visitedBranchPoints="0" sequenceCoverage="0.0" branchCoverage="0" maxCyclomaticComplexity="0" minCyclomaticComplexity="0" maxCrapScore="0" minCrapScore="0" visitedClasses="0" numClasses="0" visitedMethods="0" numMethods="1" />
              <MetadataToken>100664445</MetadataToken>
              <Name>System.Int32 UnityEngine.XR.Interaction.Toolkit.Utilities.ExposedRegistrationList[T]::get_count()</Name>
              <FileRef uid="61" />
              <SequencePoints>
                <SequencePoint vc="0" uspid="34723" ordinal="0" offset="0" sl="19" sc="0" el="19" ec="0" bec="0" bev="0" fileid="61" />
              </SequencePoints>
              <BranchPoints />
            </Method>
            <Method visited="false" cyclomaticComplexity="0" nPathComplexity="0" sequenceCoverage="0.0" branchCoverage="0" crapScore="0" isConstructor="false" isStatic="false" isGetter="false" isSetter="false">
              <Summary numSequencePoints="5" visitedSequencePoints="0" numBranchPoints="0" visitedBranchPoints="0" sequenceCoverage="0.0" branchCoverage="0" maxCyclomaticComplexity="0" minCyclomaticComplexity="0" maxCrapScore="0" minCrapScore="0" visitedClasses="0" numClasses="0" visitedMethods="0" numMethods="1" />
              <MetadataToken>100664446</MetadataToken>
[...]
              <Summary numSequencePoints="3" visitedSequencePoints="0" numBranchPoints="0" visitedBranchPoints="0" sequenceCoverage="0.0" branchCoverage="0" maxCyclomaticComplexity="0" minCyclomaticComplexity="0" maxCrapScore="0" minCrapScore="0" visitedClasses="0" numClasses="0" visitedMethods="0" numMethods="1" />
              <MetadataToken>100669948</MetadataToken>
              <Name>T UnityEngine.XR.Interaction.Toolkit.AffordanceSystem.Receiver.BaseAffordanceStateReceiver[T]::GetCurrentValueForCapture()</Name>
              <FileRef uid="280" />
              <SequencePoints>
                <SequencePoint vc="0" uspid="58275" ordinal="0" offset="0" sl="243" sc="0" el="243" ec="0" bec="0" bev="0" fileid="280" />
                <SequencePoint vc="0" uspid="58276" ordinal="0" offset="1" sl="244" sc="0" el="244" ec="0" bec="0" bev="0" fileid="280" />
                <SequencePoint vc="0" uspid="58277" ordinal="0" offset="15" sl="245" sc="0" el="245" ec="0" bec="0" bev="0" fileid="280" />
              </SequencePoints>
              <BranchPoints />
            </Method>
            <Method visited="false" cyclomaticComplexity="0" nPathComplexity="0" sequenceCoverage="0.0" branchCoverage="0" crapScore="0" isConstructor="false" isStatic="false" isGetter="false" isSetter="false">
              <Summary numSequencePoints="3" visitedSequencePoints="0" numBranchPoints="0" visitedBranchPoints="0" sequenceCoverage="0.0" branchCoverage="0" maxCyclomaticComplexity="0" minCyclomaticComplexity="0" maxCrapScore="0" minCrapScore="0" visitedClasses="0" numClasses="0" visitedMethods="0" numMethods="1" />
              <MetadataToken>100669949</MetadataToken>
              <Name>T UnityEngine.XR.Interaction.Toolkit.AffordanceSystem.Receiver.BaseAffordanceStateReceiver[T]::ProcessTargetAffordanceValue(T)</Name>
              <FileRef uid="280" />
              <SequencePoints>
                <SequencePoint vc="0" uspid="58278" ordinal="0" offset="0" sl="253" sc="0" el="253" ec="0" bec="0" bev="0" fileid="280" />
                <SequencePoint vc="0" uspid="58279" ordinal="0" offset="1" sl="254" sc="0" el="254" ec="0" bec="0" bev="0" fileid="280" />
                <SequencePoint vc="0" uspid="58280" ordinal="0" offset="5" sl="255" sc="0" el="255" ec="0" bec="0" bev="0" fileid="280" />
              </SequencePoints>
              <BranchPoints />
            </Method>
            <Method visited="false" cyclomaticComplexity="0" nPathComplexity="0" sequenceCoverage="0.0" branchCoverage="0" crapScore="0" isConstructor="true" isStatic="false" isGetter="false" isSetter="false">
              <Summary numSequencePoints="1" visitedSequencePoints="0" numBranchPoints="0" visitedBranchPoints="0" sequenceCoverage="0.0" branchCoverage="0" maxCyclomaticComplexity="0" minCyclomaticComplexity="0" maxCrapScore="0" minCrapScore="0" visitedClasses="0" numClasses="0" visitedMethods="0" numMethods="1" />
              <MetadataToken>100669950</MetadataToken>
              <Name>UnityEngine.XR.Interaction.Toolkit.AffordanceSystem.Receiver.BaseAffordanceStateReceiver[T]::BaseAffordanceStateReceiver()</Name>
              <FileRef uid="280" />
              <SequencePoints>
                <SequencePoint vc="0" uspid="58281" ordinal="0" offset="0" sl="76" sc="0" el="76" ec="0" bec="0" bev="0" fileid="280" />
              </SequencePoints>
              <BranchPoints />
            </Method>
          </Methods>
        </Class>
        <Class>
          <Summary numSequencePoints="44" visitedSequencePoints="0" numBranchPoints="0" visitedBranchPoints="0" sequenceCoverage="0.0" branchCoverage="0.0" maxCyclomaticComplexity="0" minCyclomaticComplexity="0" maxCrapScore="0" minCrapScore="0" visitedClasses="0" numClasses="1" visitedMethods="0" numMethods="5" />
          <FullName>UnityEngine.XR.Interaction.Toolkit.AffordanceSystem.Receiver.BaseAsyncAffordanceStateReceiver[T]</FullName>
          <Methods>
            <Method visited="false" cyclomaticComplexity="0" nPathComplexity="0" sequenceCoverage="0.0" branchCoverage="0" crapScore="0" isConstructor="false" isStatic="false" isGetter="false" isSetter="false">
              <Summary numSequencePoints="7" visitedSequencePoints="0" numBranchPoints="0" visitedBranchPoints="0" sequenceCoverage="0.0" branchCoverage="0" maxCyclomaticComplexity="0" minCyclomaticComplexity="0" maxCrapScore="0" minCrapScore="0" visitedClasses="0" numClasses="0" visitedMethods="0" numMethods="1" />
              <MetadataToken>100669951</MetadataToken>
              <Name>System.Void UnityEngine.XR.Interaction.Toolkit.AffordanceSystem.Receiver.BaseAsyncAffordanceStateReceiver[T]::OnDestroy()</Name>
              <FileRef uid="281" />
              <SequencePoints>
                <SequencePoint vc="0" uspid="58282" ordinal="0" offset="0" sl="29" sc="0" el="29" ec="0" bec="0" bev="0" fileid="281" />
                <SequencePoint vc="0" uspid="58283" ordinal="0" offset="1" sl="30" sc="0" el="30" ec="0" bec="0" bev="0" fileid="281" />
                <SequencePoint vc="0" uspid="58284" ordinal="0" offset="13" sl="32" sc="0" el="32" ec="0" bec="0" bev="0" fileid="281" />
                <SequencePoint vc="0" uspid="58285" ordinal="0" offset="28" sl="33" sc="0" el="33" ec="0" bec="0" bev="0" fileid="281" />
                <SequencePoint vc="0" uspid="58286" ordinal="0" offset="40" sl="35" sc="0" el="35" ec="0" bec="0" bev="0" fileid="281" />
                <SequencePoint vc="0" uspid="58287" ordinal="0" offset="55" sl="36" sc="0" el="36" ec="0" bec="0" bev="0" fileid="281" />
                <SequencePoint vc="0" uspid="58288" ordinal="0" offset="67" sl="37" sc="0" el="37" ec="0" bec="0" bev="0" fileid="281" />
              </SequencePoints>
              <BranchPoints />
            </Method>
            <Method visited="false" cyclomaticComplexity="0" nPathComplexity="0" sequenceCoverage="0.0" branchCoverage="0" crapScore="0" isConstructor="false" isStatic="false" isGetter="false" isSetter="false">
              <Summary numSequencePoints="20" visitedSequencePoints="0" numBranchPoints="0" visitedBranchPoints="0" sequenceCoverage="0.0" branchCoverage="0" maxCyclomaticComplexity="0" minCyclomaticComplexity="0" maxCrapScore="0" minCrapScore="0" visitedClasses="0" numClasses="0" visitedMethods="0" numMethods="1" />
              <MetadataToken>100669952</MetadataToken>
              <Name>Unity.Jobs.JobHandle UnityEngine.XR.Interaction.Toolkit.AffordanceSystem.Receiver.BaseAsyncAffordanceStateReceiver[T]::HandleTween(System.Single)</Name>
              <FileRef uid="281" />
              <SequencePoints>
                <SequencePoint vc="0" uspid="58289" ordinal="0" offset="0" sl="41" sc="0" el="41" ec="0" bec="0" bev="0" fileid="281" />
                <SequencePoint vc="0" uspid="58290" ordinal="0" offset="1" sl="42" sc="0" el="42" ec="0" bec="0" bev="0" fileid="281" />
                <SequencePoint vc="0" uspid="58291" ordinal="0" offset="8" sl="44" sc="0" el="44" ec="0" bec="0" bev="0" fileid="281" />
                <SequencePoint vc="0" uspid="58292" ordinal="0" offset="20" sl="47" sc="0" el="47" ec="0" bec="0" bev="0" fileid="281" />
                <SequencePoint vc="0" uspid="58293" ordinal="0" offset="39" sl="48" sc="0" el="48" ec="0" bec="0" bev="0" fileid="281" />
                <SequencePoint vc="0" uspid="58294" ordinal="0" offset="49" sl="49" sc="0" el="49" ec="0" bec="0" bev="0" fileid="281" />
                <SequencePoint vc="0" uspid="58295" ordinal="0" offset="50" sl="51" sc="0" el="51" ec="0" bec="0" bev="0" fileid="281" />
                <SequencePoint vc="0" uspid="58296" ordinal="0" offset="64" sl="52" sc="0" el="52" ec="0" bec="0" bev="0" fileid="281" />
                <SequencePoint vc="0" uspid="58297" ordinal="0" offset="96" sl="53" sc="0" el="53" ec="0" bec="0" bev="0" fileid="281" />
                <SequencePoint vc="0" uspid="58298" ordinal="0" offset="113" sl="56" sc="0" el="56" ec="0" bec="0" bev="0" fileid="281" />
                <SequencePoint vc="0" uspid="58299" ordinal="0" offset="120" sl="57" sc="0" el="57" ec="0" bec="0" bev="0" fileid="281" />
                <SequencePoint vc="0" uspid="58300" ordinal="0" offset="127" sl="60" sc="0" el="60" ec="0" bec="0" bev="0" fileid="281" />
                <SequencePoint vc="0" uspid="58301" ordinal="0" offset="154" sl="61" sc="0" el="61" ec="0" bec="0" bev="0" fileid="281" />
                <SequencePoint vc="0" uspid="58302" ordinal="0" offset="155" sl="62" sc="0" el="62" ec="0" bec="0" bev="0" fileid="281" />
                <SequencePoint vc="0" uspid="58303" ordinal="0" offset="162" sl="63" sc="0" el="63" ec="0" bec="0" bev="0" fileid="281" />
                <SequencePoint vc="0" uspid="58304" ordinal="0" offset="169" sl="64" sc="0" el="64" ec="0" bec="0" bev="0" fileid="281" />
                <SequencePoint vc="0" uspid="58305" ordinal="0" offset="170" sl="66" sc="0" el="66" ec="0" bec="0" bev="0" fileid="281" />
                <SequencePoint vc="0" uspid="58306" ordinal="0" offset="289" sl="78" sc="0" el="78" ec="0" bec="0" bev="0" fileid="281" />
                <SequencePoint vc="0" uspid="58307" ordinal="0" offset="303" sl="79" sc="0" el="79" ec="0" bec="0" bev="0" fileid="281" />
                <SequencePoint vc="0" uspid="58308" ordinal="0" offset="313" sl="80" sc="0" el="80" ec="0" bec="0" bev="0" fileid="281" />
              </SequencePoints>
              <BranchPoints />
            </Method>
            <Method visited="false" cyclomaticComplexity="0" nPathComplexity="0" sequenceCoverage="0.0" branchCoverage="0" crapScore="0" isConstructor="false" isStatic="false" isGetter="false" isSetter="false">
              <Summary numSequencePoints="5" visitedSequencePoints="0" numBranchPoints="0" visitedBranchPoints="0" sequenceCoverage="0.0" branchCoverage="0" maxCyclomaticComplexity="0" minCyclomaticComplexity="0" maxCrapScore="0" minCrapScore="0" visitedClasses="0" numClasses="0" visitedMethods="0" numMethods="1" />
              <MetadataToken>100669953</MetadataToken>
              <Name>System.Void UnityEngine.XR.Interaction.Toolkit.AffordanceSystem.Receiver.BaseAsyncAffordanceStateReceiver[T]::UpdateStateFromCompletedJob()</Name>
              <FileRef uid="281" />
              <SequencePoints>
                <SequencePoint vc="0" uspid="58309" ordinal="0" offset="0" sl="84" sc="0" el="84" ec="0" bec="0" bev="0" fileid="281" />
                <SequencePoint vc="0" uspid="58310" ordinal="0" offset="1" sl="85" sc="0" el="85" ec="0" bec="0" bev="0" fileid="281" />
                <SequencePoint vc="0" uspid="58311" ordinal="0" offset="14" sl="86" sc="0" el="86" ec="0" bec="0" bev="0" fileid="281" />
                <SequencePoint vc="0" uspid="58312" ordinal="0" offset="16" sl="88" sc="0" el="88" ec="0" bec="0" bev="0" fileid="281" />
                <SequencePoint vc="0" uspid="58313" ordinal="0" offset="38" sl="89" sc="0" el="89" ec="0" bec="0" bev="0" fileid="281" />
              </SequencePoints>
              <BranchPoints />
            </Method>
            <Method visited="false" cyclomaticComplexity="0" nPathComplexity="0" sequenceCoverage="0.0" branchCoverage="0" crapScore="0" isConstructor="false" isStatic="false" isGetter="false" isSetter="false">
              <Summary numSequencePoints="4" visitedSequencePoints="0" numBranchPoints="0" visitedBranchPoints="0" sequenceCoverage="0.0" branchCoverage="0" maxCyclomaticComplexity="0" minCyclomaticComplexity="0" maxCrapScore="0" minCrapScore="0" visitedClasses="0" numClasses="0" visitedMethods="0" numMethods="1" />
              <MetadataToken>100669955</MetadataToken>
              <Name>System.Void UnityEngine.XR.Interaction.Toolkit.AffordanceSystem.Receiver.BaseAsyncAffordanceStateReceiver[T]::OnAffordanceThemeChanged(UnityEngine.XR.Interaction.Toolkit.AffordanceSystem.Theme.BaseAffordanceTheme[T])</Name>
              <FileRef uid="281" />
              <SequencePoints>
                <SequencePoint vc="0" uspid="58314" ordinal="0" offset="0" sl="100" sc="0" el="100" ec="0" bec="0" bev="0" fileid="281" />
                <SequencePoint vc="0" uspid="58315" ordinal="0" offset="1" sl="101" sc="0" el="101" ec="0" bec="0" bev="0" fileid="281" />
                <SequencePoint vc="0" uspid="58316" ordinal="0" offset="9" sl="104" sc="0" el="104" ec="0" bec="0" bev="0" fileid="281" />
                <SequencePoint vc="0" uspid="58317" ordinal="0" offset="32" sl="105" sc="0" el="105" ec="0" bec="0" bev="0" fileid="281" />
              </SequencePoints>
              <BranchPoints />
            </Method>
            <Method visited="false" cyclomaticComplexity="0" nPathComplexity="0" sequenceCoverage="0.0" branchCoverage="0" crapScore="0" isConstructor="false" isStatic="false" isGetter="false" isSetter="false">
              <Summary numSequencePoints="8" visitedSequencePoints="0" numBranchPoints="0" visitedBranchPoints="0" sequenceCoverage="0.0" branchCoverage="0" maxCyclomaticComplexity="0" minCyclomaticComplexity="0" maxCrapScore="0" minCrapScore="0" visitedClasses="0" numClasses="0" visitedMethods="0" numMethods="1" />
              <MetadataToken>100669956</MetadataToken>
              <Name>Unity.Collections.NativeArray[T] UnityEngine.XR.Interaction.Toolkit.AffordanceSystem.Receiver.BaseAsyncAffordanceStateReceiver[T]::GetJobOutputStore()</Name>
              <FileRef uid="281" />
              <SequencePoints>
                <SequencePoint vc="0" uspid="58318" ordinal="0" offset="0" sl="108" sc="0" el="108" ec="0" bec="0" bev="0" fileid="281" />
                <SequencePoint vc="0" uspid="58319" ordinal="0" offset="1" sl="109" sc="0" el="109" ec="0" bec="0" bev="0" fileid="281" />
                <SequencePoint vc="0" uspid="58320" ordinal="0" offset="22" sl="110" sc="0" el="110" ec="0" bec="0" bev="0" fileid="281" />
                <SequencePoint vc="0" uspid="58321" ordinal="0" offset="23" sl="111" sc="0" el="111" ec="0" bec="0" bev="0" fileid="281" />
                <SequencePoint vc="0" uspid="58322" ordinal="0" offset="37" sl="112" sc="0" el="112" ec="0" bec="0" bev="0" fileid="281" />
                <SequencePoint vc="0" uspid="58323" ordinal="0" offset="44" sl="113" sc="0" el="113" ec="0" bec="0" bev="0" fileid="281" />
                <SequencePoint vc="0" uspid="58324" ordinal="0" offset="45" sl="115" sc="0" el="115" ec="0" bec="0" bev="0" fileid="281" />
                <SequencePoint vc="0" uspid="58325" ordinal="0" offset="54" sl="116" sc="0" el="116" ec="0" bec="0" bev="0" fileid="281" />
              </SequencePoints>
              <BranchPoints />
            </Method>
          </Methods>
        </Class>
        <Class>
          <Summary numSequencePoints="16" visitedSequencePoints="0" numBranchPoints="0" visitedBranchPoints="0" sequenceCoverage="0.0" branchCoverage="0.0" maxCyclomaticComplexity="0" minCyclomaticComplexity="0" maxCrapScore="0" minCrapScore="0" visitedClasses="0" numClasses="1" visitedMethods="0" numMethods="1" />
          <FullName>UnityEngine.XR.Interaction.Toolkit.AffordanceSystem.Receiver.BaseSynchronousAffordanceStateReceiver[T]</FullName>
          <Methods>
            <Method visited="false" cyclomaticComplexity="0" nPathComplexity="0" sequenceCoverage="0.0" branchCoverage="0" crapScore="0" isConstructor="false" isStatic="false" isGetter="false" isSetter="false">
              <Summary numSequencePoints="16" visitedSequencePoints="0" numBranchPoints="0" visitedBranchPoints="0" sequenceCoverage="0.0" branchCoverage="0" maxCyclomaticComplexity="0" minCyclomaticComplexity="0" maxCrapScore="0" minCrapScore="0" visitedClasses="0" numClasses="0" visitedMethods="0" numMethods="1" />
              <MetadataToken>100669958</MetadataToken>
              <Name>System.Void UnityEngine.XR.Interaction.Toolkit.AffordanceSystem.Receiver.BaseSynchronousAffordanceStateReceiver[T]::HandleTween(System.Single)</Name>
              <FileRef uid="282" />
              <SequencePoints>
                <SequencePoint vc="0" uspid="58326" ordinal="0" offset="0" sl="18" sc="0" el="18" ec="0" bec="0" bev="0" fileid="282" />
                <SequencePoint vc="0" uspid="58327" ordinal="0" offset="1" sl="19" sc="0" el="19" ec="0" bec="0" bev="0" fileid="282" />
                <SequencePoint vc="0" uspid="58328" ordinal="0" offset="8" sl="21" sc="0" el="21" ec="0" bec="0" bev="0" fileid="282" />
                <SequencePoint vc="0" uspid="58329" ordinal="0" offset="20" sl="24" sc="0" el="24" ec="0" bec="0" bev="0" fileid="282" />
                <SequencePoint vc="0" uspid="58330" ordinal="0" offset="39" sl="25" sc="0" el="25" ec="0" bec="0" bev="0" fileid="282" />
                <SequencePoint vc="0" uspid="58331" ordinal="0" offset="49" sl="26" sc="0" el="26" ec="0" bec="0" bev="0" fileid="282" />
                <SequencePoint vc="0" uspid="58332" ordinal="0" offset="50" sl="28" sc="0" el="28" ec="0" bec="0" bev="0" fileid="282" />
                <SequencePoint vc="0" uspid="58333" ordinal="0" offset="64" sl="29" sc="0" el="29" ec="0" bec="0" bev="0" fileid="282" />
                <SequencePoint vc="0" uspid="58334" ordinal="0" offset="96" sl="30" sc="0" el="30" ec="0" bec="0" bev="0" fileid="282" />
                <SequencePoint vc="0" uspid="58335" ordinal="0" offset="98" sl="34" sc="0" el="34" ec="0" bec="0" bev="0" fileid="282" />
                <SequencePoint vc="0" uspid="58336" ordinal="0" offset="122" sl="37" sc="0" el="37" ec="0" bec="0" bev="0" fileid="282" />
                <SequencePoint vc="0" uspid="58337" ordinal="0" offset="144" sl="40" sc="0" el="40" ec="0" bec="0" bev="0" fileid="282" />
                <SequencePoint vc="0" uspid="58338" ordinal="0" offset="176" sl="43" sc="0" el="43" ec="0" bec="0" bev="0" fileid="282" />
                <SequencePoint vc="0" uspid="58339" ordinal="0" offset="186" sl="46" sc="0" el="46" ec="0" bec="0" bev="0" fileid="282" />
                <SequencePoint vc="0" uspid="58340" ordinal="0" offset="208" sl="49" sc="0" el="49" ec="0" bec="0" bev="0" fileid="282" />
                <SequencePoint vc="0" uspid="58341" ordinal="0" offset="217" sl="50" sc="0" el="50" ec="0" bec="0" bev="0" fileid="282" />
              </SequencePoints>
              <BranchPoints />
            </Method>
          </Methods>
        </Class>
        <Class>
          <Summary numSequencePoints="1" visitedSequencePoints="0" numBranchPoints="0" visitedBranchPoints="0" sequenceCoverage="0.0" branchCoverage="0.0" maxCyclomaticComplexity="0" minCyclomaticComplexity="0" maxCrapScore="0" minCrapScore="0" visitedClasses="0" numClasses="1" visitedMethods="0" numMethods="1" />
          <FullName>UnityEngine.XR.Interaction.Toolkit.AffordanceSystem.Jobs.TweenJobData[T]</FullName>
          <Methods>
            <Method visited="false" cyclomaticComplexity="0" nPathComplexity="0" sequenceCoverage="0.0" branchCoverage="0" crapScore="0" isConstructor="false" isStatic="false" isGetter="true" isSetter="false">
              <Summary numSequencePoints="1" visitedSequencePoints="0" numBranchPoints="0" visitedBranchPoints="0" sequenceCoverage="0.0" branchCoverage="0" maxCyclomaticComplexity="0" minCyclomaticComplexity="0" maxCrapScore="0" minCrapScore="0" visitedClasses="0" numClasses="0" visitedMethods="0" numMethods="1" />
              <MetadataToken>100670158</MetadataToken>
              <Name>System.Single UnityEngine.XR.Interaction.Toolkit.AffordanceSystem.Jobs.TweenJobData[T]::get_stateTransitionAmountFloat()</Name>
              <FileRef uid="302" />
              <SequencePoints>
                <SequencePoint vc="0" uspid="58902" ordinal="0" offset="0" sl="51" sc="0" el="51" ec="0" bec="0" bev="0" fileid="302" />
              </SequencePoints>
              <BranchPoints />
            </Method>
          </Methods>
        </Class>
      </Classes>
    </Module>
  </Modules>
</CoverageSession>