<?xml version="1.0" encoding="utf-8"?>
<CoverageSession xmlns:xsd="http://www.w3.org/2001/XMLSchema" xmlns:xsi="http://www.w3.org/2001/XMLSchema-instance" Version="0.0.0.0">
  <Summary numSequencePoints="1904" visitedSequencePoints="1551" numBranchPoints="0" visitedBranchPoints="0" sequenceCoverage="81.46" branchCoverage="0.0" maxCyclomaticComplexity="0" minCyclomaticComplexity="0" maxCrapScore="0" minCrapScore="0" visitedClasses="37" numClasses="37" visitedMethods="210" numMethods="210" />
  <Modules>
    <Module>
      <Summary numSequencePoints="445" visitedSequencePoints="386" numBranchPoints="0" visitedBranchPoints="0" sequenceCoverage="86.74" branchCoverage="0.0" maxCyclomaticComplexity="0" minCyclomaticComplexity="0" maxCrapScore="0" minCrapScore="0" visitedClasses="13" numClasses="13" visitedMethods="59" numMethods="59" />
      <ModuleTime>0001-01-01T00:00:00</ModuleTime>
      <ModuleName>Assembly-CSharp</ModuleName>
      <Files>
        <File uid="1" fullPath="/Users/ruizhengu/Projects/XRIExample/Assets/VRTemplateAssets/Scripts/AnchorVisuals.cs" />
        <File uid="2" fullPath="/Users/ruizhengu/Projects/XRIExample/Assets/VRTemplateAssets/Scripts/BezierCurve.cs" />
        <File uid="3" fullPath="/Users/ruizhengu/Projects/XRIExample/Assets/VRTemplateAssets/Scripts/BooleanToggleVisualsController.cs" />
        <File uid="4" fullPath="/Users/ruizhengu/Projects/XRIExample/Assets/VRTemplateAssets/Scripts/Callout.cs" />
        <File uid="5" fullPath="/Users/ruizhengu/Projects/XRIExample/Assets/VRTemplateAssets/Scripts/CalloutGazeController.cs" />
        <File uid="6" fullPath="/Users/ruizhengu/Projects/XRIExample/Assets/VRTemplateAssets/Scripts/DestroyObject.cs" />
        <File uid="7" fullPath="/Users/ruizhengu/Projects/XRIExample/Assets/VRTemplateAssets/Scripts/HandSubsystemManager.cs" />
        <File uid="8" fullPath="/Users/ruizhengu/Projects/XRIExample/Assets/VRTemplateAssets/Scripts/LaunchProjectile.cs" />
        <File uid="9" fullPath="/Users/ruizhengu/Projects/XRIExample/Assets/VRTemplateAssets/Scripts/PermissionsManager.cs" />
        <File uid="10" fullPath="/Users/ruizhengu/Projects/XRIExample/Assets/VRTemplateAssets/Scripts/RayAttachModifier.cs" />
        <File uid="11" fullPath="/Users/ruizhengu/Projects/XRIExample/Assets/VRTemplateAssets/Scripts/Rotator.cs" />
        <File uid="12" fullPath="/Users/ruizhengu/Projects/XRIExample/Assets/VRTemplateAssets/Scripts/StepManager.cs" />
        <File uid="13" fullPath="/Users/ruizhengu/Projects/XRIExample/Assets/VRTemplateAssets/Scripts/VideoPlayerRenderTexture.cs" />
        <File uid="14" fullPath="/Users/ruizhengu/Projects/XRIExample/Assets/VRTemplateAssets/Scripts/VideoTimeScrubControl.cs" />
        <File uid="15" fullPath="/Users/ruizhengu/Projects/XRIExample/Assets/VRTemplateAssets/Scripts/XRKnob.cs" />
        <File uid="16" fullPath="/Users/ruizhengu/Projects/XRIExample/Assets/VRTemplateAssets/Scripts/XRPokeFollowAffordanceFill.cs" />
      </Files>
      <Classes>
        <Class>
          <Summary numSequencePoints="16" visitedSequencePoints="16" numBranchPoints="0" visitedBranchPoints="0" sequenceCoverage="100.0" branchCoverage="0.0" maxCyclomaticComplexity="0" minCyclomaticComplexity="0" maxCrapScore="0" minCrapScore="0" visitedClasses="1" numClasses="1" visitedMethods="3" numMethods="3" />
          <FullName>Unity.VRTemplate.AnchorVisuals</FullName>
          <Methods>
            <Method visited="true" cyclomaticComplexity="0" nPathComplexity="0" sequenceCoverage="100.0" branchCoverage="0" crapScore="0" isConstructor="false" isStatic="false" isGetter="false" isSetter="false">
              <Summary numSequencePoints="11" visitedSequencePoints="11" numBranchPoints="0" visitedBranchPoints="0" sequenceCoverage="100.0" branchCoverage="0" maxCyclomaticComplexity="0" minCyclomaticComplexity="0" maxCrapScore="0" minCrapScore="0" visitedClasses="0" numClasses="0" visitedMethods="1" numMethods="1" />
              <MetadataToken>100663299</MetadataToken>
              <Name>System.Void Unity.VRTemplate.AnchorVisuals::Start()</Name>
              <FileRef uid="1" />
              <SequencePoints>
                <SequencePoint vc="1" uspid="1" ordinal="0" offset="0" sl="35" sc="9" el="35" ec="9" bec="0" bev="0" fileid="1" />
                <SequencePoint vc="1" uspid="2" ordinal="0" offset="1" sl="36" sc="13" el="36" ec="13" bec="0" bev="0" fileid="1" />
                <SequencePoint vc="1" uspid="3" ordinal="0" offset="17" sl="37" sc="13" el="37" ec="13" bec="0" bev="0" fileid="1" />
                <SequencePoint vc="1" uspid="4" ordinal="0" offset="18" sl="38" sc="17" el="38" ec="17" bec="0" bev="0" fileid="1" />
                <SequencePoint vc="1" uspid="5" ordinal="0" offset="25" sl="39" sc="17" el="39" ec="17" bec="0" bev="0" fileid="1" />
                <SequencePoint vc="1" uspid="6" ordinal="0" offset="42" sl="40" sc="17" el="40" ec="17" bec="0" bev="0" fileid="1" />
                <SequencePoint vc="1" uspid="7" ordinal="0" offset="60" sl="41" sc="13" el="41" ec="13" bec="0" bev="0" fileid="1" />
                <SequencePoint vc="1" uspid="8" ordinal="0" offset="61" sl="44" sc="13" el="44" ec="13" bec="0" bev="0" fileid="1" />
                <SequencePoint vc="1" uspid="9" ordinal="0" offset="72" sl="46" sc="13" el="46" ec="13" bec="0" bev="0" fileid="1" />
                <SequencePoint vc="1" uspid="10" ordinal="0" offset="90" sl="47" sc="13" el="47" ec="13" bec="0" bev="0" fileid="1" />
                <SequencePoint vc="1" uspid="11" ordinal="0" offset="107" sl="48" sc="9" el="48" ec="9" bec="0" bev="0" fileid="1" />
              </SequencePoints>
              <BranchPoints />
            </Method>
            <Method visited="true" cyclomaticComplexity="0" nPathComplexity="0" sequenceCoverage="100.0" branchCoverage="0" crapScore="0" isConstructor="false" isStatic="false" isGetter="false" isSetter="false">
              <Summary numSequencePoints="3" visitedSequencePoints="3" numBranchPoints="0" visitedBranchPoints="0" sequenceCoverage="100.0" branchCoverage="0" maxCyclomaticComplexity="0" minCyclomaticComplexity="0" maxCrapScore="0" minCrapScore="0" visitedClasses="0" numClasses="0" visitedMethods="1" numMethods="1" />
              <MetadataToken>100663300</MetadataToken>
              <Name>System.Void Unity.VRTemplate.AnchorVisuals::Update()</Name>
              <FileRef uid="1" />
              <SequencePoints>
                <SequencePoint vc="4392" uspid="12" ordinal="0" offset="0" sl="51" sc="9" el="51" ec="9" bec="0" bev="0" fileid="1" />
                <SequencePoint vc="4392" uspid="13" ordinal="0" offset="1" sl="52" sc="13" el="52" ec="13" bec="0" bev="0" fileid="1" />
                <SequencePoint vc="4392" uspid="14" ordinal="0" offset="29" sl="53" sc="9" el="53" ec="9" bec="0" bev="0" fileid="1" />
              </SequencePoints>
              <BranchPoints />
            </Method>
            <Method visited="true" cyclomaticComplexity="0" nPathComplexity="0" sequenceCoverage="100.0" branchCoverage="0" crapScore="0" isConstructor="true" isStatic="false" isGetter="false" isSetter="false">
              <Summary numSequencePoints="2" visitedSequencePoints="2" numBranchPoints="0" visitedBranchPoints="0" sequenceCoverage="100.0" branchCoverage="0" maxCyclomaticComplexity="0" minCyclomaticComplexity="0" maxCrapScore="0" minCrapScore="0" visitedClasses="0" numClasses="0" visitedMethods="1" numMethods="1" />
              <MetadataToken>100663304</MetadataToken>
              <Name>Unity.VRTemplate.AnchorVisuals::AnchorVisuals()</Name>
              <FileRef uid="1" />
              <SequencePoints>
                <SequencePoint vc="2" uspid="47" ordinal="0" offset="0" sl="20" sc="9" el="20" ec="9" bec="0" bev="0" fileid="1" />
                <SequencePoint vc="2" uspid="48" ordinal="0" offset="11" sl="23" sc="9" el="23" ec="9" bec="0" bev="0" fileid="1" />
              </SequencePoints>
              <BranchPoints />
            </Method>
          </Methods>
        </Class>
        <Class>
          <Summary numSequencePoints="90" visitedSequencePoints="85" numBranchPoints="0" visitedBranchPoints="0" sequenceCoverage="94.44" branchCoverage="0.0" maxCyclomaticComplexity="0" minCyclomaticComplexity="0" maxCrapScore="0" minCrapScore="0" visitedClasses="1" numClasses="1" visitedMethods="9" numMethods="9" />
          <FullName>Unity.VRTemplate.BezierCurve</FullName>
          <Methods>
            <Method visited="true" cyclomaticComplexity="0" nPathComplexity="0" sequenceCoverage="80.00" branchCoverage="0" crapScore="0" isConstructor="false" isStatic="false" isGetter="false" isSetter="false">
              <Summary numSequencePoints="5" visitedSequencePoints="4" numBranchPoints="0" visitedBranchPoints="0" sequenceCoverage="80.00" branchCoverage="0" maxCyclomaticComplexity="0" minCyclomaticComplexity="0" maxCrapScore="0" minCrapScore="0" visitedClasses="0" numClasses="0" visitedMethods="1" numMethods="1" />
              <MetadataToken>100663305</MetadataToken>
              <Name>System.Void Unity.VRTemplate.BezierCurve::Awake()</Name>
              <FileRef uid="2" />
              <SequencePoints>
                <SequencePoint vc="8" uspid="49" ordinal="0" offset="0" sl="81" sc="9" el="81" ec="9" bec="0" bev="0" fileid="2" />
                <SequencePoint vc="8" uspid="50" ordinal="0" offset="1" sl="82" sc="13" el="82" ec="13" bec="0" bev="0" fileid="2" />
                <SequencePoint vc="0" uspid="51" ordinal="0" offset="17" sl="83" sc="17" el="83" ec="17" bec="0" bev="0" fileid="2" />
                <SequencePoint vc="8" uspid="52" ordinal="0" offset="29" sl="85" sc="13" el="85" ec="13" bec="0" bev="0" fileid="2" />
                <SequencePoint vc="8" uspid="53" ordinal="0" offset="46" sl="86" sc="9" el="86" ec="9" bec="0" bev="0" fileid="2" />
              </SequencePoints>
              <BranchPoints />
            </Method>
            <Method visited="true" cyclomaticComplexity="0" nPathComplexity="0" sequenceCoverage="100.0" branchCoverage="0" crapScore="0" isConstructor="false" isStatic="false" isGetter="false" isSetter="false">
              <Summary numSequencePoints="4" visitedSequencePoints="4" numBranchPoints="0" visitedBranchPoints="0" sequenceCoverage="100.0" branchCoverage="0" maxCyclomaticComplexity="0" minCyclomaticComplexity="0" maxCrapScore="0" minCrapScore="0" visitedClasses="0" numClasses="0" visitedMethods="1" numMethods="1" />
              <MetadataToken>100663306</MetadataToken>
              <Name>System.Void Unity.VRTemplate.BezierCurve::OnEnable()</Name>
              <FileRef uid="2" />
              <SequencePoints>
                <SequencePoint vc="22" uspid="54" ordinal="0" offset="0" sl="89" sc="9" el="89" ec="9" bec="0" bev="0" fileid="2" />
                <SequencePoint vc="22" uspid="55" ordinal="0" offset="1" sl="90" sc="13" el="90" ec="13" bec="0" bev="0" fileid="2" />
                <SequencePoint vc="22" uspid="56" ordinal="0" offset="8" sl="91" sc="13" el="91" ec="13" bec="0" bev="0" fileid="2" />
                <SequencePoint vc="22" uspid="57" ordinal="0" offset="26" sl="92" sc="9" el="92" ec="9" bec="0" bev="0" fileid="2" />
              </SequencePoints>
              <BranchPoints />
            </Method>
            <Method visited="true" cyclomaticComplexity="0" nPathComplexity="0" sequenceCoverage="100.0" branchCoverage="0" crapScore="0" isConstructor="false" isStatic="false" isGetter="false" isSetter="false">
              <Summary numSequencePoints="3" visitedSequencePoints="3" numBranchPoints="0" visitedBranchPoints="0" sequenceCoverage="100.0" branchCoverage="0" maxCyclomaticComplexity="0" minCyclomaticComplexity="0" maxCrapScore="0" minCrapScore="0" visitedClasses="0" numClasses="0" visitedMethods="1" numMethods="1" />
              <MetadataToken>100663307</MetadataToken>
              <Name>System.Void Unity.VRTemplate.BezierCurve::OnDisable()</Name>
              <FileRef uid="2" />
              <SequencePoints>
                <SequencePoint vc="22" uspid="58" ordinal="0" offset="0" sl="95" sc="9" el="95" ec="9" bec="0" bev="0" fileid="2" />
                <SequencePoint vc="22" uspid="59" ordinal="0" offset="1" sl="96" sc="13" el="96" ec="13" bec="0" bev="0" fileid="2" />
                <SequencePoint vc="22" uspid="60" ordinal="0" offset="19" sl="98" sc="9" el="98" ec="9" bec="0" bev="0" fileid="2" />
              </SequencePoints>
              <BranchPoints />
            </Method>
            <Method visited="true" cyclomaticComplexity="0" nPathComplexity="0" sequenceCoverage="100.0" branchCoverage="0" crapScore="0" isConstructor="false" isStatic="false" isGetter="false" isSetter="false">
              <Summary numSequencePoints="4" visitedSequencePoints="4" numBranchPoints="0" visitedBranchPoints="0" sequenceCoverage="100.0" branchCoverage="0" maxCyclomaticComplexity="0" minCyclomaticComplexity="0" maxCrapScore="0" minCrapScore="0" visitedClasses="0" numClasses="0" visitedMethods="1" numMethods="1" />
              <MetadataToken>100663308</MetadataToken>
              <Name>System.Void Unity.VRTemplate.BezierCurve::OnBeforeRender()</Name>
              <FileRef uid="2" />
              <SequencePoints>
                <SequencePoint vc="33610" uspid="61" ordinal="0" offset="0" sl="101" sc="9" el="101" ec="9" bec="0" bev="0" fileid="2" />
                <SequencePoint vc="33610" uspid="62" ordinal="0" offset="1" sl="102" sc="13" el="102" ec="13" bec="0" bev="0" fileid="2" />
                <SequencePoint vc="33610" uspid="63" ordinal="0" offset="26" sl="103" sc="17" el="103" ec="17" bec="0" bev="0" fileid="2" />
                <SequencePoint vc="33610" uspid="64" ordinal="0" offset="33" sl="104" sc="9" el="104" ec="9" bec="0" bev="0" fileid="2" />
              </SequencePoints>
              <BranchPoints />
            </Method>
            <Method visited="true" cyclomaticComplexity="0" nPathComplexity="0" sequenceCoverage="87.50" branchCoverage="0" crapScore="0" isConstructor="false" isStatic="false" isGetter="false" isSetter="false">
              <Summary numSequencePoints="8" visitedSequencePoints="7" numBranchPoints="0" visitedBranchPoints="0" sequenceCoverage="87.50" branchCoverage="0" maxCyclomaticComplexity="0" minCyclomaticComplexity="0" maxCrapScore="0" minCrapScore="0" visitedClasses="0" numClasses="0" visitedMethods="1" numMethods="1" />
              <MetadataToken>100663309</MetadataToken>
              <Name>System.Void Unity.VRTemplate.BezierCurve::Update()</Name>
              <FileRef uid="2" />
              <SequencePoints>
                <SequencePoint vc="33596" uspid="65" ordinal="0" offset="0" sl="107" sc="9" el="107" ec="9" bec="0" bev="0" fileid="2" />
                <SequencePoint vc="33596" uspid="66" ordinal="0" offset="1" sl="108" sc="13" el="108" ec="13" bec="0" bev="0" fileid="2" />
                <SequencePoint vc="0" uspid="67" ordinal="0" offset="26" sl="109" sc="17" el="109" ec="17" bec="0" bev="0" fileid="2" />
                <SequencePoint vc="33596" uspid="68" ordinal="0" offset="33" sl="111" sc="13" el="111" ec="13" bec="0" bev="0" fileid="2" />
                <SequencePoint vc="33596" uspid="69" ordinal="0" offset="43" sl="112" sc="13" el="112" ec="13" bec="0" bev="0" fileid="2" />
                <SequencePoint vc="33596" uspid="70" ordinal="0" offset="44" sl="113" sc="17" el="113" ec="17" bec="0" bev="0" fileid="2" />
                <SequencePoint vc="33596" uspid="71" ordinal="0" offset="51" sl="114" sc="13" el="114" ec="13" bec="0" bev="0" fileid="2" />
                <SequencePoint vc="33596" uspid="72" ordinal="0" offset="52" sl="115" sc="9" el="115" ec="9" bec="0" bev="0" fileid="2" />
              </SequencePoints>
              <BranchPoints />
            </Method>
            <Method visited="true" cyclomaticComplexity="0" nPathComplexity="0" sequenceCoverage="90.00" branchCoverage="0" crapScore="0" isConstructor="false" isStatic="false" isGetter="false" isSetter="false">
              <Summary numSequencePoints="30" visitedSequencePoints="27" numBranchPoints="0" visitedBranchPoints="0" sequenceCoverage="90.00" branchCoverage="0" maxCyclomaticComplexity="0" minCyclomaticComplexity="0" maxCrapScore="0" minCrapScore="0" visitedClasses="0" numClasses="0" visitedMethods="1" numMethods="1" />
              <MetadataToken>100663310</MetadataToken>
              <Name>System.Void Unity.VRTemplate.BezierCurve::DrawCurve()</Name>
              <FileRef uid="2" />
              <SequencePoints>
                <SequencePoint vc="33632" uspid="73" ordinal="0" offset="0" sl="122" sc="9" el="122" ec="9" bec="0" bev="0" fileid="2" />
                <SequencePoint vc="33632" uspid="74" ordinal="0" offset="1" sl="123" sc="13" el="123" ec="13" bec="0" bev="0" fileid="2" />
                <SequencePoint vc="33632" uspid="75" ordinal="0" offset="13" sl="124" sc="13" el="124" ec="13" bec="0" bev="0" fileid="2" />
                <SequencePoint vc="33632" uspid="76" ordinal="0" offset="25" sl="126" sc="13" el="126" ec="13" bec="0" bev="0" fileid="2" />
                <SequencePoint vc="22038" uspid="77" ordinal="0" offset="60" sl="128" sc="17" el="128" ec="17" bec="0" bev="0" fileid="2" />
                <SequencePoint vc="11594" uspid="78" ordinal="0" offset="65" sl="130" sc="13" el="130" ec="13" bec="0" bev="0" fileid="2" />
                <SequencePoint vc="11594" uspid="79" ordinal="0" offset="73" sl="132" sc="13" el="132" ec="13" bec="0" bev="0" fileid="2" />
                <SequencePoint vc="11594" uspid="80" ordinal="0" offset="86" sl="133" sc="13" el="133" ec="13" bec="0" bev="0" fileid="2" />
                <SequencePoint vc="11594" uspid="81" ordinal="0" offset="128" sl="134" sc="13" el="134" ec="13" bec="0" bev="0" fileid="2" />
                <SequencePoint vc="11594" uspid="82" ordinal="0" offset="170" sl="135" sc="13" el="135" ec="13" bec="0" bev="0" fileid="2" />
                <SequencePoint vc="11594" uspid="83" ordinal="0" offset="183" sl="139" sc="13" el="139" ec="13" bec="0" bev="0" fileid="2" />
                <SequencePoint vc="0" uspid="84" ordinal="0" offset="210" sl="140" sc="13" el="140" ec="13" bec="0" bev="0" fileid="2" />
                <SequencePoint vc="0" uspid="85" ordinal="0" offset="211" sl="141" sc="17" el="141" ec="17" bec="0" bev="0" fileid="2" />
                <SequencePoint vc="0" uspid="86" ordinal="0" offset="213" sl="142" sc="13" el="142" ec="13" bec="0" bev="0" fileid="2" />
                <SequencePoint vc="11594" uspid="87" ordinal="0" offset="216" sl="144" sc="13" el="144" ec="13" bec="0" bev="0" fileid="2" />
                <SequencePoint vc="11594" uspid="88" ordinal="0" offset="217" sl="145" sc="17" el="145" ec="17" bec="0" bev="0" fileid="2" />
                <SequencePoint vc="11594" uspid="89" ordinal="0" offset="224" sl="146" sc="13" el="146" ec="13" bec="0" bev="0" fileid="2" />
                <SequencePoint vc="11594" uspid="90" ordinal="0" offset="225" sl="148" sc="13" el="148" ec="13" bec="0" bev="0" fileid="2" />
                <SequencePoint vc="11594" uspid="91" ordinal="0" offset="240" sl="149" sc="13" el="149" ec="13" bec="0" bev="0" fileid="2" />
                <SequencePoint vc="11594" uspid="92" ordinal="0" offset="265" sl="150" sc="18" el="150" ec="18" bec="0" bev="0" fileid="2" />
                <SequencePoint vc="185504" uspid="93" ordinal="0" offset="270" sl="151" sc="13" el="151" ec="13" bec="0" bev="0" fileid="2" />
                <SequencePoint vc="185504" uspid="94" ordinal="0" offset="271" sl="152" sc="17" el="152" ec="17" bec="0" bev="0" fileid="2" />
                <SequencePoint vc="185504" uspid="95" ordinal="0" offset="279" sl="153" sc="17" el="153" ec="17" bec="0" bev="0" fileid="2" />
                <SequencePoint vc="185504" uspid="96" ordinal="0" offset="336" sl="154" sc="17" el="154" ec="17" bec="0" bev="0" fileid="2" />
                <SequencePoint vc="185504" uspid="97" ordinal="0" offset="352" sl="155" sc="13" el="155" ec="13" bec="0" bev="0" fileid="2" />
                <SequencePoint vc="185504" uspid="98" ordinal="0" offset="353" sl="150" sc="48" el="150" ec="48" bec="0" bev="0" fileid="2" />
                <SequencePoint vc="197098" uspid="99" ordinal="0" offset="359" sl="150" sc="29" el="150" ec="29" bec="0" bev="0" fileid="2" />
                <SequencePoint vc="11594" uspid="100" ordinal="0" offset="373" sl="157" sc="13" el="157" ec="13" bec="0" bev="0" fileid="2" />
                <SequencePoint vc="11594" uspid="101" ordinal="0" offset="380" sl="158" sc="13" el="158" ec="13" bec="0" bev="0" fileid="2" />
                <SequencePoint vc="33632" uspid="102" ordinal="0" offset="387" sl="159" sc="9" el="159" ec="9" bec="0" bev="0" fileid="2" />
              </SequencePoints>
              <BranchPoints />
            </Method>
            <Method visited="true" cyclomaticComplexity="0" nPathComplexity="0" sequenceCoverage="100.0" branchCoverage="0" crapScore="0" isConstructor="false" isStatic="true" isGetter="false" isSetter="false">
              <Summary numSequencePoints="12" visitedSequencePoints="12" numBranchPoints="0" visitedBranchPoints="0" sequenceCoverage="100.0" branchCoverage="0" maxCyclomaticComplexity="0" minCyclomaticComplexity="0" maxCrapScore="0" minCrapScore="0" visitedClasses="0" numClasses="0" visitedMethods="1" numMethods="1" />
              <MetadataToken>100663311</MetadataToken>
              <Name>static UnityEngine.Vector3 Unity.VRTemplate.BezierCurve::CalculateCubicBezierPoint(System.Single, UnityEngine.Vector3, UnityEngine.Vector3, UnityEngine.Vector3, UnityEngine.Vector3)</Name>
              <FileRef uid="2" />
              <SequencePoints>
                <SequencePoint vc="185504" uspid="103" ordinal="0" offset="0" sl="162" sc="9" el="162" ec="9" bec="0" bev="0" fileid="2" />
                <SequencePoint vc="185504" uspid="104" ordinal="0" offset="1" sl="163" sc="13" el="163" ec="13" bec="0" bev="0" fileid="2" />
                <SequencePoint vc="185504" uspid="105" ordinal="0" offset="9" sl="164" sc="13" el="164" ec="13" bec="0" bev="0" fileid="2" />
                <SequencePoint vc="185504" uspid="106" ordinal="0" offset="13" sl="165" sc="13" el="165" ec="13" bec="0" bev="0" fileid="2" />
                <SequencePoint vc="185504" uspid="107" ordinal="0" offset="17" sl="166" sc="13" el="166" ec="13" bec="0" bev="0" fileid="2" />
                <SequencePoint vc="185504" uspid="108" ordinal="0" offset="21" sl="167" sc="13" el="167" ec="13" bec="0" bev="0" fileid="2" />
                <SequencePoint vc="185504" uspid="109" ordinal="0" offset="26" sl="169" sc="13" el="169" ec="13" bec="0" bev="0" fileid="2" />
                <SequencePoint vc="185504" uspid="110" ordinal="0" offset="35" sl="170" sc="13" el="170" ec="13" bec="0" bev="0" fileid="2" />
                <SequencePoint vc="185504" uspid="111" ordinal="0" offset="59" sl="171" sc="13" el="171" ec="13" bec="0" bev="0" fileid="2" />
                <SequencePoint vc="185504" uspid="112" ordinal="0" offset="83" sl="172" sc="13" el="172" ec="13" bec="0" bev="0" fileid="2" />
                <SequencePoint vc="185504" uspid="113" ordinal="0" offset="101" sl="174" sc="13" el="174" ec="13" bec="0" bev="0" fileid="2" />
                <SequencePoint vc="185504" uspid="114" ordinal="0" offset="107" sl="175" sc="9" el="175" ec="9" bec="0" bev="0" fileid="2" />
              </SequencePoints>
              <BranchPoints />
            </Method>
            <Method visited="true" cyclomaticComplexity="0" nPathComplexity="0" sequenceCoverage="100.0" branchCoverage="0" crapScore="0" isConstructor="false" isStatic="false" isGetter="false" isSetter="false">
              <Summary numSequencePoints="17" visitedSequencePoints="17" numBranchPoints="0" visitedBranchPoints="0" sequenceCoverage="100.0" branchCoverage="0" maxCyclomaticComplexity="0" minCyclomaticComplexity="0" maxCrapScore="0" minCrapScore="0" visitedClasses="0" numClasses="0" visitedMethods="1" numMethods="1" />
              <MetadataToken>100663312</MetadataToken>
              <Name>System.Void Unity.VRTemplate.BezierCurve::AnimateCurve()</Name>
              <FileRef uid="2" />
              <SequencePoints>
                <SequencePoint vc="33596" uspid="115" ordinal="0" offset="0" sl="178" sc="9" el="178" ec="9" bec="0" bev="0" fileid="2" />
                <SequencePoint vc="33596" uspid="116" ordinal="0" offset="1" sl="179" sc="13" el="179" ec="13" bec="0" bev="0" fileid="2" />
                <SequencePoint vc="33596" uspid="117" ordinal="0" offset="7" sl="181" sc="13" el="181" ec="13" bec="0" bev="0" fileid="2" />
                <SequencePoint vc="33596" uspid="118" ordinal="0" offset="14" sl="182" sc="13" el="182" ec="13" bec="0" bev="0" fileid="2" />
                <SequencePoint vc="33596" uspid="119" ordinal="0" offset="21" sl="184" sc="13" el="184" ec="13" bec="0" bev="0" fileid="2" />
                <SequencePoint vc="33596" uspid="120" ordinal="0" offset="39" sl="185" sc="13" el="185" ec="13" bec="0" bev="0" fileid="2" />
                <SequencePoint vc="33596" uspid="121" ordinal="0" offset="47" sl="187" sc="13" el="187" ec="13" bec="0" bev="0" fileid="2" />
                <SequencePoint vc="33596" uspid="122" ordinal="0" offset="65" sl="188" sc="13" el="188" ec="13" bec="0" bev="0" fileid="2" />
                <SequencePoint vc="33596" uspid="123" ordinal="0" offset="82" sl="189" sc="13" el="189" ec="13" bec="0" bev="0" fileid="2" />
                <SequencePoint vc="33596" uspid="124" ordinal="0" offset="91" sl="190" sc="13" el="190" ec="13" bec="0" bev="0" fileid="2" />
                <SequencePoint vc="33596" uspid="125" ordinal="0" offset="100" sl="192" sc="13" el="192" ec="13" bec="0" bev="0" fileid="2" />
                <SequencePoint vc="33596" uspid="126" ordinal="0" offset="109" sl="193" sc="13" el="193" ec="13" bec="0" bev="0" fileid="2" />
                <SequencePoint vc="33596" uspid="127" ordinal="0" offset="117" sl="195" sc="13" el="195" ec="13" bec="0" bev="0" fileid="2" />
                <SequencePoint vc="33596" uspid="128" ordinal="0" offset="130" sl="196" sc="13" el="196" ec="13" bec="0" bev="0" fileid="2" />
                <SequencePoint vc="33596" uspid="129" ordinal="0" offset="155" sl="198" sc="13" el="198" ec="13" bec="0" bev="0" fileid="2" />
                <SequencePoint vc="91" uspid="130" ordinal="0" offset="177" sl="199" sc="17" el="199" ec="17" bec="0" bev="0" fileid="2" />
                <SequencePoint vc="33596" uspid="131" ordinal="0" offset="188" sl="200" sc="9" el="200" ec="9" bec="0" bev="0" fileid="2" />
              </SequencePoints>
              <BranchPoints />
            </Method>
            <Method visited="true" cyclomaticComplexity="0" nPathComplexity="0" sequenceCoverage="100.0" branchCoverage="0" crapScore="0" isConstructor="true" isStatic="false" isGetter="false" isSetter="false">
              <Summary numSequencePoints="7" visitedSequencePoints="7" numBranchPoints="0" visitedBranchPoints="0" sequenceCoverage="100.0" branchCoverage="0" maxCyclomaticComplexity="0" minCyclomaticComplexity="0" maxCrapScore="0" minCrapScore="0" visitedClasses="0" numClasses="0" visitedMethods="1" numMethods="1" />
              <MetadataToken>100663313</MetadataToken>
              <Name>Unity.VRTemplate.BezierCurve::BezierCurve()</Name>
              <FileRef uid="2" />
              <SequencePoints>
                <SequencePoint vc="16" uspid="132" ordinal="0" offset="0" sl="41" sc="9" el="41" ec="9" bec="0" bev="0" fileid="2" />
                <SequencePoint vc="16" uspid="133" ordinal="0" offset="7" sl="50" sc="9" el="50" ec="9" bec="0" bev="0" fileid="2" />
                <SequencePoint vc="16" uspid="134" ordinal="0" offset="18" sl="53" sc="9" el="53" ec="9" bec="0" bev="0" fileid="2" />
                <SequencePoint vc="16" uspid="135" ordinal="0" offset="29" sl="56" sc="9" el="56" ec="9" bec="0" bev="0" fileid="2" />
                <SequencePoint vc="16" uspid="136" ordinal="0" offset="37" sl="62" sc="9" el="62" ec="9" bec="0" bev="0" fileid="2" />
                <SequencePoint vc="16" uspid="137" ordinal="0" offset="48" sl="65" sc="9" el="65" ec="9" bec="0" bev="0" fileid="2" />
                <SequencePoint vc="16" uspid="138" ordinal="0" offset="74" sl="71" sc="9" el="71" ec="9" bec="0" bev="0" fileid="2" />
              </SequencePoints>
              <BranchPoints />
            </Method>
          </Methods>
        </Class>
        <Class>
          <Summary numSequencePoints="44" visitedSequencePoints="44" numBranchPoints="0" visitedBranchPoints="0" sequenceCoverage="100.0" branchCoverage="0.0" maxCyclomaticComplexity="0" minCyclomaticComplexity="0" maxCrapScore="0" minCrapScore="0" visitedClasses="1" numClasses="1" visitedMethods="8" numMethods="8" />
          <FullName>Unity.VRTemplate.BooleanToggleVisualsController</FullName>
          <Methods>
            <Method visited="true" cyclomaticComplexity="0" nPathComplexity="0" sequenceCoverage="100.0" branchCoverage="0" crapScore="0" isConstructor="false" isStatic="false" isGetter="false" isSetter="false">
              <Summary numSequencePoints="8" visitedSequencePoints="8" numBranchPoints="0" visitedBranchPoints="0" sequenceCoverage="100.0" branchCoverage="0" maxCyclomaticComplexity="0" minCyclomaticComplexity="0" maxCrapScore="0" minCrapScore="0" visitedClasses="0" numClasses="0" visitedMethods="1" numMethods="1" />
              <MetadataToken>100663314</MetadataToken>
              <Name>System.Void Unity.VRTemplate.BooleanToggleVisualsController::Awake()</Name>
              <FileRef uid="3" />
              <SequencePoints>
                <SequencePoint vc="1" uspid="139" ordinal="0" offset="0" sl="29" sc="9" el="29" ec="9" bec="0" bev="0" fileid="3" />
                <SequencePoint vc="1" uspid="140" ordinal="0" offset="1" sl="30" sc="13" el="30" ec="13" bec="0" bev="0" fileid="3" />
                <SequencePoint vc="1" uspid="141" ordinal="0" offset="18" sl="33" sc="13" el="33" ec="13" bec="0" bev="0" fileid="3" />
                <SequencePoint vc="1" uspid="142" ordinal="0" offset="47" sl="35" sc="13" el="35" ec="13" bec="0" bev="0" fileid="3" />
                <SequencePoint vc="1" uspid="143" ordinal="0" offset="63" sl="36" sc="13" el="36" ec="13" bec="0" bev="0" fileid="3" />
                <SequencePoint vc="1" uspid="144" ordinal="0" offset="64" sl="37" sc="17" el="37" ec="17" bec="0" bev="0" fileid="3" />
                <SequencePoint vc="1" uspid="145" ordinal="0" offset="86" sl="38" sc="13" el="38" ec="13" bec="0" bev="0" fileid="3" />
                <SequencePoint vc="1" uspid="146" ordinal="0" offset="87" sl="39" sc="9" el="39" ec="9" bec="0" bev="0" fileid="3" />
              </SequencePoints>
              <BranchPoints />
            </Method>
            <Method visited="true" cyclomaticComplexity="0" nPathComplexity="0" sequenceCoverage="100.0" branchCoverage="0" crapScore="0" isConstructor="false" isStatic="false" isGetter="false" isSetter="false">
              <Summary numSequencePoints="3" visitedSequencePoints="3" numBranchPoints="0" visitedBranchPoints="0" sequenceCoverage="100.0" branchCoverage="0" maxCyclomaticComplexity="0" minCyclomaticComplexity="0" maxCrapScore="0" minCrapScore="0" visitedClasses="0" numClasses="0" visitedMethods="1" numMethods="1" />
              <MetadataToken>100663315</MetadataToken>
              <Name>System.Void Unity.VRTemplate.BooleanToggleVisualsController::OnEnable()</Name>
              <FileRef uid="3" />
              <SequencePoints>
                <SequencePoint vc="1" uspid="147" ordinal="0" offset="0" sl="42" sc="9" el="42" ec="9" bec="0" bev="0" fileid="3" />
                <SequencePoint vc="1" uspid="148" ordinal="0" offset="1" sl="43" sc="13" el="43" ec="13" bec="0" bev="0" fileid="3" />
                <SequencePoint vc="1" uspid="149" ordinal="0" offset="19" sl="44" sc="9" el="44" ec="9" bec="0" bev="0" fileid="3" />
              </SequencePoints>
              <BranchPoints />
            </Method>
            <Method visited="true" cyclomaticComplexity="0" nPathComplexity="0" sequenceCoverage="100.0" branchCoverage="0" crapScore="0" isConstructor="false" isStatic="false" isGetter="false" isSetter="false">
              <Summary numSequencePoints="3" visitedSequencePoints="3" numBranchPoints="0" visitedBranchPoints="0" sequenceCoverage="100.0" branchCoverage="0" maxCyclomaticComplexity="0" minCyclomaticComplexity="0" maxCrapScore="0" minCrapScore="0" visitedClasses="0" numClasses="0" visitedMethods="1" numMethods="1" />
              <MetadataToken>100663316</MetadataToken>
              <Name>System.Void Unity.VRTemplate.BooleanToggleVisualsController.UnityEngine.EventSystems.IPointerEnterHandler::OnPointerEnter(UnityEngine.EventSystems.PointerEventData)</Name>
              <FileRef uid="3" />
              <SequencePoints>
                <SequencePoint vc="1" uspid="150" ordinal="0" offset="0" sl="48" sc="9" el="48" ec="9" bec="0" bev="0" fileid="3" />
                <SequencePoint vc="1" uspid="151" ordinal="0" offset="1" sl="49" sc="13" el="49" ec="13" bec="0" bev="0" fileid="3" />
                <SequencePoint vc="1" uspid="152" ordinal="0" offset="8" sl="50" sc="9" el="50" ec="9" bec="0" bev="0" fileid="3" />
              </SequencePoints>
              <BranchPoints />
            </Method>
            <Method visited="true" cyclomaticComplexity="0" nPathComplexity="0" sequenceCoverage="100.0" branchCoverage="0" crapScore="0" isConstructor="false" isStatic="false" isGetter="false" isSetter="false">
              <Summary numSequencePoints="3" visitedSequencePoints="3" numBranchPoints="0" visitedBranchPoints="0" sequenceCoverage="100.0" branchCoverage="0" maxCyclomaticComplexity="0" minCyclomaticComplexity="0" maxCrapScore="0" minCrapScore="0" visitedClasses="0" numClasses="0" visitedMethods="1" numMethods="1" />
              <MetadataToken>100663317</MetadataToken>
              <Name>System.Void Unity.VRTemplate.BooleanToggleVisualsController.UnityEngine.EventSystems.IPointerExitHandler::OnPointerExit(UnityEngine.EventSystems.PointerEventData)</Name>
              <FileRef uid="3" />
              <SequencePoints>
                <SequencePoint vc="1" uspid="153" ordinal="0" offset="0" sl="54" sc="9" el="54" ec="9" bec="0" bev="0" fileid="3" />
                <SequencePoint vc="1" uspid="154" ordinal="0" offset="1" sl="55" sc="13" el="55" ec="13" bec="0" bev="0" fileid="3" />
                <SequencePoint vc="1" uspid="155" ordinal="0" offset="8" sl="56" sc="9" el="56" ec="9" bec="0" bev="0" fileid="3" />
              </SequencePoints>
              <BranchPoints />
            </Method>
            <Method visited="true" cyclomaticComplexity="0" nPathComplexity="0" sequenceCoverage="100.0" branchCoverage="0" crapScore="0" isConstructor="false" isStatic="false" isGetter="false" isSetter="false">
              <Summary numSequencePoints="9" visitedSequencePoints="9" numBranchPoints="0" visitedBranchPoints="0" sequenceCoverage="100.0" branchCoverage="0" maxCyclomaticComplexity="0" minCyclomaticComplexity="0" maxCrapScore="0" minCrapScore="0" visitedClasses="0" numClasses="0" visitedMethods="1" numMethods="1" />
              <MetadataToken>100663318</MetadataToken>
              <Name>System.Void Unity.VRTemplate.BooleanToggleVisualsController::ToggleValueChanged(System.Boolean)</Name>
              <FileRef uid="3" />
              <SequencePoints>
                <SequencePoint vc="3" uspid="156" ordinal="0" offset="0" sl="59" sc="9" el="59" ec="9" bec="0" bev="0" fileid="3" />
                <SequencePoint vc="3" uspid="157" ordinal="0" offset="1" sl="60" sc="13" el="60" ec="13" bec="0" bev="0" fileid="3" />
                <SequencePoint vc="1" uspid="158" ordinal="0" offset="6" sl="61" sc="13" el="61" ec="13" bec="0" bev="0" fileid="3" />
                <SequencePoint vc="1" uspid="159" ordinal="0" offset="7" sl="62" sc="17" el="62" ec="17" bec="0" bev="0" fileid="3" />
                <SequencePoint vc="1" uspid="160" ordinal="0" offset="61" sl="63" sc="13" el="63" ec="13" bec="0" bev="0" fileid="3" />
                <SequencePoint vc="2" uspid="161" ordinal="0" offset="64" sl="65" sc="13" el="65" ec="13" bec="0" bev="0" fileid="3" />
                <SequencePoint vc="2" uspid="162" ordinal="0" offset="65" sl="66" sc="17" el="66" ec="17" bec="0" bev="0" fileid="3" />
                <SequencePoint vc="2" uspid="163" ordinal="0" offset="119" sl="67" sc="13" el="67" ec="13" bec="0" bev="0" fileid="3" />
                <SequencePoint vc="3" uspid="164" ordinal="0" offset="120" sl="68" sc="9" el="68" ec="9" bec="0" bev="0" fileid="3" />
              </SequencePoints>
              <BranchPoints />
            </Method>
            <Method visited="true" cyclomaticComplexity="0" nPathComplexity="0" sequenceCoverage="100.0" branchCoverage="0" crapScore="0" isConstructor="false" isStatic="false" isGetter="false" isSetter="false">
              <Summary numSequencePoints="8" visitedSequencePoints="8" numBranchPoints="0" visitedBranchPoints="0" sequenceCoverage="100.0" branchCoverage="0" maxCyclomaticComplexity="0" minCyclomaticComplexity="0" maxCrapScore="0" minCrapScore="0" visitedClasses="0" numClasses="0" visitedMethods="1" numMethods="1" />
              <MetadataToken>100663319</MetadataToken>
              <Name>System.Void Unity.VRTemplate.BooleanToggleVisualsController::PerformEntranceActions()</Name>
              <FileRef uid="3" />
              <SequencePoints>
                <SequencePoint vc="1" uspid="165" ordinal="0" offset="0" sl="71" sc="9" el="71" ec="9" bec="0" bev="0" fileid="3" />
                <SequencePoint vc="1" uspid="166" ordinal="0" offset="1" sl="72" sc="13" el="72" ec="13" bec="0" bev="0" fileid="3" />
                <SequencePoint vc="1" uspid="167" ordinal="0" offset="17" sl="73" sc="13" el="73" ec="13" bec="0" bev="0" fileid="3" />
                <SequencePoint vc="1" uspid="168" ordinal="0" offset="18" sl="74" sc="17" el="74" ec="17" bec="0" bev="0" fileid="3" />
                <SequencePoint vc="1" uspid="169" ordinal="0" offset="30" sl="75" sc="17" el="75" ec="17" bec="0" bev="0" fileid="3" />
                <SequencePoint vc="1" uspid="170" ordinal="0" offset="50" sl="76" sc="17" el="76" ec="17" bec="0" bev="0" fileid="3" />
                <SequencePoint vc="1" uspid="171" ordinal="0" offset="63" sl="77" sc="13" el="77" ec="13" bec="0" bev="0" fileid="3" />
                <SequencePoint vc="1" uspid="172" ordinal="0" offset="64" sl="78" sc="9" el="78" ec="9" bec="0" bev="0" fileid="3" />
              </SequencePoints>
              <BranchPoints />
            </Method>
            <Method visited="true" cyclomaticComplexity="0" nPathComplexity="0" sequenceCoverage="100.0" branchCoverage="0" crapScore="0" isConstructor="false" isStatic="false" isGetter="false" isSetter="false">
              <Summary numSequencePoints="9" visitedSequencePoints="9" numBranchPoints="0" visitedBranchPoints="0" sequenceCoverage="100.0" branchCoverage="0" maxCyclomaticComplexity="0" minCyclomaticComplexity="0" maxCrapScore="0" minCrapScore="0" visitedClasses="0" numClasses="0" visitedMethods="1" numMethods="1" />
              <MetadataToken>100663320</MetadataToken>
              <Name>System.Void Unity.VRTemplate.BooleanToggleVisualsController::PerformExitActions()</Name>
              <FileRef uid="3" />
              <SequencePoints>
                <SequencePoint vc="1" uspid="173" ordinal="0" offset="0" sl="81" sc="9" el="81" ec="9" bec="0" bev="0" fileid="3" />
                <SequencePoint vc="1" uspid="174" ordinal="0" offset="1" sl="82" sc="13" el="82" ec="13" bec="0" bev="0" fileid="3" />
                <SequencePoint vc="1" uspid="175" ordinal="0" offset="17" sl="83" sc="13" el="83" ec="13" bec="0" bev="0" fileid="3" />
                <SequencePoint vc="1" uspid="176" ordinal="0" offset="18" sl="84" sc="17" el="84" ec="17" bec="0" bev="0" fileid="3" />
                <SequencePoint vc="1" uspid="177" ordinal="0" offset="30" sl="85" sc="17" el="85" ec="17" bec="0" bev="0" fileid="3" />
                <SequencePoint vc="1" uspid="178" ordinal="0" offset="43" sl="86" sc="17" el="86" ec="17" bec="0" bev="0" fileid="3" />
                <SequencePoint vc="1" uspid="179" ordinal="0" offset="56" sl="87" sc="17" el="87" ec="17" bec="0" bev="0" fileid="3" />
                <SequencePoint vc="1" uspid="180" ordinal="0" offset="73" sl="88" sc="13" el="88" ec="13" bec="0" bev="0" fileid="3" />
                <SequencePoint vc="1" uspid="181" ordinal="0" offset="74" sl="89" sc="9" el="89" ec="9" bec="0" bev="0" fileid="3" />
              </SequencePoints>
              <BranchPoints />
            </Method>
            <Method visited="true" cyclomaticComplexity="0" nPathComplexity="0" sequenceCoverage="100.0" branchCoverage="0" crapScore="0" isConstructor="true" isStatic="false" isGetter="false" isSetter="false">
              <Summary numSequencePoints="1" visitedSequencePoints="1" numBranchPoints="0" visitedBranchPoints="0" sequenceCoverage="100.0" branchCoverage="0" maxCyclomaticComplexity="0" minCyclomaticComplexity="0" maxCrapScore="0" minCrapScore="0" visitedClasses="0" numClasses="0" visitedMethods="1" numMethods="1" />
              <MetadataToken>100663321</MetadataToken>
              <Name>Unity.VRTemplate.BooleanToggleVisualsController::BooleanToggleVisualsController()</Name>
              <FileRef uid="3" />
              <SequencePoints>
                <SequencePoint vc="2" uspid="182" ordinal="0" offset="0" sl="20" sc="9" el="20" ec="9" bec="0" bev="0" fileid="3" />
              </SequencePoints>
              <BranchPoints />
            </Method>
          </Methods>
        </Class>
        <Class>
          <Summary numSequencePoints="42" visitedSequencePoints="41" numBranchPoints="0" visitedBranchPoints="0" sequenceCoverage="97.62" branchCoverage="0.0" maxCyclomaticComplexity="0" minCyclomaticComplexity="0" maxCrapScore="0" minCrapScore="0" visitedClasses="1" numClasses="1" visitedMethods="6" numMethods="6" />
          <FullName>Unity.VRTemplate.Callout</FullName>
          <Methods>
            <Method visited="true" cyclomaticComplexity="0" nPathComplexity="0" sequenceCoverage="100.0" branchCoverage="0" crapScore="0" isConstructor="false" isStatic="false" isGetter="false" isSetter="false">
              <Summary numSequencePoints="14" visitedSequencePoints="14" numBranchPoints="0" visitedBranchPoints="0" sequenceCoverage="100.0" branchCoverage="0" maxCyclomaticComplexity="0" minCyclomaticComplexity="0" maxCrapScore="0" minCrapScore="0" visitedClasses="0" numClasses="0" visitedMethods="1" numMethods="1" />
              <MetadataToken>100663322</MetadataToken>
              <Name>System.Void Unity.VRTemplate.Callout::Start()</Name>
              <FileRef uid="4" />
              <SequencePoints>
                <SequencePoint vc="10" uspid="183" ordinal="0" offset="0" sl="37" sc="9" el="37" ec="9" bec="0" bev="0" fileid="4" />
                <SequencePoint vc="10" uspid="184" ordinal="0" offset="1" sl="38" sc="13" el="38" ec="13" bec="0" bev="0" fileid="4" />
                <SequencePoint vc="7" uspid="185" ordinal="0" offset="11" sl="39" sc="13" el="39" ec="13" bec="0" bev="0" fileid="4" />
                <SequencePoint vc="7" uspid="186" ordinal="0" offset="12" sl="40" sc="17" el="40" ec="17" bec="0" bev="0" fileid="4" />
                <SequencePoint vc="7" uspid="187" ordinal="0" offset="28" sl="41" sc="21" el="41" ec="21" bec="0" bev="0" fileid="4" />
                <SequencePoint vc="7" uspid="188" ordinal="0" offset="41" sl="42" sc="13" el="42" ec="13" bec="0" bev="0" fileid="4" />
                <SequencePoint vc="10" uspid="189" ordinal="0" offset="42" sl="44" sc="13" el="44" ec="13" bec="0" bev="0" fileid="4" />
                <SequencePoint vc="9" uspid="190" ordinal="0" offset="52" sl="45" sc="13" el="45" ec="13" bec="0" bev="0" fileid="4" />
                <SequencePoint vc="9" uspid="191" ordinal="0" offset="53" sl="46" sc="17" el="46" ec="17" bec="0" bev="0" fileid="4" />
                <SequencePoint vc="9" uspid="192" ordinal="0" offset="69" sl="47" sc="21" el="47" ec="21" bec="0" bev="0" fileid="4" />
                <SequencePoint vc="9" uspid="193" ordinal="0" offset="87" sl="48" sc="17" el="48" ec="17" bec="0" bev="0" fileid="4" />
                <SequencePoint vc="7" uspid="194" ordinal="0" offset="105" sl="49" sc="21" el="49" ec="21" bec="0" bev="0" fileid="4" />
                <SequencePoint vc="9" uspid="195" ordinal="0" offset="118" sl="50" sc="13" el="50" ec="13" bec="0" bev="0" fileid="4" />
                <SequencePoint vc="10" uspid="196" ordinal="0" offset="119" sl="51" sc="9" el="51" ec="9" bec="0" bev="0" fileid="4" />
              </SequencePoints>
              <BranchPoints />
            </Method>
            <Method visited="true" cyclomaticComplexity="0" nPathComplexity="0" sequenceCoverage="87.50" branchCoverage="0" crapScore="0" isConstructor="false" isStatic="false" isGetter="false" isSetter="false">
              <Summary numSequencePoints="8" visitedSequencePoints="7" numBranchPoints="0" visitedBranchPoints="0" sequenceCoverage="87.50" branchCoverage="0" maxCyclomaticComplexity="0" minCyclomaticComplexity="0" maxCrapScore="0" minCrapScore="0" visitedClasses="0" numClasses="0" visitedMethods="1" numMethods="1" />
              <MetadataToken>100663323</MetadataToken>
              <Name>System.Void Unity.VRTemplate.Callout::GazeHoverStart()</Name>
              <FileRef uid="4" />
              <SequencePoints>
                <SequencePoint vc="9" uspid="197" ordinal="0" offset="0" sl="54" sc="9" el="54" ec="9" bec="0" bev="0" fileid="4" />
                <SequencePoint vc="9" uspid="198" ordinal="0" offset="1" sl="55" sc="13" el="55" ec="13" bec="0" bev="0" fileid="4" />
                <SequencePoint vc="9" uspid="199" ordinal="0" offset="8" sl="56" sc="13" el="56" ec="13" bec="0" bev="0" fileid="4" />
                <SequencePoint vc="0" uspid="200" ordinal="0" offset="21" sl="57" sc="17" el="57" ec="17" bec="0" bev="0" fileid="4" />
                <SequencePoint vc="9" uspid="201" ordinal="0" offset="34" sl="58" sc="13" el="58" ec="13" bec="0" bev="0" fileid="4" />
                <SequencePoint vc="9" uspid="202" ordinal="0" offset="47" sl="59" sc="17" el="59" ec="17" bec="0" bev="0" fileid="4" />
                <SequencePoint vc="9" uspid="203" ordinal="0" offset="60" sl="60" sc="13" el="60" ec="13" bec="0" bev="0" fileid="4" />
                <SequencePoint vc="9" uspid="204" ordinal="0" offset="78" sl="61" sc="9" el="61" ec="9" bec="0" bev="0" fileid="4" />
              </SequencePoints>
              <BranchPoints />
            </Method>
            <Method visited="true" cyclomaticComplexity="0" nPathComplexity="0" sequenceCoverage="100.0" branchCoverage="0" crapScore="0" isConstructor="false" isStatic="false" isGetter="false" isSetter="false">
              <Summary numSequencePoints="4" visitedSequencePoints="4" numBranchPoints="0" visitedBranchPoints="0" sequenceCoverage="100.0" branchCoverage="0" maxCyclomaticComplexity="0" minCyclomaticComplexity="0" maxCrapScore="0" minCrapScore="0" visitedClasses="0" numClasses="0" visitedMethods="1" numMethods="1" />
              <MetadataToken>100663324</MetadataToken>
              <Name>System.Void Unity.VRTemplate.Callout::GazeHoverEnd()</Name>
              <FileRef uid="4" />
              <SequencePoints>
                <SequencePoint vc="9" uspid="205" ordinal="0" offset="0" sl="64" sc="9" el="64" ec="9" bec="0" bev="0" fileid="4" />
                <SequencePoint vc="9" uspid="206" ordinal="0" offset="1" sl="65" sc="13" el="65" ec="13" bec="0" bev="0" fileid="4" />
                <SequencePoint vc="9" uspid="207" ordinal="0" offset="8" sl="66" sc="13" el="66" ec="13" bec="0" bev="0" fileid="4" />
                <SequencePoint vc="9" uspid="208" ordinal="0" offset="26" sl="67" sc="9" el="67" ec="9" bec="0" bev="0" fileid="4" />
              </SequencePoints>
              <BranchPoints />
            </Method>
            <Method visited="true" cyclomaticComplexity="0" nPathComplexity="0" sequenceCoverage="100.0" branchCoverage="0" crapScore="0" isConstructor="false" isStatic="false" isGetter="false" isSetter="false">
              <Summary numSequencePoints="6" visitedSequencePoints="6" numBranchPoints="0" visitedBranchPoints="0" sequenceCoverage="100.0" branchCoverage="0" maxCyclomaticComplexity="0" minCyclomaticComplexity="0" maxCrapScore="0" minCrapScore="0" visitedClasses="0" numClasses="0" visitedMethods="1" numMethods="1" />
              <MetadataToken>100663327</MetadataToken>
              <Name>System.Void Unity.VRTemplate.Callout::TurnOnStuff()</Name>
              <FileRef uid="4" />
              <SequencePoints>
                <SequencePoint vc="9" uspid="209" ordinal="0" offset="0" sl="84" sc="9" el="84" ec="9" bec="0" bev="0" fileid="4" />
                <SequencePoint vc="9" uspid="210" ordinal="0" offset="1" sl="85" sc="13" el="85" ec="13" bec="0" bev="0" fileid="4" />
                <SequencePoint vc="9" uspid="211" ordinal="0" offset="17" sl="86" sc="17" el="86" ec="17" bec="0" bev="0" fileid="4" />
                <SequencePoint vc="9" uspid="212" ordinal="0" offset="35" sl="87" sc="13" el="87" ec="13" bec="0" bev="0" fileid="4" />
                <SequencePoint vc="7" uspid="213" ordinal="0" offset="51" sl="88" sc="17" el="88" ec="17" bec="0" bev="0" fileid="4" />
                <SequencePoint vc="9" uspid="214" ordinal="0" offset="64" sl="89" sc="9" el="89" ec="9" bec="0" bev="0" fileid="4" />
              </SequencePoints>
              <BranchPoints />
            </Method>
            <Method visited="true" cyclomaticComplexity="0" nPathComplexity="0" sequenceCoverage="100.0" branchCoverage="0" crapScore="0" isConstructor="false" isStatic="false" isGetter="false" isSetter="false">
              <Summary numSequencePoints="6" visitedSequencePoints="6" numBranchPoints="0" visitedBranchPoints="0" sequenceCoverage="100.0" branchCoverage="0" maxCyclomaticComplexity="0" minCyclomaticComplexity="0" maxCrapScore="0" minCrapScore="0" visitedClasses="0" numClasses="0" visitedMethods="1" numMethods="1" />
              <MetadataToken>100663328</MetadataToken>
              <Name>System.Void Unity.VRTemplate.Callout::TurnOffStuff()</Name>
              <FileRef uid="4" />
              <SequencePoints>
                <SequencePoint vc="9" uspid="215" ordinal="0" offset="0" sl="92" sc="9" el="92" ec="9" bec="0" bev="0" fileid="4" />
                <SequencePoint vc="9" uspid="216" ordinal="0" offset="1" sl="93" sc="13" el="93" ec="13" bec="0" bev="0" fileid="4" />
                <SequencePoint vc="9" uspid="217" ordinal="0" offset="17" sl="94" sc="17" el="94" ec="17" bec="0" bev="0" fileid="4" />
                <SequencePoint vc="9" uspid="218" ordinal="0" offset="35" sl="95" sc="13" el="95" ec="13" bec="0" bev="0" fileid="4" />
                <SequencePoint vc="7" uspid="219" ordinal="0" offset="51" sl="96" sc="17" el="96" ec="17" bec="0" bev="0" fileid="4" />
                <SequencePoint vc="9" uspid="220" ordinal="0" offset="64" sl="97" sc="9" el="97" ec="9" bec="0" bev="0" fileid="4" />
              </SequencePoints>
              <BranchPoints />
            </Method>
            <Method visited="true" cyclomaticComplexity="0" nPathComplexity="0" sequenceCoverage="100.0" branchCoverage="0" crapScore="0" isConstructor="true" isStatic="false" isGetter="false" isSetter="false">
              <Summary numSequencePoints="4" visitedSequencePoints="4" numBranchPoints="0" visitedBranchPoints="0" sequenceCoverage="100.0" branchCoverage="0" maxCyclomaticComplexity="0" minCyclomaticComplexity="0" maxCrapScore="0" minCrapScore="0" visitedClasses="0" numClasses="0" visitedMethods="1" numMethods="1" />
              <MetadataToken>100663329</MetadataToken>
              <Name>Unity.VRTemplate.Callout::Callout()</Name>
              <FileRef uid="4" />
              <SequencePoints>
                <SequencePoint vc="20" uspid="221" ordinal="0" offset="0" sl="21" sc="9" el="21" ec="9" bec="0" bev="0" fileid="4" />
                <SequencePoint vc="20" uspid="222" ordinal="0" offset="11" sl="25" sc="9" el="25" ec="9" bec="0" bev="0" fileid="4" />
                <SequencePoint vc="20" uspid="223" ordinal="0" offset="18" sl="29" sc="9" el="29" ec="9" bec="0" bev="0" fileid="4" />
                <SequencePoint vc="20" uspid="224" ordinal="0" offset="25" sl="31" sc="9" el="31" ec="9" bec="0" bev="0" fileid="4" />
              </SequencePoints>
              <BranchPoints />
            </Method>
          </Methods>
        </Class>
        <Class>
          <Summary numSequencePoints="34" visitedSequencePoints="32" numBranchPoints="0" visitedBranchPoints="0" sequenceCoverage="94.12" branchCoverage="0.0" maxCyclomaticComplexity="0" minCyclomaticComplexity="0" maxCrapScore="0" minCrapScore="0" visitedClasses="1" numClasses="1" visitedMethods="5" numMethods="5" />
          <FullName>Unity.VRTemplate.CalloutGazeController</FullName>
          <Methods>
            <Method visited="true" cyclomaticComplexity="0" nPathComplexity="0" sequenceCoverage="83.33" branchCoverage="0" crapScore="0" isConstructor="false" isStatic="false" isGetter="false" isSetter="false">
              <Summary numSequencePoints="12" visitedSequencePoints="10" numBranchPoints="0" visitedBranchPoints="0" sequenceCoverage="83.33" branchCoverage="0" maxCyclomaticComplexity="0" minCyclomaticComplexity="0" maxCrapScore="0" minCrapScore="0" visitedClasses="0" numClasses="0" visitedMethods="1" numMethods="1" />
              <MetadataToken>100663330</MetadataToken>
              <Name>System.Void Unity.VRTemplate.CalloutGazeController::Update()</Name>
              <FileRef uid="5" />
              <SequencePoints>
                <SequencePoint vc="8782" uspid="225" ordinal="0" offset="0" sl="38" sc="9" el="38" ec="9" bec="0" bev="0" fileid="5" />
                <SequencePoint vc="8782" uspid="226" ordinal="0" offset="1" sl="39" sc="13" el="39" ec="13" bec="0" bev="0" fileid="5" />
                <SequencePoint vc="0" uspid="227" ordinal="0" offset="19" sl="40" sc="17" el="40" ec="17" bec="0" bev="0" fileid="5" />
                <SequencePoint vc="8782" uspid="228" ordinal="0" offset="24" sl="42" sc="13" el="42" ec="13" bec="0" bev="0" fileid="5" />
                <SequencePoint vc="8782" uspid="229" ordinal="0" offset="31" sl="44" sc="13" el="44" ec="13" bec="0" bev="0" fileid="5" />
                <SequencePoint vc="46" uspid="230" ordinal="0" offset="49" sl="45" sc="17" el="45" ec="17" bec="0" bev="0" fileid="5" />
                <SequencePoint vc="8736" uspid="231" ordinal="0" offset="51" sl="47" sc="13" el="47" ec="13" bec="0" bev="0" fileid="5" />
                <SequencePoint vc="8736" uspid="232" ordinal="0" offset="103" sl="48" sc="13" el="48" ec="13" bec="0" bev="0" fileid="5" />
                <SequencePoint vc="2" uspid="233" ordinal="0" offset="130" sl="49" sc="17" el="49" ec="17" bec="0" bev="0" fileid="5" />
                <SequencePoint vc="8734" uspid="234" ordinal="0" offset="139" sl="50" sc="18" el="50" ec="18" bec="0" bev="0" fileid="5" />
                <SequencePoint vc="0" uspid="235" ordinal="0" offset="163" sl="51" sc="17" el="51" ec="17" bec="0" bev="0" fileid="5" />
                <SequencePoint vc="8782" uspid="236" ordinal="0" offset="170" sl="52" sc="9" el="52" ec="9" bec="0" bev="0" fileid="5" />
              </SequencePoints>
              <BranchPoints />
            </Method>
            <Method visited="true" cyclomaticComplexity="0" nPathComplexity="0" sequenceCoverage="100.0" branchCoverage="0" crapScore="0" isConstructor="false" isStatic="false" isGetter="false" isSetter="false">
              <Summary numSequencePoints="11" visitedSequencePoints="11" numBranchPoints="0" visitedBranchPoints="0" sequenceCoverage="100.0" branchCoverage="0" maxCyclomaticComplexity="0" minCyclomaticComplexity="0" maxCrapScore="0" minCrapScore="0" visitedClasses="0" numClasses="0" visitedMethods="1" numMethods="1" />
              <MetadataToken>100663331</MetadataToken>
              <Name>System.Void Unity.VRTemplate.CalloutGazeController::CheckLargeMovement()</Name>
              <FileRef uid="5" />
              <SequencePoints>
                <SequencePoint vc="8782" uspid="237" ordinal="0" offset="0" sl="55" sc="9" el="55" ec="9" bec="0" bev="0" fileid="5" />
                <SequencePoint vc="8782" uspid="238" ordinal="0" offset="1" sl="57" sc="13" el="57" ec="13" bec="0" bev="0" fileid="5" />
                <SequencePoint vc="8782" uspid="239" ordinal="0" offset="13" sl="58" sc="13" el="58" ec="13" bec="0" bev="0" fileid="5" />
                <SequencePoint vc="8782" uspid="240" ordinal="0" offset="31" sl="59" sc="13" el="59" ec="13" bec="0" bev="0" fileid="5" />
                <SequencePoint vc="2" uspid="241" ordinal="0" offset="44" sl="60" sc="13" el="60" ec="13" bec="0" bev="0" fileid="5" />
                <SequencePoint vc="2" uspid="242" ordinal="0" offset="45" sl="61" sc="17" el="61" ec="17" bec="0" bev="0" fileid="5" />
                <SequencePoint vc="2" uspid="243" ordinal="0" offset="56" sl="62" sc="17" el="62" ec="17" bec="0" bev="0" fileid="5" />
                <SequencePoint vc="2" uspid="244" ordinal="0" offset="63" sl="63" sc="13" el="63" ec="13" bec="0" bev="0" fileid="5" />
                <SequencePoint vc="8782" uspid="245" ordinal="0" offset="64" sl="64" sc="13" el="64" ec="13" bec="0" bev="0" fileid="5" />
                <SequencePoint vc="8782" uspid="246" ordinal="0" offset="82" sl="65" sc="13" el="65" ec="13" bec="0" bev="0" fileid="5" />
                <SequencePoint vc="8782" uspid="247" ordinal="0" offset="89" sl="66" sc="9" el="66" ec="9" bec="0" bev="0" fileid="5" />
              </SequencePoints>
              <BranchPoints />
            </Method>
            <Method visited="true" cyclomaticComplexity="0" nPathComplexity="0" sequenceCoverage="100.0" branchCoverage="0" crapScore="0" isConstructor="false" isStatic="false" isGetter="false" isSetter="false">
              <Summary numSequencePoints="4" visitedSequencePoints="4" numBranchPoints="0" visitedBranchPoints="0" sequenceCoverage="100.0" branchCoverage="0" maxCyclomaticComplexity="0" minCyclomaticComplexity="0" maxCrapScore="0" minCrapScore="0" visitedClasses="0" numClasses="0" visitedMethods="1" numMethods="1" />
              <MetadataToken>100663332</MetadataToken>
              <Name>System.Void Unity.VRTemplate.CalloutGazeController::FacingEntered()</Name>
              <FileRef uid="5" />
              <SequencePoints>
                <SequencePoint vc="2" uspid="248" ordinal="0" offset="0" sl="69" sc="9" el="69" ec="9" bec="0" bev="0" fileid="5" />
                <SequencePoint vc="2" uspid="249" ordinal="0" offset="1" sl="70" sc="13" el="70" ec="13" bec="0" bev="0" fileid="5" />
                <SequencePoint vc="2" uspid="250" ordinal="0" offset="8" sl="71" sc="13" el="71" ec="13" bec="0" bev="0" fileid="5" />
                <SequencePoint vc="2" uspid="251" ordinal="0" offset="20" sl="72" sc="9" el="72" ec="9" bec="0" bev="0" fileid="5" />
              </SequencePoints>
              <BranchPoints />
            </Method>
            <Method visited="true" cyclomaticComplexity="0" nPathComplexity="0" sequenceCoverage="100.0" branchCoverage="0" crapScore="0" isConstructor="false" isStatic="false" isGetter="false" isSetter="false">
              <Summary numSequencePoints="4" visitedSequencePoints="4" numBranchPoints="0" visitedBranchPoints="0" sequenceCoverage="100.0" branchCoverage="0" maxCyclomaticComplexity="0" minCyclomaticComplexity="0" maxCrapScore="0" minCrapScore="0" visitedClasses="0" numClasses="0" visitedMethods="1" numMethods="1" />
              <MetadataToken>100663333</MetadataToken>
              <Name>System.Void Unity.VRTemplate.CalloutGazeController::FacingExited()</Name>
              <FileRef uid="5" />
              <SequencePoints>
                <SequencePoint vc="2" uspid="252" ordinal="0" offset="0" sl="75" sc="9" el="75" ec="9" bec="0" bev="0" fileid="5" />
                <SequencePoint vc="2" uspid="253" ordinal="0" offset="1" sl="76" sc="13" el="76" ec="13" bec="0" bev="0" fileid="5" />
                <SequencePoint vc="2" uspid="254" ordinal="0" offset="8" sl="77" sc="13" el="77" ec="13" bec="0" bev="0" fileid="5" />
                <SequencePoint vc="2" uspid="255" ordinal="0" offset="20" sl="78" sc="9" el="78" ec="9" bec="0" bev="0" fileid="5" />
              </SequencePoints>
              <BranchPoints />
            </Method>
            <Method visited="true" cyclomaticComplexity="0" nPathComplexity="0" sequenceCoverage="100.0" branchCoverage="0" crapScore="0" isConstructor="true" isStatic="false" isGetter="false" isSetter="false">
              <Summary numSequencePoints="3" visitedSequencePoints="3" numBranchPoints="0" visitedBranchPoints="0" sequenceCoverage="100.0" branchCoverage="0" maxCyclomaticComplexity="0" minCyclomaticComplexity="0" maxCrapScore="0" minCrapScore="0" visitedClasses="0" numClasses="0" visitedMethods="1" numMethods="1" />
              <MetadataToken>100663334</MetadataToken>
              <Name>Unity.VRTemplate.CalloutGazeController::CalloutGazeController()</Name>
              <FileRef uid="5" />
              <SequencePoints>
                <SequencePoint vc="4" uspid="256" ordinal="0" offset="0" sl="19" sc="9" el="19" ec="9" bec="0" bev="0" fileid="5" />
                <SequencePoint vc="4" uspid="257" ordinal="0" offset="11" sl="28" sc="9" el="28" ec="9" bec="0" bev="0" fileid="5" />
                <SequencePoint vc="4" uspid="258" ordinal="0" offset="22" sl="31" sc="9" el="31" ec="9" bec="0" bev="0" fileid="5" />
              </SequencePoints>
              <BranchPoints />
            </Method>
          </Methods>
        </Class>
        <Class>
          <Summary numSequencePoints="3" visitedSequencePoints="3" numBranchPoints="0" visitedBranchPoints="0" sequenceCoverage="100.0" branchCoverage="0.0" maxCyclomaticComplexity="0" minCyclomaticComplexity="0" maxCrapScore="0" minCrapScore="0" visitedClasses="1" numClasses="1" visitedMethods="1" numMethods="1" />
          <FullName>Unity.VRTemplate.Rotator</FullName>
          <Methods>
            <Method visited="true" cyclomaticComplexity="0" nPathComplexity="0" sequenceCoverage="100.0" branchCoverage="0" crapScore="0" isConstructor="false" isStatic="false" isGetter="false" isSetter="false">
              <Summary numSequencePoints="3" visitedSequencePoints="3" numBranchPoints="0" visitedBranchPoints="0" sequenceCoverage="100.0" branchCoverage="0" maxCyclomaticComplexity="0" minCyclomaticComplexity="0" maxCrapScore="0" minCrapScore="0" visitedClasses="0" numClasses="0" visitedMethods="1" numMethods="1" />
              <MetadataToken>100663354</MetadataToken>
              <Name>System.Void Unity.VRTemplate.Rotator::Update()</Name>
              <FileRef uid="11" />
              <SequencePoints>
                <SequencePoint vc="8784" uspid="352" ordinal="0" offset="0" sl="14" sc="9" el="14" ec="9" bec="0" bev="0" fileid="11" />
                <SequencePoint vc="8784" uspid="353" ordinal="0" offset="1" sl="15" sc="13" el="15" ec="13" bec="0" bev="0" fileid="11" />
                <SequencePoint vc="8784" uspid="354" ordinal="0" offset="29" sl="16" sc="9" el="16" ec="9" bec="0" bev="0" fileid="11" />
              </SequencePoints>
              <BranchPoints />
            </Method>
          </Methods>
        </Class>
        <Class>
          <Summary numSequencePoints="2" visitedSequencePoints="2" numBranchPoints="0" visitedBranchPoints="0" sequenceCoverage="100.0" branchCoverage="0.0" maxCyclomaticComplexity="0" minCyclomaticComplexity="0" maxCrapScore="0" minCrapScore="0" visitedClasses="1" numClasses="1" visitedMethods="1" numMethods="1" />
          <FullName>Unity.VRTemplate.StepManager</FullName>
          <Methods>
            <Method visited="true" cyclomaticComplexity="0" nPathComplexity="0" sequenceCoverage="100.0" branchCoverage="0" crapScore="0" isConstructor="true" isStatic="false" isGetter="false" isSetter="false">
              <Summary numSequencePoints="2" visitedSequencePoints="2" numBranchPoints="0" visitedBranchPoints="0" sequenceCoverage="100.0" branchCoverage="0" maxCyclomaticComplexity="0" minCyclomaticComplexity="0" maxCrapScore="0" minCrapScore="0" visitedClasses="0" numClasses="0" visitedMethods="1" numMethods="1" />
              <MetadataToken>100663357</MetadataToken>
              <Name>Unity.VRTemplate.StepManager::StepManager()</Name>
              <FileRef uid="12" />
              <SequencePoints>
                <SequencePoint vc="2" uspid="361" ordinal="0" offset="0" sl="27" sc="9" el="27" ec="9" bec="0" bev="0" fileid="12" />
                <SequencePoint vc="2" uspid="362" ordinal="0" offset="11" sl="29" sc="9" el="29" ec="9" bec="0" bev="0" fileid="12" />
              </SequencePoints>
              <BranchPoints />
            </Method>
          </Methods>
        </Class>
        <Class>
          <Summary numSequencePoints="10" visitedSequencePoints="10" numBranchPoints="0" visitedBranchPoints="0" sequenceCoverage="100.0" branchCoverage="0.0" maxCyclomaticComplexity="0" minCyclomaticComplexity="0" maxCrapScore="0" minCrapScore="0" visitedClasses="1" numClasses="1" visitedMethods="2" numMethods="2" />
          <FullName>Unity.VRTemplate.VideoPlayerRenderTexture</FullName>
          <Methods>
            <Method visited="true" cyclomaticComplexity="0" nPathComplexity="0" sequenceCoverage="100.0" branchCoverage="0" crapScore="0" isConstructor="false" isStatic="false" isGetter="false" isSetter="false">
              <Summary numSequencePoints="8" visitedSequencePoints="8" numBranchPoints="0" visitedBranchPoints="0" sequenceCoverage="100.0" branchCoverage="0" maxCyclomaticComplexity="0" minCyclomaticComplexity="0" maxCrapScore="0" minCrapScore="0" visitedClasses="0" numClasses="0" visitedMethods="1" numMethods="1" />
              <MetadataToken>100663358</MetadataToken>
              <Name>System.Void Unity.VRTemplate.VideoPlayerRenderTexture::Start()</Name>
              <FileRef uid="13" />
              <SequencePoints>
                <SequencePoint vc="1" uspid="363" ordinal="0" offset="0" sl="31" sc="9" el="31" ec="9" bec="0" bev="0" fileid="13" />
                <SequencePoint vc="1" uspid="364" ordinal="0" offset="1" sl="32" sc="13" el="32" ec="13" bec="0" bev="0" fileid="13" />
                <SequencePoint vc="1" uspid="365" ordinal="0" offset="25" sl="33" sc="13" el="33" ec="13" bec="0" bev="0" fileid="13" />
                <SequencePoint vc="1" uspid="366" ordinal="0" offset="32" sl="34" sc="13" el="34" ec="13" bec="0" bev="0" fileid="13" />
                <SequencePoint vc="1" uspid="367" ordinal="0" offset="48" sl="35" sc="13" el="35" ec="13" bec="0" bev="0" fileid="13" />
                <SequencePoint vc="1" uspid="368" ordinal="0" offset="56" sl="36" sc="13" el="36" ec="13" bec="0" bev="0" fileid="13" />
                <SequencePoint vc="1" uspid="369" ordinal="0" offset="69" sl="37" sc="13" el="37" ec="13" bec="0" bev="0" fileid="13" />
                <SequencePoint vc="1" uspid="370" ordinal="0" offset="82" sl="38" sc="9" el="38" ec="9" bec="0" bev="0" fileid="13" />
              </SequencePoints>
              <BranchPoints />
            </Method>
            <Method visited="true" cyclomaticComplexity="0" nPathComplexity="0" sequenceCoverage="100.0" branchCoverage="0" crapScore="0" isConstructor="true" isStatic="false" isGetter="false" isSetter="false">
              <Summary numSequencePoints="2" visitedSequencePoints="2" numBranchPoints="0" visitedBranchPoints="0" sequenceCoverage="100.0" branchCoverage="0" maxCyclomaticComplexity="0" minCyclomaticComplexity="0" maxCrapScore="0" minCrapScore="0" visitedClasses="0" numClasses="0" visitedMethods="1" numMethods="1" />
              <MetadataToken>100663359</MetadataToken>
              <Name>Unity.VRTemplate.VideoPlayerRenderTexture::VideoPlayerRenderTexture()</Name>
              <FileRef uid="13" />
              <SequencePoints>
                <SequencePoint vc="2" uspid="371" ordinal="0" offset="0" sl="20" sc="9" el="20" ec="9" bec="0" bev="0" fileid="13" />
                <SequencePoint vc="2" uspid="372" ordinal="0" offset="11" sl="24" sc="9" el="24" ec="9" bec="0" bev="0" fileid="13" />
              </SequencePoints>
              <BranchPoints />
            </Method>
          </Methods>
        </Class>
        <Class>
          <Summary numSequencePoints="62" visitedSequencePoints="46" numBranchPoints="0" visitedBranchPoints="0" sequenceCoverage="74.19" branchCoverage="0.0" maxCyclomaticComplexity="0" minCyclomaticComplexity="0" maxCrapScore="0" minCrapScore="0" visitedClasses="1" numClasses="1" visitedMethods="6" numMethods="6" />
          <FullName>Unity.VRTemplate.VideoTimeScrubControl</FullName>
          <Methods>
            <Method visited="true" cyclomaticComplexity="0" nPathComplexity="0" sequenceCoverage="64.29" branchCoverage="0" crapScore="0" isConstructor="false" isStatic="false" isGetter="false" isSetter="false">
              <Summary numSequencePoints="14" visitedSequencePoints="9" numBranchPoints="0" visitedBranchPoints="0" sequenceCoverage="64.29" branchCoverage="0" maxCyclomaticComplexity="0" minCyclomaticComplexity="0" maxCrapScore="0" minCrapScore="0" visitedClasses="0" numClasses="0" visitedMethods="1" numMethods="1" />
              <MetadataToken>100663360</MetadataToken>
              <Name>System.Void Unity.VRTemplate.VideoTimeScrubControl::Start()</Name>
              <FileRef uid="14" />
              <SequencePoints>
                <SequencePoint vc="1" uspid="373" ordinal="0" offset="0" sl="51" sc="9" el="51" ec="9" bec="0" bev="0" fileid="14" />
                <SequencePoint vc="1" uspid="374" ordinal="0" offset="1" sl="52" sc="13" el="52" ec="13" bec="0" bev="0" fileid="14" />
                <SequencePoint vc="1" uspid="375" ordinal="0" offset="13" sl="53" sc="13" el="53" ec="13" bec="0" bev="0" fileid="14" />
                <SequencePoint vc="0" uspid="376" ordinal="0" offset="31" sl="54" sc="13" el="54" ec="13" bec="0" bev="0" fileid="14" />
                <SequencePoint vc="0" uspid="377" ordinal="0" offset="32" sl="55" sc="17" el="55" ec="17" bec="0" bev="0" fileid="14" />
                <SequencePoint vc="0" uspid="378" ordinal="0" offset="45" sl="56" sc="17" el="56" ec="17" bec="0" bev="0" fileid="14" />
                <SequencePoint vc="0" uspid="379" ordinal="0" offset="57" sl="57" sc="17" el="57" ec="17" bec="0" bev="0" fileid="14" />
                <SequencePoint vc="0" uspid="380" ordinal="0" offset="64" sl="58" sc="13" el="58" ec="13" bec="0" bev="0" fileid="14" />
                <SequencePoint vc="1" uspid="381" ordinal="0" offset="67" sl="60" sc="13" el="60" ec="13" bec="0" bev="0" fileid="14" />
                <SequencePoint vc="1" uspid="382" ordinal="0" offset="68" sl="61" sc="17" el="61" ec="17" bec="0" bev="0" fileid="14" />
                <SequencePoint vc="1" uspid="383" ordinal="0" offset="75" sl="62" sc="13" el="62" ec="13" bec="0" bev="0" fileid="14" />
                <SequencePoint vc="1" uspid="384" ordinal="0" offset="76" sl="64" sc="13" el="64" ec="13" bec="0" bev="0" fileid="14" />
                <SequencePoint vc="1" uspid="385" ordinal="0" offset="92" sl="65" sc="17" el="65" ec="17" bec="0" bev="0" fileid="14" />
                <SequencePoint vc="1" uspid="386" ordinal="0" offset="105" sl="66" sc="9" el="66" ec="9" bec="0" bev="0" fileid="14" />
              </SequencePoints>
              <BranchPoints />
            </Method>
            <Method visited="true" cyclomaticComplexity="0" nPathComplexity="0" sequenceCoverage="58.33" branchCoverage="0" crapScore="0" isConstructor="false" isStatic="false" isGetter="false" isSetter="false">
              <Summary numSequencePoints="12" visitedSequencePoints="7" numBranchPoints="0" visitedBranchPoints="0" sequenceCoverage="58.33" branchCoverage="0" maxCyclomaticComplexity="0" minCyclomaticComplexity="0" maxCrapScore="0" minCrapScore="0" visitedClasses="0" numClasses="0" visitedMethods="1" numMethods="1" />
              <MetadataToken>100663361</MetadataToken>
              <Name>System.Void Unity.VRTemplate.VideoTimeScrubControl::OnEnable()</Name>
              <FileRef uid="14" />
              <SequencePoints>
                <SequencePoint vc="1" uspid="387" ordinal="0" offset="0" sl="69" sc="9" el="69" ec="9" bec="0" bev="0" fileid="14" />
                <SequencePoint vc="1" uspid="388" ordinal="0" offset="1" sl="70" sc="13" el="70" ec="13" bec="0" bev="0" fileid="14" />
                <SequencePoint vc="0" uspid="389" ordinal="0" offset="17" sl="71" sc="13" el="71" ec="13" bec="0" bev="0" fileid="14" />
                <SequencePoint vc="0" uspid="390" ordinal="0" offset="18" sl="72" sc="17" el="72" ec="17" bec="0" bev="0" fileid="14" />
                <SequencePoint vc="0" uspid="391" ordinal="0" offset="32" sl="73" sc="17" el="73" ec="17" bec="0" bev="0" fileid="14" />
                <SequencePoint vc="0" uspid="392" ordinal="0" offset="39" sl="74" sc="13" el="74" ec="13" bec="0" bev="0" fileid="14" />
                <SequencePoint vc="1" uspid="393" ordinal="0" offset="40" sl="76" sc="13" el="76" ec="13" bec="0" bev="0" fileid="14" />
                <SequencePoint vc="1" uspid="394" ordinal="0" offset="57" sl="77" sc="13" el="77" ec="13" bec="0" bev="0" fileid="14" />
                <SequencePoint vc="1" uspid="395" ordinal="0" offset="86" sl="78" sc="13" el="78" ec="13" bec="0" bev="0" fileid="14" />
                <SequencePoint vc="1" uspid="396" ordinal="0" offset="104" sl="79" sc="13" el="79" ec="13" bec="0" bev="0" fileid="14" />
                <SequencePoint vc="0" uspid="397" ordinal="0" offset="114" sl="80" sc="17" el="80" ec="17" bec="0" bev="0" fileid="14" />
                <SequencePoint vc="1" uspid="398" ordinal="0" offset="132" sl="81" sc="9" el="81" ec="9" bec="0" bev="0" fileid="14" />
              </SequencePoints>
              <BranchPoints />
            </Method>
            <Method visited="true" cyclomaticComplexity="0" nPathComplexity="0" sequenceCoverage="64.71" branchCoverage="0" crapScore="0" isConstructor="false" isStatic="false" isGetter="false" isSetter="false">
              <Summary numSequencePoints="17" visitedSequencePoints="11" numBranchPoints="0" visitedBranchPoints="0" sequenceCoverage="64.71" branchCoverage="0" maxCyclomaticComplexity="0" minCyclomaticComplexity="0" maxCrapScore="0" minCrapScore="0" visitedClasses="0" numClasses="0" visitedMethods="1" numMethods="1" />
              <MetadataToken>100663362</MetadataToken>
              <Name>System.Void Unity.VRTemplate.VideoTimeScrubControl::Update()</Name>
              <FileRef uid="14" />
              <SequencePoints>
                <SequencePoint vc="4392" uspid="399" ordinal="0" offset="0" sl="84" sc="9" el="84" ec="9" bec="0" bev="0" fileid="14" />
                <SequencePoint vc="4392" uspid="400" ordinal="0" offset="1" sl="85" sc="13" el="85" ec="13" bec="0" bev="0" fileid="14" />
                <SequencePoint vc="0" uspid="401" ordinal="0" offset="11" sl="86" sc="13" el="86" ec="13" bec="0" bev="0" fileid="14" />
                <SequencePoint vc="0" uspid="402" ordinal="0" offset="12" sl="88" sc="17" el="88" ec="17" bec="0" bev="0" fileid="14" />
                <SequencePoint vc="0" uspid="403" ordinal="0" offset="35" sl="89" sc="21" el="89" ec="21" bec="0" bev="0" fileid="14" />
                <SequencePoint vc="0" uspid="404" ordinal="0" offset="37" sl="92" sc="17" el="92" ec="17" bec="0" bev="0" fileid="14" />
                <SequencePoint vc="0" uspid="405" ordinal="0" offset="52" sl="93" sc="17" el="93" ec="17" bec="0" bev="0" fileid="14" />
                <SequencePoint vc="0" uspid="406" ordinal="0" offset="59" sl="94" sc="13" el="94" ec="13" bec="0" bev="0" fileid="14" />
                <SequencePoint vc="4392" uspid="407" ordinal="0" offset="60" sl="96" sc="13" el="96" ec="13" bec="0" bev="0" fileid="14" />
                <SequencePoint vc="4392" uspid="408" ordinal="0" offset="84" sl="97" sc="13" el="97" ec="13" bec="0" bev="0" fileid="14" />
                <SequencePoint vc="4392" uspid="409" ordinal="0" offset="85" sl="98" sc="17" el="98" ec="17" bec="0" bev="0" fileid="14" />
                <SequencePoint vc="4392" uspid="410" ordinal="0" offset="104" sl="99" sc="17" el="99" ec="17" bec="0" bev="0" fileid="14" />
                <SequencePoint vc="4392" uspid="411" ordinal="0" offset="105" sl="100" sc="21" el="100" ec="21" bec="0" bev="0" fileid="14" />
                <SequencePoint vc="4392" uspid="412" ordinal="0" offset="133" sl="101" sc="21" el="101" ec="21" bec="0" bev="0" fileid="14" />
                <SequencePoint vc="4392" uspid="413" ordinal="0" offset="147" sl="102" sc="17" el="102" ec="17" bec="0" bev="0" fileid="14" />
                <SequencePoint vc="4392" uspid="414" ordinal="0" offset="148" sl="103" sc="13" el="103" ec="13" bec="0" bev="0" fileid="14" />
                <SequencePoint vc="4392" uspid="415" ordinal="0" offset="149" sl="104" sc="9" el="104" ec="9" bec="0" bev="0" fileid="14" />
              </SequencePoints>
              <BranchPoints />
            </Method>
            <Method visited="true" cyclomaticComplexity="0" nPathComplexity="0" sequenceCoverage="100.0" branchCoverage="0" crapScore="0" isConstructor="false" isStatic="false" isGetter="false" isSetter="false">
              <Summary numSequencePoints="3" visitedSequencePoints="3" numBranchPoints="0" visitedBranchPoints="0" sequenceCoverage="100.0" branchCoverage="0" maxCyclomaticComplexity="0" minCyclomaticComplexity="0" maxCrapScore="0" minCrapScore="0" visitedClasses="0" numClasses="0" visitedMethods="1" numMethods="1" />
              <MetadataToken>100663365</MetadataToken>
              <Name>System.Void Unity.VRTemplate.VideoTimeScrubControl::OnSliderValueChange(System.Single)</Name>
              <FileRef uid="14" />
              <SequencePoints>
                <SequencePoint vc="585" uspid="426" ordinal="0" offset="0" sl="121" sc="9" el="121" ec="9" bec="0" bev="0" fileid="14" />
                <SequencePoint vc="585" uspid="427" ordinal="0" offset="1" sl="122" sc="13" el="122" ec="13" bec="0" bev="0" fileid="14" />
                <SequencePoint vc="585" uspid="428" ordinal="0" offset="8" sl="123" sc="9" el="123" ec="9" bec="0" bev="0" fileid="14" />
              </SequencePoints>
              <BranchPoints />
            </Method>
            <Method visited="true" cyclomaticComplexity="0" nPathComplexity="0" sequenceCoverage="100.0" branchCoverage="0" crapScore="0" isConstructor="false" isStatic="false" isGetter="false" isSetter="false">
              <Summary numSequencePoints="10" visitedSequencePoints="10" numBranchPoints="0" visitedBranchPoints="0" sequenceCoverage="100.0" branchCoverage="0" maxCyclomaticComplexity="0" minCyclomaticComplexity="0" maxCrapScore="0" minCrapScore="0" visitedClasses="0" numClasses="0" visitedMethods="1" numMethods="1" />
              <MetadataToken>100663370</MetadataToken>
              <Name>System.Void Unity.VRTemplate.VideoTimeScrubControl::UpdateVideoTimeText()</Name>
              <FileRef uid="14" />
              <SequencePoints>
                <SequencePoint vc="585" uspid="448" ordinal="0" offset="0" sl="158" sc="9" el="158" ec="9" bec="0" bev="0" fileid="14" />
[...]
          <FullName>UnityEngine.XR.Interaction.Toolkit.Samples.StarterAssets.GazeInputManager</FullName>
          <Methods>
            <Method visited="true" cyclomaticComplexity="0" nPathComplexity="0" sequenceCoverage="66.67" branchCoverage="0" crapScore="0" isConstructor="false" isStatic="false" isGetter="false" isSetter="false">
              <Summary numSequencePoints="24" visitedSequencePoints="16" numBranchPoints="0" visitedBranchPoints="0" sequenceCoverage="66.67" branchCoverage="0" maxCyclomaticComplexity="0" minCyclomaticComplexity="0" maxCrapScore="0" minCrapScore="0" visitedClasses="0" numClasses="0" visitedMethods="1" numMethods="1" />
              <MetadataToken>100663386</MetadataToken>
              <Name>System.Void UnityEngine.XR.Interaction.Toolkit.Samples.StarterAssets.GazeInputManager::Awake()</Name>
              <FileRef uid="46" />
              <SequencePoints>
                <SequencePoint vc="1" uspid="3310" ordinal="0" offset="0" sl="34" sc="9" el="34" ec="9" bec="0" bev="0" fileid="46" />
                <SequencePoint vc="1" uspid="3311" ordinal="0" offset="1" sl="36" sc="13" el="36" ec="13" bec="0" bev="0" fileid="46" />
                <SequencePoint vc="1" uspid="3312" ordinal="0" offset="7" sl="37" sc="13" el="37" ec="13" bec="0" bev="0" fileid="46" />
                <SequencePoint vc="1" uspid="3313" ordinal="0" offset="16" sl="38" sc="13" el="38" ec="13" bec="0" bev="0" fileid="46" />
                <SequencePoint vc="0" uspid="3314" ordinal="0" offset="29" sl="39" sc="13" el="39" ec="13" bec="0" bev="0" fileid="46" />
                <SequencePoint vc="0" uspid="3315" ordinal="0" offset="30" sl="40" sc="17" el="40" ec="17" bec="0" bev="0" fileid="46" />
                <SequencePoint vc="0" uspid="3316" ordinal="0" offset="42" sl="41" sc="17" el="41" ec="17" bec="0" bev="0" fileid="46" />
                <SequencePoint vc="0" uspid="3317" ordinal="0" offset="49" sl="42" sc="17" el="42" ec="17" bec="0" bev="0" fileid="46" />
                <SequencePoint vc="1" uspid="3318" ordinal="0" offset="54" sl="45" sc="13" el="45" ec="13" bec="0" bev="0" fileid="46" />
                <SequencePoint vc="1" uspid="3319" ordinal="0" offset="55" sl="45" sc="36" el="45" ec="36" bec="0" bev="0" fileid="46" />
                <SequencePoint vc="6" uspid="3320" ordinal="0" offset="71" sl="45" sc="22" el="45" ec="22" bec="0" bev="0" fileid="46" />
                <SequencePoint vc="6" uspid="3321" ordinal="0" offset="80" sl="46" sc="13" el="46" ec="13" bec="0" bev="0" fileid="46" />
                <SequencePoint vc="6" uspid="3322" ordinal="0" offset="81" sl="47" sc="17" el="47" ec="17" bec="0" bev="0" fileid="46" />
                <SequencePoint vc="0" uspid="3323" ordinal="0" offset="104" sl="48" sc="17" el="48" ec="17" bec="0" bev="0" fileid="46" />
                <SequencePoint vc="0" uspid="3324" ordinal="0" offset="105" sl="49" sc="21" el="49" ec="21" bec="0" bev="0" fileid="46" />
                <SequencePoint vc="0" uspid="3325" ordinal="0" offset="117" sl="50" sc="21" el="50" ec="21" bec="0" bev="0" fileid="46" />
                <SequencePoint vc="0" uspid="3326" ordinal="0" offset="124" sl="51" sc="21" el="51" ec="21" bec="0" bev="0" fileid="46" />
                <SequencePoint vc="6" uspid="3327" ordinal="0" offset="126" sl="53" sc="13" el="53" ec="13" bec="0" bev="0" fileid="46" />
                <SequencePoint vc="7" uspid="3328" ordinal="0" offset="127" sl="45" sc="33" el="45" ec="33" bec="0" bev="0" fileid="46" />
                <SequencePoint vc="1" uspid="3329" ordinal="0" offset="153" sl="55" sc="13" el="55" ec="13" bec="0" bev="0" fileid="46" />
                <SequencePoint vc="1" uspid="3330" ordinal="0" offset="171" sl="57" sc="13" el="57" ec="13" bec="0" bev="0" fileid="46" />
                <SequencePoint vc="1" uspid="3331" ordinal="0" offset="189" sl="58" sc="13" el="58" ec="13" bec="0" bev="0" fileid="46" />
                <SequencePoint vc="1" uspid="3332" ordinal="0" offset="207" sl="60" sc="13" el="60" ec="13" bec="0" bev="0" fileid="46" />
                <SequencePoint vc="1" uspid="3333" ordinal="0" offset="225" sl="61" sc="9" el="61" ec="9" bec="0" bev="0" fileid="46" />
              </SequencePoints>
              <BranchPoints />
            </Method>
            <Method visited="true" cyclomaticComplexity="0" nPathComplexity="0" sequenceCoverage="100.0" branchCoverage="0" crapScore="0" isConstructor="false" isStatic="false" isGetter="false" isSetter="false">
              <Summary numSequencePoints="4" visitedSequencePoints="4" numBranchPoints="0" visitedBranchPoints="0" sequenceCoverage="100.0" branchCoverage="0" maxCyclomaticComplexity="0" minCyclomaticComplexity="0" maxCrapScore="0" minCrapScore="0" visitedClasses="0" numClasses="0" visitedMethods="1" numMethods="1" />
              <MetadataToken>100663387</MetadataToken>
              <Name>System.Void UnityEngine.XR.Interaction.Toolkit.Samples.StarterAssets.GazeInputManager::OnDestroy()</Name>
              <FileRef uid="46" />
              <SequencePoints>
                <SequencePoint vc="1" uspid="3334" ordinal="0" offset="0" sl="67" sc="9" el="67" ec="9" bec="0" bev="0" fileid="46" />
                <SequencePoint vc="1" uspid="3335" ordinal="0" offset="1" sl="68" sc="13" el="68" ec="13" bec="0" bev="0" fileid="46" />
                <SequencePoint vc="1" uspid="3336" ordinal="0" offset="19" sl="69" sc="13" el="69" ec="13" bec="0" bev="0" fileid="46" />
                <SequencePoint vc="1" uspid="3337" ordinal="0" offset="37" sl="70" sc="9" el="70" ec="9" bec="0" bev="0" fileid="46" />
              </SequencePoints>
              <BranchPoints />
            </Method>
            <Method visited="true" cyclomaticComplexity="0" nPathComplexity="0" sequenceCoverage="40.00" branchCoverage="0" crapScore="0" isConstructor="false" isStatic="false" isGetter="false" isSetter="false">
              <Summary numSequencePoints="10" visitedSequencePoints="4" numBranchPoints="0" visitedBranchPoints="0" sequenceCoverage="40.00" branchCoverage="0" maxCyclomaticComplexity="0" minCyclomaticComplexity="0" maxCrapScore="0" minCrapScore="0" visitedClasses="0" numClasses="0" visitedMethods="1" numMethods="1" />
              <MetadataToken>100663389</MetadataToken>
              <Name>System.Void UnityEngine.XR.Interaction.Toolkit.Samples.StarterAssets.GazeInputManager::OnDeviceChange(UnityEngine.InputSystem.InputDevice, UnityEngine.InputSystem.InputDeviceChange)</Name>
              <FileRef uid="46" />
              <SequencePoints>
                <SequencePoint vc="30" uspid="3345" ordinal="0" offset="0" sl="83" sc="9" el="83" ec="9" bec="0" bev="0" fileid="46" />
                <SequencePoint vc="30" uspid="3346" ordinal="0" offset="1" sl="84" sc="13" el="84" ec="13" bec="0" bev="0" fileid="46" />
                <SequencePoint vc="30" uspid="3347" ordinal="0" offset="20" sl="85" sc="17" el="85" ec="17" bec="0" bev="0" fileid="46" />
                <SequencePoint vc="0" uspid="3348" ordinal="0" offset="22" sl="87" sc="13" el="87" ec="13" bec="0" bev="0" fileid="46" />
                <SequencePoint vc="0" uspid="3349" ordinal="0" offset="42" sl="88" sc="13" el="88" ec="13" bec="0" bev="0" fileid="46" />
                <SequencePoint vc="0" uspid="3350" ordinal="0" offset="43" sl="89" sc="17" el="89" ec="17" bec="0" bev="0" fileid="46" />
                <SequencePoint vc="0" uspid="3351" ordinal="0" offset="55" sl="90" sc="17" el="90" ec="17" bec="0" bev="0" fileid="46" />
                <SequencePoint vc="0" uspid="3352" ordinal="0" offset="62" sl="91" sc="17" el="91" ec="17" bec="0" bev="0" fileid="46" />
                <SequencePoint vc="0" uspid="3353" ordinal="0" offset="75" sl="92" sc="13" el="92" ec="13" bec="0" bev="0" fileid="46" />
                <SequencePoint vc="30" uspid="3354" ordinal="0" offset="76" sl="93" sc="9" el="93" ec="9" bec="0" bev="0" fileid="46" />
              </SequencePoints>
              <BranchPoints />
            </Method>
            <Method visited="true" cyclomaticComplexity="0" nPathComplexity="0" sequenceCoverage="100.0" branchCoverage="0" crapScore="0" isConstructor="true" isStatic="false" isGetter="false" isSetter="false">
              <Summary numSequencePoints="1" visitedSequencePoints="1" numBranchPoints="0" visitedBranchPoints="0" sequenceCoverage="100.0" branchCoverage="0" maxCyclomaticComplexity="0" minCyclomaticComplexity="0" maxCrapScore="0" minCrapScore="0" visitedClasses="0" numClasses="0" visitedMethods="1" numMethods="1" />
              <MetadataToken>100663390</MetadataToken>
              <Name>UnityEngine.XR.Interaction.Toolkit.Samples.StarterAssets.GazeInputManager::GazeInputManager()</Name>
              <FileRef uid="46" />
              <SequencePoints>
                <SequencePoint vc="2" uspid="3355" ordinal="0" offset="0" sl="16" sc="9" el="16" ec="9" bec="0" bev="0" fileid="46" />
              </SequencePoints>
              <BranchPoints />
            </Method>
          </Methods>
        </Class>
      </Classes>
    </Module>
    <Module>
      <Summary numSequencePoints="33" visitedSequencePoints="30" numBranchPoints="0" visitedBranchPoints="0" sequenceCoverage="90.91" branchCoverage="0.0" maxCyclomaticComplexity="0" minCyclomaticComplexity="0" maxCrapScore="0" minCrapScore="0" visitedClasses="2" numClasses="2" visitedMethods="5" numMethods="5" />
      <ModuleTime>0001-01-01T00:00:00</ModuleTime>
      <ModuleName>Unity.XR.Interaction.Toolkit.Samples.StarterAssets.Editor</ModuleName>
      <Files>
        <File uid="52" fullPath="/Users/ruizhengu/Projects/XRIExample/Assets/Samples/XR Interaction Toolkit/3.0.7/Starter Assets/Editor/Scripts/StarterAssetsSampleProjectValidation.cs" />
      </Files>
      <Classes>
        <Class>
          <Summary numSequencePoints="31" visitedSequencePoints="28" numBranchPoints="0" visitedBranchPoints="0" sequenceCoverage="90.32" branchCoverage="0.0" maxCyclomaticComplexity="0" minCyclomaticComplexity="0" maxCrapScore="0" minCrapScore="0" visitedClasses="1" numClasses="1" visitedMethods="3" numMethods="3" />
          <FullName>UnityEditor.XR.Interaction.Toolkit.Samples.StarterAssetsSampleProjectValidation</FullName>
          <Methods>
            <Method visited="true" cyclomaticComplexity="0" nPathComplexity="0" sequenceCoverage="100.0" branchCoverage="0" crapScore="0" isConstructor="false" isStatic="true" isGetter="false" isSetter="false">
              <Summary numSequencePoints="16" visitedSequencePoints="16" numBranchPoints="0" visitedBranchPoints="0" sequenceCoverage="100.0" branchCoverage="0" maxCyclomaticComplexity="0" minCyclomaticComplexity="0" maxCrapScore="0" minCrapScore="0" visitedClasses="0" numClasses="0" visitedMethods="1" numMethods="1" />
              <MetadataToken>100663300</MetadataToken>
              <Name>static System.Void UnityEditor.XR.Interaction.Toolkit.Samples.StarterAssetsSampleProjectValidation::AddRulesAndRunCheck()</Name>
              <FileRef uid="52" />
              <SequencePoints>
                <SequencePoint vc="1" uspid="3741" ordinal="0" offset="0" sl="53" sc="9" el="53" ec="9" bec="0" bev="0" fileid="52" />
                <SequencePoint vc="1" uspid="3742" ordinal="0" offset="1" sl="54" sc="13" el="54" ec="13" bec="0" bev="0" fileid="52" />
                <SequencePoint vc="1" uspid="3743" ordinal="0" offset="21" sl="55" sc="13" el="55" ec="13" bec="0" bev="0" fileid="52" />
                <SequencePoint vc="1" uspid="3744" ordinal="0" offset="22" sl="56" sc="17" el="56" ec="17" bec="0" bev="0" fileid="52" />
                <SequencePoint vc="1" uspid="3745" ordinal="0" offset="228" sl="75" sc="17" el="75" ec="17" bec="0" bev="0" fileid="52" />
                <SequencePoint vc="1" uspid="3746" ordinal="0" offset="398" sl="95" sc="17" el="95" ec="17" bec="0" bev="0" fileid="52" />
                <SequencePoint vc="1" uspid="3747" ordinal="0" offset="695" sl="112" sc="13" el="112" ec="13" bec="0" bev="0" fileid="52" />
                <SequencePoint vc="1" uspid="3748" ordinal="0" offset="696" sl="114" sc="13" el="114" ec="13" bec="0" bev="0" fileid="52" />
                <SequencePoint vc="1" uspid="3749" ordinal="0" offset="697" sl="114" sc="46" el="114" ec="46" bec="0" bev="0" fileid="52" />
                <SequencePoint vc="32" uspid="3750" ordinal="0" offset="707" sl="114" sc="22" el="114" ec="22" bec="0" bev="0" fileid="52" />
                <SequencePoint vc="32" uspid="3751" ordinal="0" offset="712" sl="115" sc="13" el="115" ec="13" bec="0" bev="0" fileid="52" />
                <SequencePoint vc="32" uspid="3752" ordinal="0" offset="713" sl="116" sc="17" el="116" ec="17" bec="0" bev="0" fileid="52" />
                <SequencePoint vc="32" uspid="3753" ordinal="0" offset="726" sl="117" sc="13" el="117" ec="13" bec="0" bev="0" fileid="52" />
                <SequencePoint vc="33" uspid="3754" ordinal="0" offset="731" sl="114" sc="43" el="114" ec="43" bec="0" bev="0" fileid="52" />
                <SequencePoint vc="1" uspid="3755" ordinal="0" offset="737" sl="119" sc="13" el="119" ec="13" bec="0" bev="0" fileid="52" />
                <SequencePoint vc="1" uspid="3756" ordinal="0" offset="743" sl="120" sc="9" el="120" ec="9" bec="0" bev="0" fileid="52" />
              </SequencePoints>
              <BranchPoints />
            </Method>
            <Method visited="true" cyclomaticComplexity="0" nPathComplexity="0" sequenceCoverage="75.00" branchCoverage="0" crapScore="0" isConstructor="false" isStatic="true" isGetter="false" isSetter="false">
              <Summary numSequencePoints="12" visitedSequencePoints="9" numBranchPoints="0" visitedBranchPoints="0" sequenceCoverage="75.00" branchCoverage="0" maxCyclomaticComplexity="0" minCyclomaticComplexity="0" maxCrapScore="0" minCrapScore="0" visitedClasses="0" numClasses="0" visitedMethods="1" numMethods="1" />
              <MetadataToken>100663301</MetadataToken>
              <Name>static System.Void UnityEditor.XR.Interaction.Toolkit.Samples.StarterAssetsSampleProjectValidation::ShowWindowIfIssuesExist()</Name>
              <FileRef uid="52" />
              <SequencePoints>
                <SequencePoint vc="1" uspid="3757" ordinal="0" offset="0" sl="123" sc="9" el="123" ec="9" bec="0" bev="0" fileid="52" />
                <SequencePoint vc="1" uspid="3758" ordinal="0" offset="1" sl="124" sc="13" el="124" ec="13" bec="0" bev="0" fileid="52" />
                <SequencePoint vc="1" uspid="3759" ordinal="0" offset="2" sl="124" sc="40" el="124" ec="40" bec="0" bev="0" fileid="52" />
                <SequencePoint vc="3" uspid="3760" ordinal="0" offset="15" sl="124" sc="22" el="124" ec="22" bec="0" bev="0" fileid="52" />
                <SequencePoint vc="3" uspid="3761" ordinal="0" offset="23" sl="125" sc="13" el="125" ec="13" bec="0" bev="0" fileid="52" />
                <SequencePoint vc="3" uspid="3762" ordinal="0" offset="24" sl="126" sc="17" el="126" ec="17" bec="0" bev="0" fileid="52" />
                <SequencePoint vc="0" uspid="3763" ordinal="0" offset="53" sl="127" sc="17" el="127" ec="17" bec="0" bev="0" fileid="52" />
                <SequencePoint vc="0" uspid="3764" ordinal="0" offset="54" sl="128" sc="21" el="128" ec="21" bec="0" bev="0" fileid="52" />
                <SequencePoint vc="0" uspid="3765" ordinal="0" offset="60" sl="129" sc="21" el="129" ec="21" bec="0" bev="0" fileid="52" />
                <SequencePoint vc="3" uspid="3766" ordinal="0" offset="62" sl="131" sc="13" el="131" ec="13" bec="0" bev="0" fileid="52" />
                <SequencePoint vc="4" uspid="3767" ordinal="0" offset="63" sl="124" sc="37" el="124" ec="37" bec="0" bev="0" fileid="52" />
                <SequencePoint vc="1" uspid="3768" ordinal="0" offset="89" sl="132" sc="9" el="132" ec="9" bec="0" bev="0" fileid="52" />
              </SequencePoints>
              <BranchPoints />
            </Method>
            <Method visited="true" cyclomaticComplexity="0" nPathComplexity="0" sequenceCoverage="100.0" branchCoverage="0" crapScore="0" isConstructor="false" isStatic="true" isGetter="false" isSetter="false">
              <Summary numSequencePoints="3" visitedSequencePoints="3" numBranchPoints="0" visitedBranchPoints="0" sequenceCoverage="100.0" branchCoverage="0" maxCyclomaticComplexity="0" minCyclomaticComplexity="0" maxCrapScore="0" minCrapScore="0" visitedClasses="0" numClasses="0" visitedMethods="1" numMethods="1" />
              <MetadataToken>100663303</MetadataToken>
              <Name>static System.Boolean UnityEditor.XR.Interaction.Toolkit.Samples.StarterAssetsSampleProjectValidation::IsInteractionLayerTeleport()</Name>
              <FileRef uid="52" />
              <SequencePoints>
                <SequencePoint vc="2" uspid="3772" ordinal="0" offset="0" sl="145" sc="9" el="145" ec="9" bec="0" bev="0" fileid="52" />
                <SequencePoint vc="2" uspid="3773" ordinal="0" offset="1" sl="146" sc="13" el="146" ec="13" bec="0" bev="0" fileid="52" />
                <SequencePoint vc="2" uspid="3774" ordinal="0" offset="27" sl="147" sc="9" el="147" ec="9" bec="0" bev="0" fileid="52" />
              </SequencePoints>
              <BranchPoints />
            </Method>
          </Methods>
        </Class>
        <Class>
          <Summary numSequencePoints="2" visitedSequencePoints="2" numBranchPoints="0" visitedBranchPoints="0" sequenceCoverage="100.0" branchCoverage="0.0" maxCyclomaticComplexity="0" minCyclomaticComplexity="0" maxCrapScore="0" minCrapScore="0" visitedClasses="1" numClasses="1" visitedMethods="2" numMethods="2" />
          <FullName>UnityEditor.XR.Interaction.Toolkit.Samples.StarterAssetsSampleProjectValidation/&lt;&gt;c</FullName>
          <Methods>
            <Method visited="true" cyclomaticComplexity="0" nPathComplexity="0" sequenceCoverage="100.0" branchCoverage="0" crapScore="0" isConstructor="false" isStatic="false" isGetter="false" isSetter="false">
              <Summary numSequencePoints="1" visitedSequencePoints="1" numBranchPoints="0" visitedBranchPoints="0" sequenceCoverage="100.0" branchCoverage="0" maxCyclomaticComplexity="0" minCyclomaticComplexity="0" maxCrapScore="0" minCrapScore="0" visitedClasses="0" numClasses="0" visitedMethods="1" numMethods="1" />
              <MetadataToken>100663312</MetadataToken>
              <Name>System.Boolean UnityEditor.XR.Interaction.Toolkit.Samples.StarterAssetsSampleProjectValidation/&lt;&gt;c::&lt;AddRulesAndRunCheck&gt;b__15_2()</Name>
              <FileRef uid="52" />
              <SequencePoints>
                <SequencePoint vc="1" uspid="3812" ordinal="0" offset="0" sl="81" sc="48" el="81" ec="48" bec="0" bev="0" fileid="52" />
              </SequencePoints>
              <BranchPoints />
            </Method>
            <Method visited="true" cyclomaticComplexity="0" nPathComplexity="0" sequenceCoverage="100.0" branchCoverage="0" crapScore="0" isConstructor="false" isStatic="false" isGetter="false" isSetter="false">
              <Summary numSequencePoints="1" visitedSequencePoints="1" numBranchPoints="0" visitedBranchPoints="0" sequenceCoverage="100.0" branchCoverage="0" maxCyclomaticComplexity="0" minCyclomaticComplexity="0" maxCrapScore="0" minCrapScore="0" visitedClasses="0" numClasses="0" visitedMethods="1" numMethods="1" />
              <MetadataToken>100663315</MetadataToken>
              <Name>System.Boolean UnityEditor.XR.Interaction.Toolkit.Samples.StarterAssetsSampleProjectValidation/&lt;&gt;c::&lt;AddRulesAndRunCheck&gt;b__15_5()</Name>
              <FileRef uid="52" />
              <SequencePoints>
                <SequencePoint vc="1" uspid="3821" ordinal="0" offset="0" sl="101" sc="48" el="101" ec="48" bec="0" bev="0" fileid="52" />
              </SequencePoints>
              <BranchPoints />
            </Method>
          </Methods>
        </Class>
      </Classes>
    </Module>
  </Modules>
</CoverageSession>